<?xml version="1.0" encoding="UTF-8"?>
<testsuite xmlns:xsi="http://www.w3.org/2001/XMLSchema-instance" xsi:noNamespaceSchemaLocation="https://maven.apache.org/surefire/maven-surefire-plugin/xsd/surefire-test-report-3.0.xsd" version="3.0" name="com.example.biblioteca_ms_libros.BibliotecaMsLibrosApplicationTests" time="13.203" tests="1" errors="0" skipped="0" failures="0">
  <properties>
[...]
</properties>
  <testcase name="contextLoads" classname="com.example.biblioteca_ms_libros.BibliotecaMsLibrosApplicationTests" time="0.906">
    <system-out><![CDATA[19:06:28.040 [main] INFO org.springframework.test.context.support.AnnotationConfigContextLoaderUtils -- Could not detect default configuration classes for test class [com.example.biblioteca_ms_libros.BibliotecaMsLibrosApplicationTests]: BibliotecaMsLibrosApplicationTests does not declare any static, non-private, non-final, nested classes annotated with @Configuration.
19:06:28.252 [main] INFO org.springframework.boot.test.context.SpringBootTestContextBootstrapper -- Found @SpringBootConfiguration com.example.biblioteca_ms_libros.BibliotecaMsLibrosApplication for test class com.example.biblioteca_ms_libros.BibliotecaMsLibrosApplicationTests
19:06:28.526 [main] INFO org.springframework.boot.devtools.restart.RestartApplicationListener -- Restart disabled due to context in which it is running

  .   ____          _            __ _ _
 /\\ / ___'_ __ _ _(_)_ __  __ _ \ \ \ \
( ( )\___ | '_ | '_| | '_ \/ _` | \ \ \ \
 \\/  ___)| |_)| | | | | || (_| |  ) ) ) )
  '  |____| .__|_| |_|_| |_\__, | / / / /
 =========|_|==============|___/=/_/_/_/

 :: Spring Boot ::                (v3.3.4)

2024-10-20T19:06:29.052-03:00 DEBUG 16480 --- [biblioteca-ms-libros] [kground-preinit] o.h.v.i.xml.config.ValidationXmlParser   : Trying to load META-INF/validation.xml for XML based Validator configuration.
2024-10-20T19:06:29.057-03:00 DEBUG 16480 --- [biblioteca-ms-libros] [kground-preinit] o.h.v.i.xml.config.ResourceLoaderHelper  : Trying to load META-INF/validation.xml via TCCL
2024-10-20T19:06:29.058-03:00 DEBUG 16480 --- [biblioteca-ms-libros] [kground-preinit] o.h.v.i.xml.config.ResourceLoaderHelper  : Trying to load META-INF/validation.xml via Hibernate Validator's class loader
2024-10-20T19:06:29.059-03:00 DEBUG 16480 --- [biblioteca-ms-libros] [kground-preinit] o.h.v.i.xml.config.ValidationXmlParser   : No META-INF/validation.xml found. Using annotation based configuration only.
2024-10-20T19:06:29.066-03:00  INFO 16480 --- [biblioteca-ms-libros] [           main] c.e.b.BibliotecaMsLibrosApplicationTests : Starting BibliotecaMsLibrosApplicationTests using Java 23.0.1 with PID 16480 (started by gonzaloduranadasme in C:\Users\gonzaloduranadasme\Documents\GitHub\FS3_Formativa\biblioteca-ms-libros)
2024-10-20T19:06:29.069-03:00  INFO 16480 --- [biblioteca-ms-libros] [           main] c.e.b.BibliotecaMsLibrosApplicationTests : No active profile set, falling back to 1 default profile: "default"
2024-10-20T19:06:29.070-03:00 DEBUG 16480 --- [biblioteca-ms-libros] [kground-preinit] o.h.v.i.e.resolver.TraversableResolvers  : Found jakarta.persistence.Persistence on classpath containing 'getPersistenceUtil'. Assuming JPA 2 environment. Trying to instantiate JPA aware TraversableResolver
2024-10-20T19:06:29.070-03:00 DEBUG 16480 --- [biblioteca-ms-libros] [           main] o.s.boot.SpringApplication               : Loading source class com.example.biblioteca_ms_libros.BibliotecaMsLibrosApplication
2024-10-20T19:06:29.071-03:00 DEBUG 16480 --- [biblioteca-ms-libros] [kground-preinit] o.h.v.i.e.resolver.TraversableResolvers  : Instantiated JPA aware TraversableResolver of type org.hibernate.validator.internal.engine.resolver.JPATraversableResolver.
2024-10-20T19:06:29.102-03:00 DEBUG 16480 --- [biblioteca-ms-libros] [kground-preinit] .h.v.m.ResourceBundleMessageInterpolator : Loaded expression factory via original TCCL
2024-10-20T19:06:29.145-03:00 DEBUG 16480 --- [biblioteca-ms-libros] [           main] o.s.w.c.s.GenericWebApplicationContext   : Refreshing org.springframework.web.context.support.GenericWebApplicationContext@6e0d4a8
2024-10-20T19:06:29.187-03:00 DEBUG 16480 --- [biblioteca-ms-libros] [           main] o.s.b.f.s.DefaultListableBeanFactory     : Creating shared instance of singleton bean 'org.springframework.context.annotation.internalConfigurationAnnotationProcessor'
2024-10-20T19:06:29.215-03:00 DEBUG 16480 --- [biblioteca-ms-libros] [           main] o.s.b.f.s.DefaultListableBeanFactory     : Creating shared instance of singleton bean 'org.springframework.boot.autoconfigure.internalCachingMetadataReaderFactory'
2024-10-20T19:06:29.292-03:00 DEBUG 16480 --- [biblioteca-ms-libros] [kground-preinit] .i.e.ValidatorFactoryConfigurationHelper : HV000252: Using org.hibernate.validator.internal.engine.DefaultPropertyNodeNameProvider as property node name provider.
2024-10-20T19:06:29.302-03:00 DEBUG 16480 --- [biblioteca-ms-libros] [kground-preinit] .i.e.ValidatorFactoryConfigurationHelper : HV000234: Using org.hibernate.validator.messageinterpolation.ResourceBundleMessageInterpolator as ValidatorFactory-scoped message interpolator.
2024-10-20T19:06:29.303-03:00 DEBUG 16480 --- [biblioteca-ms-libros] [kground-preinit] .i.e.ValidatorFactoryConfigurationHelper : HV000234: Using org.hibernate.validator.internal.engine.resolver.JPATraversableResolver as ValidatorFactory-scoped traversable resolver.
2024-10-20T19:06:29.303-03:00 DEBUG 16480 --- [biblioteca-ms-libros] [kground-preinit] .i.e.ValidatorFactoryConfigurationHelper : HV000234: Using org.hibernate.validator.internal.util.ExecutableParameterNameProvider as ValidatorFactory-scoped parameter name provider.
2024-10-20T19:06:29.304-03:00 DEBUG 16480 --- [biblioteca-ms-libros] [kground-preinit] .i.e.ValidatorFactoryConfigurationHelper : HV000234: Using org.hibernate.validator.internal.engine.DefaultClockProvider as ValidatorFactory-scoped clock provider.
2024-10-20T19:06:29.304-03:00 DEBUG 16480 --- [biblioteca-ms-libros] [kground-preinit] .i.e.ValidatorFactoryConfigurationHelper : HV000234: Using org.hibernate.validator.internal.engine.scripting.DefaultScriptEvaluatorFactory as ValidatorFactory-scoped script evaluator factory.
2024-10-20T19:06:29.409-03:00 DEBUG 16480 --- [biblioteca-ms-libros] [           main] o.s.c.a.ClassPathBeanDefinitionScanner   : Identified candidate component class: file [C:\Users\gonzaloduranadasme\Documents\GitHub\FS3_Formativa\biblioteca-ms-libros\target\classes\com\example\biblioteca_ms_libros\controller\LibroController.class]
2024-10-20T19:06:29.421-03:00 DEBUG 16480 --- [biblioteca-ms-libros] [           main] o.s.c.a.ClassPathBeanDefinitionScanner   : Identified candidate component class: file [C:\Users\gonzaloduranadasme\Documents\GitHub\FS3_Formativa\biblioteca-ms-libros\target\classes\com\example\biblioteca_ms_libros\service\LibroServiceImpl.class]
2024-10-20T19:06:31.125-03:00  INFO 16480 --- [biblioteca-ms-libros] [           main] .s.d.r.c.RepositoryConfigurationDelegate : Bootstrapping Spring Data JPA repositories in DEFAULT mode.
2024-10-20T19:06:31.136-03:00 DEBUG 16480 --- [biblioteca-ms-libros] [           main] o.s.b.f.s.DefaultListableBeanFactory     : Creating shared instance of singleton bean 'org.springframework.boot.autoconfigure.AutoConfigurationPackages'
2024-10-20T19:06:31.149-03:00 DEBUG 16480 --- [biblioteca-ms-libros] [           main] o.s.b.a.AutoConfigurationPackages        : @EnableAutoConfiguration was declared on a class in the package 'com.example.biblioteca_ms_libros'. Automatic @Repository and @Entity scanning is enabled.
2024-10-20T19:06:31.152-03:00 DEBUG 16480 --- [biblioteca-ms-libros] [           main] .s.d.r.c.RepositoryConfigurationDelegate : Scanning for JPA repositories in packages com.example.biblioteca_ms_libros.
2024-10-20T19:06:31.191-03:00 DEBUG 16480 --- [biblioteca-ms-libros] [           main] o.s.d.r.c.RepositoryComponentProvider    : Identified candidate component class: file [C:\Users\gonzaloduranadasme\Documents\GitHub\FS3_Formativa\biblioteca-ms-libros\target\classes\com\example\biblioteca_ms_libros\repository\LibroRepository.class]
2024-10-20T19:06:31.287-03:00 DEBUG 16480 --- [biblioteca-ms-libros] [           main] ssPathScanningCandidateComponentProvider : Identified candidate component class: file [C:\Users\gonzaloduranadasme\Documents\GitHub\FS3_Formativa\biblioteca-ms-libros\target\classes\com\example\biblioteca_ms_libros\service\LibroServiceImpl.class]
2024-10-20T19:06:31.329-03:00  INFO 16480 --- [biblioteca-ms-libros] [           main] .s.d.r.c.RepositoryConfigurationDelegate : Finished Spring Data repository scanning in 176 ms. Found 1 JPA repository interface.
2024-10-20T19:06:31.868-03:00 DEBUG 16480 --- [biblioteca-ms-libros] [           main] o.s.b.f.s.DefaultListableBeanFactory     : Creating shared instance of singleton bean 'propertySourcesPlaceholderConfigurer'
2024-10-20T19:06:31.874-03:00 DEBUG 16480 --- [biblioteca-ms-libros] [           main] o.s.b.f.s.DefaultListableBeanFactory     : Creating shared instance of singleton bean 'org.springframework.boot.test.mock.mockito.MockitoPostProcessor'
2024-10-20T19:06:31.880-03:00 DEBUG 16480 --- [biblioteca-ms-libros] [           main] o.s.b.f.s.DefaultListableBeanFactory     : Creating shared instance of singleton bean 'emBeanDefinitionRegistrarPostProcessor'
2024-10-20T19:06:31.881-03:00 DEBUG 16480 --- [biblioteca-ms-libros] [           main] o.s.b.f.s.DefaultListableBeanFactory     : Creating shared instance of singleton bean 'org.springframework.boot.sql.init.dependency.DatabaseInitializationDependencyConfigurer$DependsOnDatabaseInitializationPostProcessor'
2024-10-20T19:06:32.022-03:00 DEBUG 16480 --- [biblioteca-ms-libros] [           main] o.s.b.f.s.DefaultListableBeanFactory     : Creating shared instance of singleton bean 'org.springframework.context.event.internalEventListenerProcessor'
2024-10-20T19:06:32.024-03:00 DEBUG 16480 --- [biblioteca-ms-libros] [           main] o.s.b.f.s.DefaultListableBeanFactory     : Creating shared instance of singleton bean 'preserveErrorControllerTargetClassPostProcessor'
2024-10-20T19:06:32.027-03:00 DEBUG 16480 --- [biblioteca-ms-libros] [           main] o.s.b.f.s.DefaultListableBeanFactory     : Creating shared instance of singleton bean 'org.springframework.context.event.internalEventListenerFactory'
2024-10-20T19:06:32.028-03:00 DEBUG 16480 --- [biblioteca-ms-libros] [           main] o.s.b.f.s.DefaultListableBeanFactory     : Creating shared instance of singleton bean 'org.springframework.transaction.config.internalTransactionalEventListenerFactory'
2024-10-20T19:06:32.035-03:00 DEBUG 16480 --- [biblioteca-ms-libros] [           main] o.s.b.f.s.DefaultListableBeanFactory     : Creating shared instance of singleton bean 'org.springframework.boot.test.mock.mockito.MockitoPostProcessor$SpyPostProcessor'
2024-10-20T19:06:32.038-03:00 DEBUG 16480 --- [biblioteca-ms-libros] [           main] o.s.b.f.s.DefaultListableBeanFactory     : Creating shared instance of singleton bean 'org.springframework.context.annotation.internalAutowiredAnnotationProcessor'
2024-10-20T19:06:32.040-03:00 DEBUG 16480 --- [biblioteca-ms-libros] [           main] o.s.b.f.s.DefaultListableBeanFactory     : Creating shared instance of singleton bean 'org.springframework.context.annotation.internalCommonAnnotationProcessor'
2024-10-20T19:06:32.044-03:00 DEBUG 16480 --- [biblioteca-ms-libros] [           main] o.s.b.f.s.DefaultListableBeanFactory     : Creating shared instance of singleton bean 'org.springframework.context.annotation.internalPersistenceAnnotationProcessor'
2024-10-20T19:06:32.045-03:00 DEBUG 16480 --- [biblioteca-ms-libros] [           main] o.s.b.f.s.DefaultListableBeanFactory     : Creating shared instance of singleton bean 'org.springframework.boot.context.properties.ConfigurationPropertiesBindingPostProcessor'
2024-10-20T19:06:32.046-03:00 DEBUG 16480 --- [biblioteca-ms-libros] [           main] o.s.b.f.s.DefaultListableBeanFactory     : Creating shared instance of singleton bean 'org.springframework.boot.context.internalConfigurationPropertiesBinder'
2024-10-20T19:06:32.049-03:00 DEBUG 16480 --- [biblioteca-ms-libros] [           main] o.s.b.f.s.DefaultListableBeanFactory     : Creating shared instance of singleton bean 'jdbcConnectionDetailsHikariBeanPostProcessor'
2024-10-20T19:06:32.054-03:00 DEBUG 16480 --- [biblioteca-ms-libros] [           main] o.s.b.f.s.DefaultListableBeanFactory     : Creating shared instance of singleton bean 'methodValidationPostProcessor'
2024-10-20T19:06:32.077-03:00 DEBUG 16480 --- [biblioteca-ms-libros] [           main] o.s.b.f.s.DefaultListableBeanFactory     : Autowiring by type from bean name 'methodValidationPostProcessor' via factory method to bean named 'environment'
2024-10-20T19:06:32.082-03:00 DEBUG 16480 --- [biblioteca-ms-libros] [           main] o.s.b.f.s.DefaultListableBeanFactory     : Creating shared instance of singleton bean 'org.springframework.boot.context.properties.EnableConfigurationPropertiesRegistrar.methodValidationExcludeFilter'
2024-10-20T19:06:32.120-03:00 DEBUG 16480 --- [biblioteca-ms-libros] [           main] o.s.b.f.s.DefaultListableBeanFactory     : Creating shared instance of singleton bean 'org.springframework.aop.config.internalAutoProxyCreator'
2024-10-20T19:06:32.144-03:00 DEBUG 16480 --- [biblioteca-ms-libros] [           main] o.s.b.f.s.DefaultListableBeanFactory     : Creating shared instance of singleton bean 'persistenceExceptionTranslationPostProcessor'
2024-10-20T19:06:32.147-03:00 DEBUG 16480 --- [biblioteca-ms-libros] [           main] o.s.b.f.s.DefaultListableBeanFactory     : Autowiring by type from bean name 'persistenceExceptionTranslationPostProcessor' via factory method to bean named 'environment'
2024-10-20T19:06:32.153-03:00 DEBUG 16480 --- [biblioteca-ms-libros] [           main] o.s.b.f.s.DefaultListableBeanFactory     : Creating shared instance of singleton bean 'webServerFactoryCustomizerBeanPostProcessor'
2024-10-20T19:06:32.155-03:00 DEBUG 16480 --- [biblioteca-ms-libros] [           main] o.s.b.f.s.DefaultListableBeanFactory     : Creating shared instance of singleton bean 'errorPageRegistrarBeanPostProcessor'
2024-10-20T19:06:32.156-03:00 DEBUG 16480 --- [biblioteca-ms-libros] [           main] o.s.b.f.s.DefaultListableBeanFactory     : Creating shared instance of singleton bean 'projectingArgumentResolverBeanPostProcessor'
2024-10-20T19:06:32.159-03:00 DEBUG 16480 --- [biblioteca-ms-libros] [           main] o.s.b.f.s.DefaultListableBeanFactory     : Creating shared instance of singleton bean 'org.springframework.transaction.config.internalTransactionAdvisor'
2024-10-20T19:06:32.160-03:00 DEBUG 16480 --- [biblioteca-ms-libros] [           main] o.s.b.f.s.DefaultListableBeanFactory     : Creating shared instance of singleton bean 'org.springframework.transaction.annotation.ProxyTransactionManagementConfiguration'
2024-10-20T19:06:32.193-03:00 DEBUG 16480 --- [biblioteca-ms-libros] [           main] o.s.b.f.s.DefaultListableBeanFactory     : Creating shared instance of singleton bean 'transactionAttributeSource'
2024-10-20T19:06:32.197-03:00 DEBUG 16480 --- [biblioteca-ms-libros] [           main] o.s.b.f.s.DefaultListableBeanFactory     : Creating shared instance of singleton bean 'transactionInterceptor'
2024-10-20T19:06:32.199-03:00 DEBUG 16480 --- [biblioteca-ms-libros] [           main] o.s.b.f.s.DefaultListableBeanFactory     : Autowiring by type from bean name 'transactionInterceptor' via factory method to bean named 'transactionAttributeSource'
2024-10-20T19:06:32.207-03:00 DEBUG 16480 --- [biblioteca-ms-libros] [           main] o.s.b.f.s.DefaultListableBeanFactory     : Autowiring by type from bean name 'org.springframework.transaction.config.internalTransactionAdvisor' via factory method to bean named 'transactionAttributeSource'
2024-10-20T19:06:32.208-03:00 DEBUG 16480 --- [biblioteca-ms-libros] [           main] o.s.b.f.s.DefaultListableBeanFactory     : Autowiring by type from bean name 'org.springframework.transaction.config.internalTransactionAdvisor' via factory method to bean named 'transactionInterceptor'
2024-10-20T19:06:32.240-03:00 DEBUG 16480 --- [biblioteca-ms-libros] [           main] o.s.b.f.s.DefaultListableBeanFactory     : Creating shared instance of singleton bean 'hypermediaRepresentionModelProcessorConfigurator'
2024-10-20T19:06:32.245-03:00 DEBUG 16480 --- [biblioteca-ms-libros] [           main] o.s.b.f.s.DefaultListableBeanFactory     : Creating shared instance of singleton bean 'hypermediaRestTemplateBeanPostProcessor'
2024-10-20T19:06:32.252-03:00 DEBUG 16480 --- [biblioteca-ms-libros] [           main] o.s.u.c.s.UiApplicationContextUtils      : Unable to locate ThemeSource with name 'themeSource': using default [org.springframework.ui.context.support.ResourceBundleThemeSource@18d003cd]
2024-10-20T19:06:32.256-03:00 DEBUG 16480 --- [biblioteca-ms-libros] [           main] o.s.b.f.s.DefaultListableBeanFactory     : Creating shared instance of singleton bean 'dataSourceScriptDatabaseInitializer'
2024-10-20T19:06:32.256-03:00 DEBUG 16480 --- [biblioteca-ms-libros] [           main] o.s.b.f.s.DefaultListableBeanFactory     : Creating shared instance of singleton bean 'org.springframework.boot.autoconfigure.sql.init.DataSourceInitializationConfiguration'
2024-10-20T19:06:32.262-03:00 DEBUG 16480 --- [biblioteca-ms-libros] [           main] o.s.b.f.s.DefaultListableBeanFactory     : Creating shared instance of singleton bean 'dataSource'
2024-10-20T19:06:32.262-03:00 DEBUG 16480 --- [biblioteca-ms-libros] [           main] o.s.b.f.s.DefaultListableBeanFactory     : Creating shared instance of singleton bean 'org.springframework.boot.autoconfigure.jdbc.DataSourceConfiguration$Hikari'
2024-10-20T19:06:32.264-03:00 DEBUG 16480 --- [biblioteca-ms-libros] [           main] o.s.b.f.s.DefaultListableBeanFactory     : Creating shared instance of singleton bean 'spring.datasource-org.springframework.boot.autoconfigure.jdbc.DataSourceProperties'
2024-10-20T19:06:32.266-03:00 DEBUG 16480 --- [biblioteca-ms-libros] [           main] o.s.b.f.s.DefaultListableBeanFactory     : Creating shared instance of singleton bean 'org.springframework.boot.context.properties.BoundConfigurationProperties'
2024-10-20T19:06:32.345-03:00 DEBUG 16480 --- [biblioteca-ms-libros] [           main] o.s.b.f.s.DefaultListableBeanFactory     : Creating shared instance of singleton bean 'jdbcConnectionDetails'
2024-10-20T19:06:32.345-03:00 DEBUG 16480 --- [biblioteca-ms-libros] [           main] o.s.b.f.s.DefaultListableBeanFactory     : Creating shared instance of singleton bean 'org.springframework.boot.autoconfigure.jdbc.DataSourceAutoConfiguration$PooledDataSourceConfiguration'
2024-10-20T19:06:32.348-03:00 DEBUG 16480 --- [biblioteca-ms-libros] [           main] o.s.b.f.s.DefaultListableBeanFactory     : Autowiring by type from bean name 'jdbcConnectionDetails' via factory method to bean named 'spring.datasource-org.springframework.boot.autoconfigure.jdbc.DataSourceProperties'
2024-10-20T19:06:32.351-03:00 DEBUG 16480 --- [biblioteca-ms-libros] [           main] o.s.b.f.s.DefaultListableBeanFactory     : Autowiring by type from bean name 'dataSource' via factory method to bean named 'spring.datasource-org.springframework.boot.autoconfigure.jdbc.DataSourceProperties'
2024-10-20T19:06:32.351-03:00 DEBUG 16480 --- [biblioteca-ms-libros] [           main] o.s.b.f.s.DefaultListableBeanFactory     : Autowiring by type from bean name 'dataSource' via factory method to bean named 'jdbcConnectionDetails'
2024-10-20T19:06:32.825-03:00 DEBUG 16480 --- [biblioteca-ms-libros] [           main] o.s.b.f.s.DefaultListableBeanFactory     : Creating shared instance of singleton bean 'spring.sql.init-org.springframework.boot.autoconfigure.sql.init.SqlInitializationProperties'
2024-10-20T19:06:32.843-03:00 DEBUG 16480 --- [biblioteca-ms-libros] [           main] o.s.b.f.s.DefaultListableBeanFactory     : Autowiring by type from bean name 'dataSourceScriptDatabaseInitializer' via factory method to bean named 'dataSource'
2024-10-20T19:06:32.843-03:00 DEBUG 16480 --- [biblioteca-ms-libros] [           main] o.s.b.f.s.DefaultListableBeanFactory     : Autowiring by type from bean name 'dataSourceScriptDatabaseInitializer' via factory method to bean named 'spring.sql.init-org.springframework.boot.autoconfigure.sql.init.SqlInitializationProperties'
2024-10-20T19:06:32.859-03:00 DEBUG 16480 --- [biblioteca-ms-libros] [           main] o.s.b.f.s.DefaultListableBeanFactory     : Creating shared instance of singleton bean 'entityManagerFactory'
2024-10-20T19:06:32.862-03:00 DEBUG 16480 --- [biblioteca-ms-libros] [           main] o.s.b.f.s.DefaultListableBeanFactory     : Creating shared instance of singleton bean 'org.springframework.boot.autoconfigure.orm.jpa.HibernateJpaConfiguration'
2024-10-20T19:06:32.868-03:00 DEBUG 16480 --- [biblioteca-ms-libros] [           main] o.s.b.f.s.DefaultListableBeanFactory     : Creating shared instance of singleton bean 'spring.jpa-org.springframework.boot.autoconfigure.orm.jpa.JpaProperties'
2024-10-20T19:06:32.889-03:00 DEBUG 16480 --- [biblioteca-ms-libros] [           main] o.s.b.f.s.DefaultListableBeanFactory     : Creating shared instance of singleton bean 'spring.jpa.hibernate-org.springframework.boot.autoconfigure.orm.jpa.HibernateProperties'
2024-10-20T19:06:32.893-03:00 DEBUG 16480 --- [biblioteca-ms-libros] [           main] o.s.b.f.s.DefaultListableBeanFactory     : Autowiring by type from bean name 'org.springframework.boot.autoconfigure.orm.jpa.HibernateJpaConfiguration' via constructor to bean named 'dataSource'
2024-10-20T19:06:32.894-03:00 DEBUG 16480 --- [biblioteca-ms-libros] [           main] o.s.b.f.s.DefaultListableBeanFactory     : Autowiring by type from bean name 'org.springframework.boot.autoconfigure.orm.jpa.HibernateJpaConfiguration' via constructor to bean named 'spring.jpa-org.springframework.boot.autoconfigure.orm.jpa.JpaProperties'
2024-10-20T19:06:32.894-03:00 DEBUG 16480 --- [biblioteca-ms-libros] [           main] o.s.b.f.s.DefaultListableBeanFactory     : Autowiring by type from bean name 'org.springframework.boot.autoconfigure.orm.jpa.HibernateJpaConfiguration' via constructor to bean named 'org.springframework.beans.factory.support.DefaultListableBeanFactory@4b6ac111'
2024-10-20T19:06:32.894-03:00 DEBUG 16480 --- [biblioteca-ms-libros] [           main] o.s.b.f.s.DefaultListableBeanFactory     : Autowiring by type from bean name 'org.springframework.boot.autoconfigure.orm.jpa.HibernateJpaConfiguration' via constructor to bean named 'spring.jpa.hibernate-org.springframework.boot.autoconfigure.orm.jpa.HibernateProperties'
2024-10-20T19:06:32.907-03:00 DEBUG 16480 --- [biblioteca-ms-libros] [           main] o.s.b.f.s.DefaultListableBeanFactory     : Creating shared instance of singleton bean 'hikariPoolDataSourceMetadataProvider'
2024-10-20T19:06:32.908-03:00 DEBUG 16480 --- [biblioteca-ms-libros] [           main] o.s.b.f.s.DefaultListableBeanFactory     : Creating shared instance of singleton bean 'org.springframework.boot.autoconfigure.jdbc.metadata.DataSourcePoolMetadataProvidersConfiguration$HikariPoolDataSourceMetadataProviderConfiguration'
2024-10-20T19:06:32.920-03:00 DEBUG 16480 --- [biblioteca-ms-libros] [           main] o.s.b.f.s.DefaultListableBeanFactory     : Creating shared instance of singleton bean 'entityManagerFactoryBuilder'
2024-10-20T19:06:32.921-03:00 DEBUG 16480 --- [biblioteca-ms-libros] [           main] o.s.b.f.s.DefaultListableBeanFactory     : Creating shared instance of singleton bean 'jpaVendorAdapter'
2024-10-20T19:06:33.058-03:00 DEBUG 16480 --- [biblioteca-ms-libros] [           main] o.s.b.f.s.DefaultListableBeanFactory     : Autowiring by type from bean name 'entityManagerFactoryBuilder' via factory method to bean named 'jpaVendorAdapter'
2024-10-20T19:06:33.129-03:00 DEBUG 16480 --- [biblioteca-ms-libros] [           main] o.s.b.f.s.DefaultListableBeanFactory     : Creating shared instance of singleton bean 'persistenceManagedTypes'
2024-10-20T19:06:33.139-03:00 DEBUG 16480 --- [biblioteca-ms-libros] [           main] o.s.b.f.s.DefaultListableBeanFactory     : Autowiring by type from bean name 'persistenceManagedTypes' via factory method to bean named 'org.springframework.beans.factory.support.DefaultListableBeanFactory@4b6ac111'
2024-10-20T19:06:33.140-03:00 DEBUG 16480 --- [biblioteca-ms-libros] [           main] o.s.b.f.s.DefaultListableBeanFactory     : Autowiring by type from bean name 'persistenceManagedTypes' via factory method to bean named 'org.springframework.web.context.support.GenericWebApplicationContext@6e0d4a8'
2024-10-20T19:06:33.191-03:00 DEBUG 16480 --- [biblioteca-ms-libros] [           main] o.s.b.f.s.DefaultListableBeanFactory     : Autowiring by type from bean name 'entityManagerFactory' via factory method to bean named 'entityManagerFactoryBuilder'
2024-10-20T19:06:33.192-03:00 DEBUG 16480 --- [biblioteca-ms-libros] [           main] o.s.b.f.s.DefaultListableBeanFactory     : Autowiring by type from bean name 'entityManagerFactory' via factory method to bean named 'persistenceManagedTypes'
2024-10-20T19:06:33.235-03:00 DEBUG 16480 --- [biblioteca-ms-libros] [           main] j.LocalContainerEntityManagerFactoryBean : Building JPA container EntityManagerFactory for persistence unit 'default'
2024-10-20T19:06:33.264-03:00 DEBUG 16480 --- [biblioteca-ms-libros] [           main] o.hibernate.jpa.internal.util.LogHelper  : PersistenceUnitInfo [
	name: default
	persistence provider classname: null
	classloader: jdk.internal.loader.ClassLoaders$AppClassLoader@70dea4e
	excludeUnlistedClasses: true
	JTA datasource: null
	Non JTA datasource: HikariDataSource (null)
	Transaction type: RESOURCE_LOCAL
	PU root URL: file:/C:/Users/gonzaloduranadasme/Documents/GitHub/FS3_Formativa/biblioteca-ms-libros/target/test-classes/
	Shared Cache Mode: UNSPECIFIED
	Validation Mode: AUTO
	Jar files URLs []
	Managed classes names [
		com.example.biblioteca_ms_libros.model.Libro]
	Mapping files names []
	Properties []
2024-10-20T19:06:33.280-03:00 DEBUG 16480 --- [biblioteca-ms-libros] [           main] o.h.i.internal.IntegratorServiceImpl     : Adding Integrator [org.hibernate.boot.beanvalidation.BeanValidationIntegrator].
2024-10-20T19:06:33.282-03:00 DEBUG 16480 --- [biblioteca-ms-libros] [           main] o.h.i.internal.IntegratorServiceImpl     : Adding Integrator [org.hibernate.cache.internal.CollectionCacheInvalidator].
2024-10-20T19:06:33.350-03:00  INFO 16480 --- [biblioteca-ms-libros] [           main] org.hibernate.Version                    : HHH000412: Hibernate ORM core version 6.5.3.Final
2024-10-20T19:06:33.354-03:00 DEBUG 16480 --- [biblioteca-ms-libros] [           main] org.hibernate.cfg.Environment            : HHH000206: 'hibernate.properties' not found
2024-10-20T19:06:33.389-03:00 DEBUG 16480 --- [biblioteca-ms-libros] [           main] org.hibernate.orm.idgen.factory          : Registering IdentifierGenerator strategy [uuid2] -> [org.hibernate.id.UUIDGenerator]
2024-10-20T19:06:33.390-03:00 DEBUG 16480 --- [biblioteca-ms-libros] [           main] org.hibernate.orm.idgen.factory          : Registering IdentifierGenerator strategy [guid] -> [org.hibernate.id.GUIDGenerator]
2024-10-20T19:06:33.391-03:00 DEBUG 16480 --- [biblioteca-ms-libros] [           main] org.hibernate.orm.idgen.factory          : Registering IdentifierGenerator strategy [uuid] -> [org.hibernate.id.UUIDHexGenerator]
2024-10-20T19:06:33.391-03:00 DEBUG 16480 --- [biblioteca-ms-libros] [           main] org.hibernate.orm.idgen.factory          : Registering IdentifierGenerator strategy [uuid.hex] -> [org.hibernate.id.UUIDHexGenerator]
2024-10-20T19:06:33.391-03:00 DEBUG 16480 --- [biblioteca-ms-libros] [           main] org.hibernate.orm.idgen.factory          : Registering IdentifierGenerator strategy [assigned] -> [org.hibernate.id.Assigned]
2024-10-20T19:06:33.393-03:00 DEBUG 16480 --- [biblioteca-ms-libros] [           main] org.hibernate.orm.idgen.factory          : Registering IdentifierGenerator strategy [identity] -> [org.hibernate.id.IdentityGenerator]
2024-10-20T19:06:33.393-03:00 DEBUG 16480 --- [biblioteca-ms-libros] [           main] org.hibernate.orm.idgen.factory          : Registering IdentifierGenerator strategy [select] -> [org.hibernate.id.SelectGenerator]
2024-10-20T19:06:33.395-03:00 DEBUG 16480 --- [biblioteca-ms-libros] [           main] org.hibernate.orm.idgen.factory          : Registering IdentifierGenerator strategy [sequence] -> [org.hibernate.id.enhanced.SequenceStyleGenerator]
2024-10-20T19:06:33.396-03:00 DEBUG 16480 --- [biblioteca-ms-libros] [           main] org.hibernate.orm.idgen.factory          : Registering IdentifierGenerator strategy [increment] -> [org.hibernate.id.IncrementGenerator]
2024-10-20T19:06:33.397-03:00 DEBUG 16480 --- [biblioteca-ms-libros] [           main] org.hibernate.orm.idgen.factory          : Registering IdentifierGenerator strategy [foreign] -> [org.hibernate.id.ForeignGenerator]
2024-10-20T19:06:33.397-03:00 DEBUG 16480 --- [biblioteca-ms-libros] [           main] org.hibernate.orm.idgen.factory          : Registering IdentifierGenerator strategy [enhanced-sequence] -> [org.hibernate.id.enhanced.SequenceStyleGenerator]
2024-10-20T19:06:33.398-03:00 DEBUG 16480 --- [biblioteca-ms-libros] [           main] org.hibernate.orm.idgen.factory          : Registering IdentifierGenerator strategy [enhanced-table] -> [org.hibernate.id.enhanced.TableGenerator]
2024-10-20T19:06:33.410-03:00 DEBUG 16480 --- [biblioteca-ms-libros] [           main] o.h.c.internal.RegionFactoryInitiator    : Cannot default RegionFactory based on registered strategies as `[]` RegionFactory strategies were registered
2024-10-20T19:06:33.411-03:00  INFO 16480 --- [biblioteca-ms-libros] [           main] o.h.c.internal.RegionFactoryInitiator    : HHH000026: Second-level cache disabled
2024-10-20T19:06:33.649-03:00 DEBUG 16480 --- [biblioteca-ms-libros] [           main] org.hibernate.type.BasicTypeRegistry     : Adding type registration boolean -> org.hibernate.type.BasicTypeReference@29bbc63c
2024-10-20T19:06:33.654-03:00 DEBUG 16480 --- [biblioteca-ms-libros] [           main] org.hibernate.type.BasicTypeRegistry     : Adding type registration boolean -> org.hibernate.type.BasicTypeReference@29bbc63c
2024-10-20T19:06:33.654-03:00 DEBUG 16480 --- [biblioteca-ms-libros] [           main] org.hibernate.type.BasicTypeRegistry     : Adding type registration java.lang.Boolean -> org.hibernate.type.BasicTypeReference@29bbc63c
2024-10-20T19:06:33.654-03:00 DEBUG 16480 --- [biblioteca-ms-libros] [           main] org.hibernate.type.BasicTypeRegistry     : Adding type registration numeric_boolean -> org.hibernate.type.BasicTypeReference@272778ae
2024-10-20T19:06:33.654-03:00 DEBUG 16480 --- [biblioteca-ms-libros] [           main] org.hibernate.type.BasicTypeRegistry     : Adding type registration org.hibernate.type.NumericBooleanConverter -> org.hibernate.type.BasicTypeReference@272778ae
2024-10-20T19:06:33.655-03:00 DEBUG 16480 --- [biblioteca-ms-libros] [           main] org.hibernate.type.BasicTypeRegistry     : Adding type registration true_false -> org.hibernate.type.BasicTypeReference@2cccf134
2024-10-20T19:06:33.655-03:00 DEBUG 16480 --- [biblioteca-ms-libros] [           main] org.hibernate.type.BasicTypeRegistry     : Adding type registration org.hibernate.type.TrueFalseConverter -> org.hibernate.type.BasicTypeReference@2cccf134
2024-10-20T19:06:33.655-03:00 DEBUG 16480 --- [biblioteca-ms-libros] [           main] org.hibernate.type.BasicTypeRegistry     : Adding type registration yes_no -> org.hibernate.type.BasicTypeReference@3c18942
2024-10-20T19:06:33.655-03:00 DEBUG 16480 --- [biblioteca-ms-libros] [           main] org.hibernate.type.BasicTypeRegistry     : Adding type registration org.hibernate.type.YesNoConverter -> org.hibernate.type.BasicTypeReference@3c18942
2024-10-20T19:06:33.655-03:00 DEBUG 16480 --- [biblioteca-ms-libros] [           main] org.hibernate.type.BasicTypeRegistry     : Adding type registration byte -> org.hibernate.type.BasicTypeReference@743c3520
2024-10-20T19:06:33.656-03:00 DEBUG 16480 --- [biblioteca-ms-libros] [           main] org.hibernate.type.BasicTypeRegistry     : Adding type registration byte -> org.hibernate.type.BasicTypeReference@743c3520
2024-10-20T19:06:33.656-03:00 DEBUG 16480 --- [biblioteca-ms-libros] [           main] org.hibernate.type.BasicTypeRegistry     : Adding type registration java.lang.Byte -> org.hibernate.type.BasicTypeReference@743c3520
2024-10-20T19:06:33.656-03:00 DEBUG 16480 --- [biblioteca-ms-libros] [           main] org.hibernate.type.BasicTypeRegistry     : Adding type registration binary -> org.hibernate.type.BasicTypeReference@6842c101
2024-10-20T19:06:33.656-03:00 DEBUG 16480 --- [biblioteca-ms-libros] [           main] org.hibernate.type.BasicTypeRegistry     : Adding type registration byte[] -> org.hibernate.type.BasicTypeReference@6842c101
2024-10-20T19:06:33.657-03:00 DEBUG 16480 --- [biblioteca-ms-libros] [           main] org.hibernate.type.BasicTypeRegistry     : Adding type registration [B -> org.hibernate.type.BasicTypeReference@6842c101
2024-10-20T19:06:33.657-03:00 DEBUG 16480 --- [biblioteca-ms-libros] [           main] org.hibernate.type.BasicTypeRegistry     : Adding type registration binary_wrapper -> org.hibernate.type.BasicTypeReference@234cd86c
2024-10-20T19:06:33.657-03:00 DEBUG 16480 --- [biblioteca-ms-libros] [           main] org.hibernate.type.BasicTypeRegistry     : Adding type registration wrapper-binary -> org.hibernate.type.BasicTypeReference@234cd86c
2024-10-20T19:06:33.657-03:00 DEBUG 16480 --- [biblioteca-ms-libros] [           main] org.hibernate.type.BasicTypeRegistry     : Adding type registration image -> org.hibernate.type.BasicTypeReference@2c48cede
2024-10-20T19:06:33.657-03:00 DEBUG 16480 --- [biblioteca-ms-libros] [           main] org.hibernate.type.BasicTypeRegistry     : Adding type registration blob -> org.hibernate.type.BasicTypeReference@39c87b42
2024-10-20T19:06:33.657-03:00 DEBUG 16480 --- [biblioteca-ms-libros] [           main] org.hibernate.type.BasicTypeRegistry     : Adding type registration java.sql.Blob -> org.hibernate.type.BasicTypeReference@39c87b42
2024-10-20T19:06:33.657-03:00 DEBUG 16480 --- [biblioteca-ms-libros] [           main] org.hibernate.type.BasicTypeRegistry     : Adding type registration materialized_blob -> org.hibernate.type.BasicTypeReference@47fcefb3
2024-10-20T19:06:33.657-03:00 DEBUG 16480 --- [biblioteca-ms-libros] [           main] org.hibernate.type.BasicTypeRegistry     : Adding type registration materialized_blob_wrapper -> org.hibernate.type.BasicTypeReference@236c098
2024-10-20T19:06:33.657-03:00 DEBUG 16480 --- [biblioteca-ms-libros] [           main] org.hibernate.type.BasicTypeRegistry     : Adding type registration short -> org.hibernate.type.BasicTypeReference@68e2d03e
2024-10-20T19:06:33.658-03:00 DEBUG 16480 --- [biblioteca-ms-libros] [           main] org.hibernate.type.BasicTypeRegistry     : Adding type registration short -> org.hibernate.type.BasicTypeReference@68e2d03e
2024-10-20T19:06:33.658-03:00 DEBUG 16480 --- [biblioteca-ms-libros] [           main] org.hibernate.type.BasicTypeRegistry     : Adding type registration java.lang.Short -> org.hibernate.type.BasicTypeReference@68e2d03e
2024-10-20T19:06:33.658-03:00 DEBUG 16480 --- [biblioteca-ms-libros] [           main] org.hibernate.type.BasicTypeRegistry     : Adding type registration integer -> org.hibernate.type.BasicTypeReference@120aa40b
2024-10-20T19:06:33.658-03:00 DEBUG 16480 --- [biblioteca-ms-libros] [           main] org.hibernate.type.BasicTypeRegistry     : Adding type registration int -> org.hibernate.type.BasicTypeReference@120aa40b
2024-10-20T19:06:33.658-03:00 DEBUG 16480 --- [biblioteca-ms-libros] [           main] org.hibernate.type.BasicTypeRegistry     : Adding type registration java.lang.Integer -> org.hibernate.type.BasicTypeReference@120aa40b
2024-10-20T19:06:33.658-03:00 DEBUG 16480 --- [biblioteca-ms-libros] [           main] org.hibernate.type.BasicTypeRegistry     : Adding type registration long -> org.hibernate.type.BasicTypeReference@32ab408e
2024-10-20T19:06:33.658-03:00 DEBUG 16480 --- [biblioteca-ms-libros] [           main] org.hibernate.type.BasicTypeRegistry     : Adding type registration long -> org.hibernate.type.BasicTypeReference@32ab408e
2024-10-20T19:06:33.659-03:00 DEBUG 16480 --- [biblioteca-ms-libros] [           main] org.hibernate.type.BasicTypeRegistry     : Adding type registration java.lang.Long -> org.hibernate.type.BasicTypeReference@32ab408e
2024-10-20T19:06:33.659-03:00 DEBUG 16480 --- [biblioteca-ms-libros] [           main] org.hibernate.type.BasicTypeRegistry     : Adding type registration float -> org.hibernate.type.BasicTypeReference@6ad6443
2024-10-20T19:06:33.659-03:00 DEBUG 16480 --- [biblioteca-ms-libros] [           main] org.hibernate.type.BasicTypeRegistry     : Adding type registration float -> org.hibernate.type.BasicTypeReference@6ad6443
2024-10-20T19:06:33.659-03:00 DEBUG 16480 --- [biblioteca-ms-libros] [           main] org.hibernate.type.BasicTypeRegistry     : Adding type registration java.lang.Float -> org.hibernate.type.BasicTypeReference@6ad6443
2024-10-20T19:06:33.660-03:00 DEBUG 16480 --- [biblioteca-ms-libros] [           main] org.hibernate.type.BasicTypeRegistry     : Adding type registration double -> org.hibernate.type.BasicTypeReference@78b03788
2024-10-20T19:06:33.660-03:00 DEBUG 16480 --- [biblioteca-ms-libros] [           main] org.hibernate.type.BasicTypeRegistry     : Adding type registration double -> org.hibernate.type.BasicTypeReference@78b03788
2024-10-20T19:06:33.660-03:00 DEBUG 16480 --- [biblioteca-ms-libros] [           main] org.hibernate.type.BasicTypeRegistry     : Adding type registration java.lang.Double -> org.hibernate.type.BasicTypeReference@78b03788
2024-10-20T19:06:33.660-03:00 DEBUG 16480 --- [biblioteca-ms-libros] [           main] org.hibernate.type.BasicTypeRegistry     : Adding type registration big_integer -> org.hibernate.type.BasicTypeReference@3f5dfe69
2024-10-20T19:06:33.660-03:00 DEBUG 16480 --- [biblioteca-ms-libros] [           main] org.hibernate.type.BasicTypeRegistry     : Adding type registration java.math.BigInteger -> org.hibernate.type.BasicTypeReference@3f5dfe69
2024-10-20T19:06:33.661-03:00 DEBUG 16480 --- [biblioteca-ms-libros] [           main] org.hibernate.type.BasicTypeRegistry     : Adding type registration big_decimal -> org.hibernate.type.BasicTypeReference@571a663c
2024-10-20T19:06:33.661-03:00 DEBUG 16480 --- [biblioteca-ms-libros] [           main] org.hibernate.type.BasicTypeRegistry     : Adding type registration java.math.BigDecimal -> org.hibernate.type.BasicTypeReference@571a663c
2024-10-20T19:06:33.661-03:00 DEBUG 16480 --- [biblioteca-ms-libros] [           main] org.hibernate.type.BasicTypeRegistry     : Adding type registration character -> org.hibernate.type.BasicTypeReference@3a788fe0
2024-10-20T19:06:33.661-03:00 DEBUG 16480 --- [biblioteca-ms-libros] [           main] org.hibernate.type.BasicTypeRegistry     : Adding type registration char -> org.hibernate.type.BasicTypeReference@3a788fe0
2024-10-20T19:06:33.662-03:00 DEBUG 16480 --- [biblioteca-ms-libros] [           main] org.hibernate.type.BasicTypeRegistry     : Adding type registration java.lang.Character -> org.hibernate.type.BasicTypeReference@3a788fe0
2024-10-20T19:06:33.662-03:00 DEBUG 16480 --- [biblioteca-ms-libros] [           main] org.hibernate.type.BasicTypeRegistry     : Adding type registration character_nchar -> org.hibernate.type.BasicTypeReference@430df350
2024-10-20T19:06:33.662-03:00 DEBUG 16480 --- [biblioteca-ms-libros] [           main] org.hibernate.type.BasicTypeRegistry     : Adding type registration string -> org.hibernate.type.BasicTypeReference@1373e3ee
2024-10-20T19:06:33.663-03:00 DEBUG 16480 --- [biblioteca-ms-libros] [           main] org.hibernate.type.BasicTypeRegistry     : Adding type registration java.lang.String -> org.hibernate.type.BasicTypeReference@1373e3ee
2024-10-20T19:06:33.663-03:00 DEBUG 16480 --- [biblioteca-ms-libros] [           main] org.hibernate.type.BasicTypeRegistry     : Adding type registration nstring -> org.hibernate.type.BasicTypeReference@175c5c3a
2024-10-20T19:06:33.663-03:00 DEBUG 16480 --- [biblioteca-ms-libros] [           main] org.hibernate.type.BasicTypeRegistry     : Adding type registration characters -> org.hibernate.type.BasicTypeReference@69a5c6be
2024-10-20T19:06:33.663-03:00 DEBUG 16480 --- [biblioteca-ms-libros] [           main] org.hibernate.type.BasicTypeRegistry     : Adding type registration char[] -> org.hibernate.type.BasicTypeReference@69a5c6be
2024-10-20T19:06:33.663-03:00 DEBUG 16480 --- [biblioteca-ms-libros] [           main] org.hibernate.type.BasicTypeRegistry     : Adding type registration [C -> org.hibernate.type.BasicTypeReference@69a5c6be
2024-10-20T19:06:33.664-03:00 DEBUG 16480 --- [biblioteca-ms-libros] [           main] org.hibernate.type.BasicTypeRegistry     : Adding type registration wrapper-characters -> org.hibernate.type.BasicTypeReference@451e2fa9
2024-10-20T19:06:33.664-03:00 DEBUG 16480 --- [biblioteca-ms-libros] [           main] org.hibernate.type.BasicTypeRegistry     : Adding type registration text -> org.hibernate.type.BasicTypeReference@497ed877
2024-10-20T19:06:33.664-03:00 DEBUG 16480 --- [biblioteca-ms-libros] [           main] org.hibernate.type.BasicTypeRegistry     : Adding type registration ntext -> org.hibernate.type.BasicTypeReference@3cb6e0ee
2024-10-20T19:06:33.664-03:00 DEBUG 16480 --- [biblioteca-ms-libros] [           main] org.hibernate.type.BasicTypeRegistry     : Adding type registration clob -> org.hibernate.type.BasicTypeReference@7b6141f0
2024-10-20T19:06:33.664-03:00 DEBUG 16480 --- [biblioteca-ms-libros] [           main] org.hibernate.type.BasicTypeRegistry     : Adding type registration java.sql.Clob -> org.hibernate.type.BasicTypeReference@7b6141f0
2024-10-20T19:06:33.664-03:00 DEBUG 16480 --- [biblioteca-ms-libros] [           main] org.hibernate.type.BasicTypeRegistry     : Adding type registration nclob -> org.hibernate.type.BasicTypeReference@4fb64a52
2024-10-20T19:06:33.666-03:00 DEBUG 16480 --- [biblioteca-ms-libros] [           main] org.hibernate.type.BasicTypeRegistry     : Adding type registration java.sql.NClob -> org.hibernate.type.BasicTypeReference@4fb64a52
2024-10-20T19:06:33.666-03:00 DEBUG 16480 --- [biblioteca-ms-libros] [           main] org.hibernate.type.BasicTypeRegistry     : Adding type registration materialized_clob -> org.hibernate.type.BasicTypeReference@70b48eb3
2024-10-20T19:06:33.666-03:00 DEBUG 16480 --- [biblioteca-ms-libros] [           main] org.hibernate.type.BasicTypeRegistry     : Adding type registration materialized_clob_char_array -> org.hibernate.type.BasicTypeReference@7b8ea1db
2024-10-20T19:06:33.666-03:00 DEBUG 16480 --- [biblioteca-ms-libros] [           main] org.hibernate.type.BasicTypeRegistry     : Adding type registration materialized_clob_character_array -> org.hibernate.type.BasicTypeReference@a91119b
2024-10-20T19:06:33.666-03:00 DEBUG 16480 --- [biblioteca-ms-libros] [           main] org.hibernate.type.BasicTypeRegistry     : Adding type registration materialized_nclob -> org.hibernate.type.BasicTypeReference@77083e41
2024-10-20T19:06:33.666-03:00 DEBUG 16480 --- [biblioteca-ms-libros] [           main] org.hibernate.type.BasicTypeRegistry     : Adding type registration materialized_nclob_character_array -> org.hibernate.type.BasicTypeReference@231df705
2024-10-20T19:06:33.666-03:00 DEBUG 16480 --- [biblioteca-ms-libros] [           main] org.hibernate.type.BasicTypeRegistry     : Adding type registration materialized_nclob_char_array -> org.hibernate.type.BasicTypeReference@2d130ac4
2024-10-20T19:06:33.667-03:00 DEBUG 16480 --- [biblioteca-ms-libros] [           main] org.hibernate.type.BasicTypeRegistry     : Adding type registration Duration -> org.hibernate.type.BasicTypeReference@2f0ccb34
2024-10-20T19:06:33.668-03:00 DEBUG 16480 --- [biblioteca-ms-libros] [           main] org.hibernate.type.BasicTypeRegistry     : Adding type registration java.time.Duration -> org.hibernate.type.BasicTypeReference@2f0ccb34
2024-10-20T19:06:33.668-03:00 DEBUG 16480 --- [biblioteca-ms-libros] [           main] org.hibernate.type.BasicTypeRegistry     : Adding type registration LocalDateTime -> org.hibernate.type.BasicTypeReference@194012a2
2024-10-20T19:06:33.668-03:00 DEBUG 16480 --- [biblioteca-ms-libros] [           main] org.hibernate.type.BasicTypeRegistry     : Adding type registration java.time.LocalDateTime -> org.hibernate.type.BasicTypeReference@194012a2
2024-10-20T19:06:33.668-03:00 DEBUG 16480 --- [biblioteca-ms-libros] [           main] org.hibernate.type.BasicTypeRegistry     : Adding type registration LocalDate -> org.hibernate.type.BasicTypeReference@55296b50
2024-10-20T19:06:33.668-03:00 DEBUG 16480 --- [biblioteca-ms-libros] [           main] org.hibernate.type.BasicTypeRegistry     : Adding type registration java.time.LocalDate -> org.hibernate.type.BasicTypeReference@55296b50
2024-10-20T19:06:33.668-03:00 DEBUG 16480 --- [biblioteca-ms-libros] [           main] org.hibernate.type.BasicTypeRegistry     : Adding type registration LocalTime -> org.hibernate.type.BasicTypeReference@60591e1b
2024-10-20T19:06:33.669-03:00 DEBUG 16480 --- [biblioteca-ms-libros] [           main] org.hibernate.type.BasicTypeRegistry     : Adding type registration java.time.LocalTime -> org.hibernate.type.BasicTypeReference@60591e1b
2024-10-20T19:06:33.669-03:00 DEBUG 16480 --- [biblioteca-ms-libros] [           main] org.hibernate.type.BasicTypeRegistry     : Adding type registration OffsetDateTime -> org.hibernate.type.BasicTypeReference@29c53c4f
2024-10-20T19:06:33.669-03:00 DEBUG 16480 --- [biblioteca-ms-libros] [           main] org.hibernate.type.BasicTypeRegistry     : Adding type registration java.time.OffsetDateTime -> org.hibernate.type.BasicTypeReference@29c53c4f
2024-10-20T19:06:33.670-03:00 DEBUG 16480 --- [biblioteca-ms-libros] [           main] org.hibernate.type.BasicTypeRegistry     : Adding type registration OffsetDateTimeWithTimezone -> org.hibernate.type.BasicTypeReference@3009eed7
2024-10-20T19:06:33.670-03:00 DEBUG 16480 --- [biblioteca-ms-libros] [           main] org.hibernate.type.BasicTypeRegistry     : Adding type registration OffsetDateTimeWithoutTimezone -> org.hibernate.type.BasicTypeReference@2ee4706d
2024-10-20T19:06:33.671-03:00 DEBUG 16480 --- [biblioteca-ms-libros] [           main] org.hibernate.type.BasicTypeRegistry     : Adding type registration OffsetTime -> org.hibernate.type.BasicTypeReference@6650a6c
2024-10-20T19:06:33.671-03:00 DEBUG 16480 --- [biblioteca-ms-libros] [           main] org.hibernate.type.BasicTypeRegistry     : Adding type registration java.time.OffsetTime -> org.hibernate.type.BasicTypeReference@6650a6c
2024-10-20T19:06:33.671-03:00 DEBUG 16480 --- [biblioteca-ms-libros] [           main] org.hibernate.type.BasicTypeRegistry     : Adding type registration OffsetTimeUtc -> org.hibernate.type.BasicTypeReference@64279ab
2024-10-20T19:06:33.671-03:00 DEBUG 16480 --- [biblioteca-ms-libros] [           main] org.hibernate.type.BasicTypeRegistry     : Adding type registration OffsetTimeWithTimezone -> org.hibernate.type.BasicTypeReference@794240e2
2024-10-20T19:06:33.671-03:00 DEBUG 16480 --- [biblioteca-ms-libros] [           main] org.hibernate.type.BasicTypeRegistry     : Adding type registration OffsetTimeWithoutTimezone -> org.hibernate.type.BasicTypeReference@74a820bf
2024-10-20T19:06:33.671-03:00 DEBUG 16480 --- [biblioteca-ms-libros] [           main] org.hibernate.type.BasicTypeRegistry     : Adding type registration ZonedDateTime -> org.hibernate.type.BasicTypeReference@5a30722c
2024-10-20T19:06:33.671-03:00 DEBUG 16480 --- [biblioteca-ms-libros] [           main] org.hibernate.type.BasicTypeRegistry     : Adding type registration java.time.ZonedDateTime -> org.hibernate.type.BasicTypeReference@5a30722c
2024-10-20T19:06:33.671-03:00 DEBUG 16480 --- [biblioteca-ms-libros] [           main] org.hibernate.type.BasicTypeRegistry     : Adding type registration ZonedDateTimeWithTimezone -> org.hibernate.type.BasicTypeReference@4f2ac7e0
2024-10-20T19:06:33.672-03:00 DEBUG 16480 --- [biblioteca-ms-libros] [           main] org.hibernate.type.BasicTypeRegistry     : Adding type registration ZonedDateTimeWithoutTimezone -> org.hibernate.type.BasicTypeReference@2484dbb7
2024-10-20T19:06:33.672-03:00 DEBUG 16480 --- [biblioteca-ms-libros] [           main] org.hibernate.type.BasicTypeRegistry     : Adding type registration date -> org.hibernate.type.BasicTypeReference@111cba40
2024-10-20T19:06:33.672-03:00 DEBUG 16480 --- [biblioteca-ms-libros] [           main] org.hibernate.type.BasicTypeRegistry     : Adding type registration java.sql.Date -> org.hibernate.type.BasicTypeReference@111cba40
2024-10-20T19:06:33.672-03:00 DEBUG 16480 --- [biblioteca-ms-libros] [           main] org.hibernate.type.BasicTypeRegistry     : Adding type registration time -> org.hibernate.type.BasicTypeReference@48e41b5d
2024-10-20T19:06:33.673-03:00 DEBUG 16480 --- [biblioteca-ms-libros] [           main] org.hibernate.type.BasicTypeRegistry     : Adding type registration java.sql.Time -> org.hibernate.type.BasicTypeReference@48e41b5d
2024-10-20T19:06:33.673-03:00 DEBUG 16480 --- [biblioteca-ms-libros] [           main] org.hibernate.type.BasicTypeRegistry     : Adding type registration timestamp -> org.hibernate.type.BasicTypeReference@51e8d066
2024-10-20T19:06:33.673-03:00 DEBUG 16480 --- [biblioteca-ms-libros] [           main] org.hibernate.type.BasicTypeRegistry     : Adding type registration java.sql.Timestamp -> org.hibernate.type.BasicTypeReference@51e8d066
2024-10-20T19:06:33.673-03:00 DEBUG 16480 --- [biblioteca-ms-libros] [           main] org.hibernate.type.BasicTypeRegistry     : Adding type registration java.util.Date -> org.hibernate.type.BasicTypeReference@51e8d066
2024-10-20T19:06:33.673-03:00 DEBUG 16480 --- [biblioteca-ms-libros] [           main] org.hibernate.type.BasicTypeRegistry     : Adding type registration calendar -> org.hibernate.type.BasicTypeReference@5333f08f
2024-10-20T19:06:33.673-03:00 DEBUG 16480 --- [biblioteca-ms-libros] [           main] org.hibernate.type.BasicTypeRegistry     : Adding type registration java.util.Calendar -> org.hibernate.type.BasicTypeReference@5333f08f
2024-10-20T19:06:33.674-03:00 DEBUG 16480 --- [biblioteca-ms-libros] [           main] org.hibernate.type.BasicTypeRegistry     : Adding type registration java.util.GregorianCalendar -> org.hibernate.type.BasicTypeReference@5333f08f
2024-10-20T19:06:33.677-03:00 DEBUG 16480 --- [biblioteca-ms-libros] [           main] org.hibernate.type.BasicTypeRegistry     : Adding type registration calendar_date -> org.hibernate.type.BasicTypeReference@27898e13
2024-10-20T19:06:33.677-03:00 DEBUG 16480 --- [biblioteca-ms-libros] [           main] org.hibernate.type.BasicTypeRegistry     : Adding type registration calendar_time -> org.hibernate.type.BasicTypeReference@58a3d521
2024-10-20T19:06:33.677-03:00 DEBUG 16480 --- [biblioteca-ms-libros] [           main] org.hibernate.type.BasicTypeRegistry     : Adding type registration instant -> org.hibernate.type.BasicTypeReference@14d8e132
2024-10-20T19:06:33.677-03:00 DEBUG 16480 --- [biblioteca-ms-libros] [           main] org.hibernate.type.BasicTypeRegistry     : Adding type registration java.time.Instant -> org.hibernate.type.BasicTypeReference@14d8e132
2024-10-20T19:06:33.677-03:00 DEBUG 16480 --- [biblioteca-ms-libros] [           main] org.hibernate.type.BasicTypeRegistry     : Adding type registration uuid -> org.hibernate.type.BasicTypeReference@7f4a1cac
2024-10-20T19:06:33.678-03:00 DEBUG 16480 --- [biblioteca-ms-libros] [           main] org.hibernate.type.BasicTypeRegistry     : Adding type registration java.util.UUID -> org.hibernate.type.BasicTypeReference@7f4a1cac
2024-10-20T19:06:33.678-03:00 DEBUG 16480 --- [biblioteca-ms-libros] [           main] org.hibernate.type.BasicTypeRegistry     : Adding type registration pg-uuid -> org.hibernate.type.BasicTypeReference@7f4a1cac
2024-10-20T19:06:33.678-03:00 DEBUG 16480 --- [biblioteca-ms-libros] [           main] org.hibernate.type.BasicTypeRegistry     : Adding type registration uuid-binary -> org.hibernate.type.BasicTypeReference@4a1a412e
2024-10-20T19:06:33.678-03:00 DEBUG 16480 --- [biblioteca-ms-libros] [           main] org.hibernate.type.BasicTypeRegistry     : Adding type registration uuid-char -> org.hibernate.type.BasicTypeReference@c568f91
2024-10-20T19:06:33.678-03:00 DEBUG 16480 --- [biblioteca-ms-libros] [           main] org.hibernate.type.BasicTypeRegistry     : Adding type registration class -> org.hibernate.type.BasicTypeReference@5fd43e58
2024-10-20T19:06:33.678-03:00 DEBUG 16480 --- [biblioteca-ms-libros] [           main] org.hibernate.type.BasicTypeRegistry     : Adding type registration java.lang.Class -> org.hibernate.type.BasicTypeReference@5fd43e58
2024-10-20T19:06:33.678-03:00 DEBUG 16480 --- [biblioteca-ms-libros] [           main] org.hibernate.type.BasicTypeRegistry     : Adding type registration currency -> org.hibernate.type.BasicTypeReference@70d4f672
2024-10-20T19:06:33.678-03:00 DEBUG 16480 --- [biblioteca-ms-libros] [           main] org.hibernate.type.BasicTypeRegistry     : Adding type registration Currency -> org.hibernate.type.BasicTypeReference@70d4f672
2024-10-20T19:06:33.678-03:00 DEBUG 16480 --- [biblioteca-ms-libros] [           main] org.hibernate.type.BasicTypeRegistry     : Adding type registration java.util.Currency -> org.hibernate.type.BasicTypeReference@70d4f672
2024-10-20T19:06:33.679-03:00 DEBUG 16480 --- [biblioteca-ms-libros] [           main] org.hibernate.type.BasicTypeRegistry     : Adding type registration locale -> org.hibernate.type.BasicTypeReference@68dfda77
2024-10-20T19:06:33.679-03:00 DEBUG 16480 --- [biblioteca-ms-libros] [           main] org.hibernate.type.BasicTypeRegistry     : Adding type registration java.util.Locale -> org.hibernate.type.BasicTypeReference@68dfda77
2024-10-20T19:06:33.679-03:00 DEBUG 16480 --- [biblioteca-ms-libros] [           main] org.hibernate.type.BasicTypeRegistry     : Adding type registration serializable -> org.hibernate.type.BasicTypeReference@50cdfafa
2024-10-20T19:06:33.679-03:00 DEBUG 16480 --- [biblioteca-ms-libros] [           main] org.hibernate.type.BasicTypeRegistry     : Adding type registration java.io.Serializable -> org.hibernate.type.BasicTypeReference@50cdfafa
2024-10-20T19:06:33.679-03:00 DEBUG 16480 --- [biblioteca-ms-libros] [           main] org.hibernate.type.BasicTypeRegistry     : Adding type registration timezone -> org.hibernate.type.BasicTypeReference@2e952845
2024-10-20T19:06:33.679-03:00 DEBUG 16480 --- [biblioteca-ms-libros] [           main] org.hibernate.type.BasicTypeRegistry     : Adding type registration java.util.TimeZone -> org.hibernate.type.BasicTypeReference@2e952845
2024-10-20T19:06:33.679-03:00 DEBUG 16480 --- [biblioteca-ms-libros] [           main] org.hibernate.type.BasicTypeRegistry     : Adding type registration ZoneOffset -> org.hibernate.type.BasicTypeReference@79252c83
2024-10-20T19:06:33.679-03:00 DEBUG 16480 --- [biblioteca-ms-libros] [           main] org.hibernate.type.BasicTypeRegistry     : Adding type registration java.time.ZoneOffset -> org.hibernate.type.BasicTypeReference@79252c83
2024-10-20T19:06:33.680-03:00 DEBUG 16480 --- [biblioteca-ms-libros] [           main] org.hibernate.type.BasicTypeRegistry     : Adding type registration url -> org.hibernate.type.BasicTypeReference@6fbf5db2
2024-10-20T19:06:33.680-03:00 DEBUG 16480 --- [biblioteca-ms-libros] [           main] org.hibernate.type.BasicTypeRegistry     : Adding type registration java.net.URL -> org.hibernate.type.BasicTypeReference@6fbf5db2
2024-10-20T19:06:33.680-03:00 DEBUG 16480 --- [biblioteca-ms-libros] [           main] org.hibernate.type.BasicTypeRegistry     : Adding type registration vector -> org.hibernate.type.BasicTypeReference@509a6095
2024-10-20T19:06:33.680-03:00 DEBUG 16480 --- [biblioteca-ms-libros] [           main] org.hibernate.type.BasicTypeRegistry     : Adding type registration row_version -> org.hibernate.type.BasicTypeReference@57cabdc3
2024-10-20T19:06:33.688-03:00 DEBUG 16480 --- [biblioteca-ms-libros] [           main] org.hibernate.type.BasicTypeRegistry     : Adding type registration object -> org.hibernate.type.JavaObjectType@7bd38fed
2024-10-20T19:06:33.688-03:00 DEBUG 16480 --- [biblioteca-ms-libros] [           main] org.hibernate.type.BasicTypeRegistry     : Adding type registration java.lang.Object -> org.hibernate.type.JavaObjectType@7bd38fed
2024-10-20T19:06:33.690-03:00 DEBUG 16480 --- [biblioteca-ms-libros] [           main] org.hibernate.type.BasicTypeRegistry     : Adding type registration null -> org.hibernate.type.NullType@1c84d80a
2024-10-20T19:06:33.692-03:00 DEBUG 16480 --- [biblioteca-ms-libros] [           main] org.hibernate.type.BasicTypeRegistry     : Adding type registration imm_date -> org.hibernate.type.BasicTypeReference@7ceb6c45
2024-10-20T19:06:33.693-03:00 DEBUG 16480 --- [biblioteca-ms-libros] [           main] org.hibernate.type.BasicTypeRegistry     : Adding type registration imm_time -> org.hibernate.type.BasicTypeReference@629075f4
2024-10-20T19:06:33.693-03:00 DEBUG 16480 --- [biblioteca-ms-libros] [           main] org.hibernate.type.BasicTypeRegistry     : Adding type registration imm_timestamp -> org.hibernate.type.BasicTypeReference@48499739
2024-10-20T19:06:33.693-03:00 DEBUG 16480 --- [biblioteca-ms-libros] [           main] org.hibernate.type.BasicTypeRegistry     : Adding type registration imm_calendar -> org.hibernate.type.BasicTypeReference@723742b2
2024-10-20T19:06:33.694-03:00 DEBUG 16480 --- [biblioteca-ms-libros] [           main] org.hibernate.type.BasicTypeRegistry     : Adding type registration imm_calendar_date -> org.hibernate.type.BasicTypeReference@559991f5
2024-10-20T19:06:33.694-03:00 DEBUG 16480 --- [biblioteca-ms-libros] [           main] org.hibernate.type.BasicTypeRegistry     : Adding type registration imm_calendar_time -> org.hibernate.type.BasicTypeReference@34c76167
2024-10-20T19:06:33.694-03:00 DEBUG 16480 --- [biblioteca-ms-libros] [           main] org.hibernate.type.BasicTypeRegistry     : Adding type registration imm_binary -> org.hibernate.type.BasicTypeReference@30b3d899
2024-10-20T19:06:33.694-03:00 DEBUG 16480 --- [biblioteca-ms-libros] [           main] org.hibernate.type.BasicTypeRegistry     : Adding type registration imm_serializable -> org.hibernate.type.BasicTypeReference@78d92eef
2024-10-20T19:06:33.705-03:00 DEBUG 16480 --- [biblioteca-ms-libros] [           main] o.h.boot.internal.BootstrapContextImpl   : Injecting JPA temp ClassLoader [org.springframework.instrument.classloading.SimpleThrowawayClassLoader@5122e4bf] into BootstrapContext; was [null]
2024-10-20T19:06:33.706-03:00 DEBUG 16480 --- [biblioteca-ms-libros] [           main] o.h.boot.internal.ClassLoaderAccessImpl  : ClassLoaderAccessImpl#injectTempClassLoader(org.springframework.instrument.classloading.SimpleThrowawayClassLoader@5122e4bf) [was null]
2024-10-20T19:06:33.706-03:00 DEBUG 16480 --- [biblioteca-ms-libros] [           main] o.h.boot.internal.BootstrapContextImpl   : Injecting ScanEnvironment [org.hibernate.jpa.boot.internal.StandardJpaScanEnvironmentImpl@340afaf8] into BootstrapContext; was [null]
2024-10-20T19:06:33.707-03:00 DEBUG 16480 --- [biblioteca-ms-libros] [           main] o.h.boot.internal.BootstrapContextImpl   : Injecting ScanOptions [org.hibernate.boot.archive.scan.internal.StandardScanOptions@6238d5e0] into BootstrapContext; was [org.hibernate.boot.archive.scan.internal.StandardScanOptions@336f49a1]
2024-10-20T19:06:34.120-03:00  INFO 16480 --- [biblioteca-ms-libros] [           main] o.s.o.j.p.SpringPersistenceUnitInfo      : No LoadTimeWeaver setup: ignoring JPA class transformer
2024-10-20T19:06:34.121-03:00 DEBUG 16480 --- [biblioteca-ms-libros] [           main] o.h.boot.internal.BootstrapContextImpl   : Injecting JPA temp ClassLoader [null] into BootstrapContext; was [org.springframework.instrument.classloading.SimpleThrowawayClassLoader@5122e4bf]
2024-10-20T19:06:34.121-03:00 DEBUG 16480 --- [biblioteca-ms-libros] [           main] o.h.boot.internal.ClassLoaderAccessImpl  : ClassLoaderAccessImpl#injectTempClassLoader(null) [was org.springframework.instrument.classloading.SimpleThrowawayClassLoader@5122e4bf]
2024-10-20T19:06:34.156-03:00  INFO 16480 --- [biblioteca-ms-libros] [           main] com.zaxxer.hikari.HikariDataSource       : HikariPool-1 - Starting...
2024-10-20T19:06:34.163-03:00  WARN 16480 --- [biblioteca-ms-libros] [           main] c.zaxxer.hikari.util.DriverDataSource    : Registered driver with driverClassName=oracle.jdbc.driver.OracleDriver was not found, trying direct instantiation.
2024-10-20T19:06:35.788-03:00  INFO 16480 --- [biblioteca-ms-libros] [           main] com.zaxxer.hikari.pool.HikariPool        : HikariPool-1 - Added connection oracle.jdbc.driver.T4CConnection@1a84a8b2
2024-10-20T19:06:35.791-03:00  INFO 16480 --- [biblioteca-ms-libros] [           main] com.zaxxer.hikari.HikariDataSource       : HikariPool-1 - Start completed.
2024-10-20T19:06:35.797-03:00 DEBUG 16480 --- [biblioteca-ms-libros] [           main] o.h.e.j.e.i.JdbcEnvironmentInitiator     : Database ->
	   name : Oracle
	version : Oracle Database 19c Enterprise Edition Release 19.0.0.0.0 - Production
Version 19.25.0.1.0
	  major : 19
	  minor : 0
2024-10-20T19:06:35.797-03:00 DEBUG 16480 --- [biblioteca-ms-libros] [           main] o.h.e.j.e.i.JdbcEnvironmentInitiator     : Driver ->
	   name : Oracle JDBC driver
	version : 21.9.0.0.0
	  major : 21
	  minor : 9
2024-10-20T19:06:35.797-03:00 DEBUG 16480 --- [biblioteca-ms-libros] [           main] o.h.e.j.e.i.JdbcEnvironmentInitiator     : JDBC version : 4.3
2024-10-20T19:06:36.006-03:00  WARN 16480 --- [biblioteca-ms-libros] [           main] org.hibernate.orm.deprecation            : HHH90000025: OracleDialect does not need to be specified explicitly using 'hibernate.dialect' (remove the property setting and it will be selected by default)
2024-10-20T19:06:36.009-03:00 DEBUG 16480 --- [biblioteca-ms-libros] [           main] org.hibernate.orm.dialect                : HHH035001: Using dialect: org.hibernate.dialect.OracleDialect, version: 19.0
2024-10-20T19:06:36.133-03:00 DEBUG 16480 --- [biblioteca-ms-libros] [           main] o.h.t.d.jdbc.spi.JdbcTypeRegistry        : addDescriptor(NCharTypeDescriptor) replaced previous registration(CharTypeDescriptor)
2024-10-20T19:06:36.133-03:00 DEBUG 16480 --- [biblioteca-ms-libros] [           main] o.h.t.d.jdbc.spi.JdbcTypeRegistry        : addDescriptor(NVarcharTypeDescriptor) replaced previous registration(VarcharTypeDescriptor)
2024-10-20T19:06:36.134-03:00 DEBUG 16480 --- [biblioteca-ms-libros] [           main] o.h.t.d.jdbc.spi.JdbcTypeRegistry        : addDescriptor(LongNVarcharTypeDescriptor) replaced previous registration(LongVarcharTypeDescriptor)
2024-10-20T19:06:36.136-03:00 DEBUG 16480 --- [biblioteca-ms-libros] [           main] o.h.t.d.jdbc.spi.JdbcTypeRegistry        : addDescriptor(NClobTypeDescriptor(DEFAULT)) replaced previous registration(ClobTypeDescriptor(DEFAULT))
2024-10-20T19:06:36.136-03:00 DEBUG 16480 --- [biblioteca-ms-libros] [           main] o.h.t.d.jdbc.spi.JdbcTypeRegistry        : addDescriptor(2005, ClobTypeDescriptor(STREAM_BINDING)) replaced previous registration(ClobTypeDescriptor(DEFAULT))
2024-10-20T19:06:36.138-03:00 DEBUG 16480 --- [biblioteca-ms-libros] [           main] o.h.t.d.jdbc.spi.JdbcTypeRegistry        : addDescriptor(BooleanTypeDescriptor) replaced previous registration(BooleanTypeDescriptor)
2024-10-20T19:06:36.150-03:00 DEBUG 16480 --- [biblioteca-ms-libros] [           main] org.hibernate.type.BasicTypeRegistry     : Adding type registration null -> org.hibernate.type.NullType@4a5fab78
2024-10-20T19:06:36.150-03:00 DEBUG 16480 --- [biblioteca-ms-libros] [           main] org.hibernate.type.BasicTypeRegistry     : Type registration key [null] overrode previous entry : `org.hibernate.type.NullType@1c84d80a`
2024-10-20T19:06:36.152-03:00 DEBUG 16480 --- [biblioteca-ms-libros] [           main] org.hibernate.type.BasicTypeRegistry     : Adding type registration JAVA_OBJECT -> org.hibernate.type.JavaObjectType@45f8415b
2024-10-20T19:06:36.152-03:00 DEBUG 16480 --- [biblioteca-ms-libros] [           main] org.hibernate.type.BasicTypeRegistry     : Adding type registration java.lang.Object -> org.hibernate.type.JavaObjectType@45f8415b
2024-10-20T19:06:36.153-03:00 DEBUG 16480 --- [biblioteca-ms-libros] [           main] org.hibernate.type.BasicTypeRegistry     : Type registration key [java.lang.Object] overrode previous entry : `org.hibernate.type.JavaObjectType@7bd38fed`
2024-10-20T19:06:36.158-03:00 DEBUG 16480 --- [biblioteca-ms-libros] [           main] org.hibernate.type.BasicTypeRegistry     : Adding type registration org.hibernate.type.DurationType -> basicType@1(java.time.Duration,3015)
2024-10-20T19:06:36.158-03:00 DEBUG 16480 --- [biblioteca-ms-libros] [           main] org.hibernate.type.BasicTypeRegistry     : Adding type registration Duration -> basicType@1(java.time.Duration,3015)
2024-10-20T19:06:36.159-03:00 DEBUG 16480 --- [biblioteca-ms-libros] [           main] org.hibernate.type.BasicTypeRegistry     : Adding type registration java.time.Duration -> basicType@1(java.time.Duration,3015)
2024-10-20T19:06:36.166-03:00 DEBUG 16480 --- [biblioteca-ms-libros] [           main] o.h.type.spi.TypeConfiguration$Scope     : Scoping TypeConfiguration [org.hibernate.type.spi.TypeConfiguration@7b7e4b20] to MetadataBuildingContext [org.hibernate.boot.internal.MetadataBuildingContextRootImpl@5ac0bf84]
2024-10-20T19:06:36.240-03:00 DEBUG 16480 --- [biblioteca-ms-libros] [           main] o.h.boot.model.relational.Namespace      : Created database namespace [logicalName=Name{catalog=null, schema=null}, physicalName=Name{catalog=null, schema=null}]
2024-10-20T19:06:36.281-03:00 DEBUG 16480 --- [biblioteca-ms-libros] [           main] o.h.boot.model.internal.EntityBinder     : Binding entity from annotated class: com.example.biblioteca_ms_libros.model.Libro
2024-10-20T19:06:36.290-03:00 DEBUG 16480 --- [biblioteca-ms-libros] [           main] o.h.boot.model.internal.EntityBinder     : Import with entity name Libro
2024-10-20T19:06:36.298-03:00 DEBUG 16480 --- [biblioteca-ms-libros] [           main] o.h.boot.model.internal.EntityBinder     : Bind entity com.example.biblioteca_ms_libros.model.Libro on table libros
2024-10-20T19:06:36.310-03:00 DEBUG 16480 --- [biblioteca-ms-libros] [           main] o.h.boot.model.internal.AnnotatedColumn  : Binding column: AnnotatedDiscriminatorColumn(column='DTYPE')
2024-10-20T19:06:36.341-03:00 DEBUG 16480 --- [biblioteca-ms-libros] [           main] o.h.boot.model.internal.AnnotatedColumn  : Binding column: AnnotatedColumn(column='idLibro')
2024-10-20T19:06:36.343-03:00 DEBUG 16480 --- [biblioteca-ms-libros] [           main] o.h.boot.internal.ClassLoaderAccessImpl  : Not known whether passed class name [com.example.biblioteca_ms_libros.model.Libro] is safe
2024-10-20T19:06:36.343-03:00 DEBUG 16480 --- [biblioteca-ms-libros] [           main] o.h.boot.internal.ClassLoaderAccessImpl  : No temp ClassLoader provided; using live ClassLoader for loading potentially unsafe class : com.example.biblioteca_ms_libros.model.Libro
2024-10-20T19:06:36.348-03:00 DEBUG 16480 --- [biblioteca-ms-libros] [           main] o.h.boot.model.internal.PropertyBinder   : MetadataSourceProcessor property id with lazy=false
2024-10-20T19:06:36.352-03:00 DEBUG 16480 --- [biblioteca-ms-libros] [           main] o.h.b.m.internal.AbstractPropertyHolder  : Attempting to locate auto-apply AttributeConverter for property [com.example.biblioteca_ms_libros.model.Libro:id]
2024-10-20T19:06:36.356-03:00 DEBUG 16480 --- [biblioteca-ms-libros] [           main] o.h.b.model.internal.BasicValueBinder    : building BasicValue for id
2024-10-20T19:06:36.359-03:00 DEBUG 16480 --- [biblioteca-ms-libros] [           main] org.hibernate.mapping.BasicValue         : Skipping column re-registration: libros.id_libro
2024-10-20T19:06:36.359-03:00 DEBUG 16480 --- [biblioteca-ms-libros] [           main] o.h.boot.model.internal.PropertyBinder   : Building property id
2024-10-20T19:06:36.365-03:00 DEBUG 16480 --- [biblioteca-ms-libros] [           main] o.h.boot.model.internal.BinderHelper     : #makeIdGenerator(BasicValue([Column(id_libro)]), id, identity, , ...)
2024-10-20T19:06:36.369-03:00 DEBUG 16480 --- [biblioteca-ms-libros] [           main] o.h.boot.model.internal.AnnotatedColumn  : Binding column: AnnotatedColumn(column='annoPublicacion')
2024-10-20T19:06:36.370-03:00 DEBUG 16480 --- [biblioteca-ms-libros] [           main] o.h.boot.model.internal.PropertyBinder   : MetadataSourceProcessor property annoPublicacion with lazy=false
2024-10-20T19:06:36.370-03:00 DEBUG 16480 --- [biblioteca-ms-libros] [           main] o.h.b.m.internal.AbstractPropertyHolder  : Attempting to locate auto-apply AttributeConverter for property [com.example.biblioteca_ms_libros.model.Libro:annoPublicacion]
2024-10-20T19:06:36.370-03:00 DEBUG 16480 --- [biblioteca-ms-libros] [           main] o.h.b.model.internal.BasicValueBinder    : building BasicValue for annoPublicacion
2024-10-20T19:06:36.371-03:00 DEBUG 16480 --- [biblioteca-ms-libros] [           main] org.hibernate.mapping.BasicValue         : Skipping column re-registration: libros.anno_publicacion
2024-10-20T19:06:36.371-03:00 DEBUG 16480 --- [biblioteca-ms-libros] [           main] o.h.boot.model.internal.PropertyBinder   : Building property annoPublicacion
2024-10-20T19:06:36.372-03:00 DEBUG 16480 --- [biblioteca-ms-libros] [           main] o.h.boot.model.internal.AnnotatedColumn  : Binding column: AnnotatedColumn(column='autor')
2024-10-20T19:06:36.373-03:00 DEBUG 16480 --- [biblioteca-ms-libros] [           main] o.h.boot.model.internal.PropertyBinder   : MetadataSourceProcessor property autor with lazy=false
2024-10-20T19:06:36.374-03:00 DEBUG 16480 --- [biblioteca-ms-libros] [           main] o.h.b.m.internal.AbstractPropertyHolder  : Attempting to locate auto-apply AttributeConverter for property [com.example.biblioteca_ms_libros.model.Libro:autor]
2024-10-20T19:06:36.374-03:00 DEBUG 16480 --- [biblioteca-ms-libros] [           main] o.h.b.model.internal.BasicValueBinder    : building BasicValue for autor
2024-10-20T19:06:36.374-03:00 DEBUG 16480 --- [biblioteca-ms-libros] [           main] org.hibernate.mapping.BasicValue         : Skipping column re-registration: libros.autor
2024-10-20T19:06:36.374-03:00 DEBUG 16480 --- [biblioteca-ms-libros] [           main] o.h.boot.model.internal.PropertyBinder   : Building property autor
2024-10-20T19:06:36.375-03:00 DEBUG 16480 --- [biblioteca-ms-libros] [           main] o.h.boot.model.internal.AnnotatedColumn  : Binding column: AnnotatedColumn(column='genero')
2024-10-20T19:06:36.375-03:00 DEBUG 16480 --- [biblioteca-ms-libros] [           main] o.h.boot.model.internal.PropertyBinder   : MetadataSourceProcessor property genero with lazy=false
2024-10-20T19:06:36.375-03:00 DEBUG 16480 --- [biblioteca-ms-libros] [           main] o.h.b.m.internal.AbstractPropertyHolder  : Attempting to locate auto-apply AttributeConverter for property [com.example.biblioteca_ms_libros.model.Libro:genero]
2024-10-20T19:06:36.376-03:00 DEBUG 16480 --- [biblioteca-ms-libros] [           main] o.h.b.model.internal.BasicValueBinder    : building BasicValue for genero
2024-10-20T19:06:36.376-03:00 DEBUG 16480 --- [biblioteca-ms-libros] [           main] org.hibernate.mapping.BasicValue         : Skipping column re-registration: libros.genero
2024-10-20T19:06:36.376-03:00 DEBUG 16480 --- [biblioteca-ms-libros] [           main] o.h.boot.model.internal.PropertyBinder   : Building property genero
2024-10-20T19:06:36.376-03:00 DEBUG 16480 --- [biblioteca-ms-libros] [           main] o.h.boot.model.internal.AnnotatedColumn  : Binding column: AnnotatedColumn(column='titulo')
2024-10-20T19:06:36.377-03:00 DEBUG 16480 --- [biblioteca-ms-libros] [           main] o.h.boot.model.internal.PropertyBinder   : MetadataSourceProcessor property titulo with lazy=false
2024-10-20T19:06:36.377-03:00 DEBUG 16480 --- [biblioteca-ms-libros] [           main] o.h.b.m.internal.AbstractPropertyHolder  : Attempting to locate auto-apply AttributeConverter for property [com.example.biblioteca_ms_libros.model.Libro:titulo]
2024-10-20T19:06:36.377-03:00 DEBUG 16480 --- [biblioteca-ms-libros] [           main] o.h.b.model.internal.BasicValueBinder    : building BasicValue for titulo
2024-10-20T19:06:36.377-03:00 DEBUG 16480 --- [biblioteca-ms-libros] [           main] org.hibernate.mapping.BasicValue         : Skipping column re-registration: libros.titulo
2024-10-20T19:06:36.377-03:00 DEBUG 16480 --- [biblioteca-ms-libros] [           main] o.h.boot.model.internal.PropertyBinder   : Building property titulo
2024-10-20T19:06:36.381-03:00 DEBUG 16480 --- [biblioteca-ms-libros] [           main] o.h.b.r.c.i.ClassLoaderServiceImpl       : HHH000194: Package not found or no package-info.java: com.example.biblioteca_ms_libros.model
2024-10-20T19:06:36.391-03:00 DEBUG 16480 --- [biblioteca-ms-libros] [           main] o.h.b.model.internal.BasicValueBinder    : Starting `BasicValueBinder#fillSimpleValue` for id
2024-10-20T19:06:36.393-03:00 DEBUG 16480 --- [biblioteca-ms-libros] [           main] o.h.b.model.internal.BasicValueBinder    : Starting `BasicValueBinder#fillSimpleValue` for annoPublicacion
2024-10-20T19:06:36.394-03:00 DEBUG 16480 --- [biblioteca-ms-libros] [           main] o.h.b.model.internal.BasicValueBinder    : Starting `BasicValueBinder#fillSimpleValue` for autor
2024-10-20T19:06:36.394-03:00 DEBUG 16480 --- [biblioteca-ms-libros] [           main] o.h.b.model.internal.BasicValueBinder    : Starting `BasicValueBinder#fillSimpleValue` for genero
2024-10-20T19:06:36.396-03:00 DEBUG 16480 --- [biblioteca-ms-libros] [           main] o.h.b.model.internal.BasicValueBinder    : Starting `BasicValueBinder#fillSimpleValue` for titulo
2024-10-20T19:06:36.402-03:00 DEBUG 16480 --- [biblioteca-ms-libros] [           main] org.hibernate.mapping.PrimaryKey         : Forcing column [id_libro] to be non-null as it is part of the primary key for table [libros]
2024-10-20T19:06:36.607-03:00 DEBUG 16480 --- [biblioteca-ms-libros] [           main] o.hibernate.internal.SessionFactoryImpl  : Building session factory
2024-10-20T19:06:36.720-03:00 DEBUG 16480 --- [biblioteca-ms-libros] [           main] .h.s.i.SessionFactoryServiceRegistryImpl : EventListenerRegistry access via ServiceRegistry is deprecated.  Use `sessionFactory.getEventEngine().getListenerRegistry()` instead
2024-10-20T19:06:36.725-03:00 DEBUG 16480 --- [biblioteca-ms-libros] [           main] o.hibernate.internal.SessionFactoryImpl  : Instantiating SessionFactory with settings: {java.specification.version=23, sun.cpu.isalist=amd64, hibernate.resource.beans.container=org.springframework.orm.hibernate5.SpringBeanContainer@4e26040f, hibernate.connection.handling_mode=DELAYED_ACQUISITION_AND_HOLD, sun.jnu.encoding=Cp1252, hibernate.dialect=org.hibernate.dialect.OracleDialect, hibernate.implicit_naming_strategy=org.springframework.boot.orm.jpa.hibernate.SpringImplicitNamingStrategy, java.class.path=C:\Users\gonzaloduranadasme\Documents\GitHub\FS3_Formativa\biblioteca-ms-libros\target\test-classes;C:\Users\gonzaloduranadasme\Documents\GitHub\FS3_Formativa\biblioteca-ms-libros\target\classes;C:\Users\gonzaloduranadasme\.m2\repository\org\springframework\boot\spring-boot-starter-data-jpa\3.3.4\spring-boot-starter-data-jpa-3.3.4.jar;C:\Users\gonzaloduranadasme\.m2\repository\org\springframework\boot\spring-boot-starter-aop\3.3.4\spring-boot-starter-aop-3.3.4.jar;C:\Users\gonzaloduranadasme\.m2\repository\org\springframework\spring-aop\6.1.13\spring-aop-6.1.13.jar;C:\Users\gonzaloduranadasme\.m2\repository\org\aspectj\aspectjweaver\1.9.22.1\aspectjweaver-1.9.22.1.jar;C:\Users\gonzaloduranadasme\.m2\repository\org\springframework\boot\spring-boot-starter-jdbc\3.3.4\spring-boot-starter-jdbc-3.3.4.jar;C:\Users\gonzaloduranadasme\.m2\repository\com\zaxxer\HikariCP\5.1.0\HikariCP-5.1.0.jar;C:\Users\gonzaloduranadasme\.m2\repository\org\springframework\spring-jdbc\6.1.13\spring-jdbc-6.1.13.jar;C:\Users\gonzaloduranadasme\.m2\repository\org\hibernate\orm\hibernate-core\6.5.3.Final\hibernate-core-6.5.3.Final.jar;C:\Users\gonzaloduranadasme\.m2\repository\jakarta\persistence\jakarta.persistence-api\3.1.0\jakarta.persistence-api-3.1.0.jar;C:\Users\gonzaloduranadasme\.m2\repository\jakarta\transaction\jakarta.transaction-api\2.0.1\jakarta.transaction-api-2.0.1.jar;C:\Users\gonzaloduranadasme\.m2\repository\org\jboss\logging\jboss-logging\3.5.3.Final\jboss-logging-3.5.3.Final.jar;C:\Users\gonzaloduranadasme\.m2\repository\org\hibernate\common\hibernate-commons-annotations\6.0.6.Final\hibernate-commons-annotations-6.0.6.Final.jar;C:\Users\gonzaloduranadasme\.m2\repository\io\smallrye\jandex\3.1.2\jandex-3.1.2.jar;C:\Users\gonzaloduranadasme\.m2\repository\com\fasterxml\classmate\1.7.0\classmate-1.7.0.jar;C:\Users\gonzaloduranadasme\.m2\repository\net\bytebuddy\byte-buddy\1.14.19\byte-buddy-1.14.19.jar;C:\Users\gonzaloduranadasme\.m2\repository\org\glassfish\jaxb\jaxb-runtime\4.0.5\jaxb-runtime-4.0.5.jar;C:\Users\gonzaloduranadasme\.m2\repository\org\glassfish\jaxb\jaxb-core\4.0.5\jaxb-core-4.0.5.jar;C:\Users\gonzaloduranadasme\.m2\repository\org\eclipse\angus\angus-activation\2.0.2\angus-activation-2.0.2.jar;C:\Users\gonzaloduranadasme\.m2\repository\org\glassfish\jaxb\txw2\4.0.5\txw2-4.0.5.jar;C:\Users\gonzaloduranadasme\.m2\repository\com\sun\istack\istack-commons-runtime\4.1.2\istack-commons-runtime-4.1.2.jar;C:\Users\gonzaloduranadasme\.m2\repository\jakarta\inject\jakarta.inject-api\2.0.1\jakarta.inject-api-2.0.1.jar;C:\Users\gonzaloduranadasme\.m2\repository\org\antlr\antlr4-runtime\4.13.0\antlr4-runtime-4.13.0.jar;C:\Users\gonzaloduranadasme\.m2\repository\org\springframework\data\spring-data-jpa\3.3.4\spring-data-jpa-3.3.4.jar;C:\Users\gonzaloduranadasme\.m2\repository\org\springframework\data\spring-data-commons\3.3.4\spring-data-commons-3.3.4.jar;C:\Users\gonzaloduranadasme\.m2\repository\org\springframework\spring-orm\6.1.13\spring-orm-6.1.13.jar;C:\Users\gonzaloduranadasme\.m2\repository\org\springframework\spring-context\6.1.13\spring-context-6.1.13.jar;C:\Users\gonzaloduranadasme\.m2\repository\org\springframework\spring-tx\6.1.13\spring-tx-6.1.13.jar;C:\Users\gonzaloduranadasme\.m2\repository\org\springframework\spring-beans\6.1.13\spring-beans-6.1.13.jar;C:\Users\gonzaloduranadasme\.m2\repository\jakarta\annotation\jakarta.annotation-api\2.1.1\jakarta.annotation-api-2.1.1.jar;C:\Users\gonzaloduranadasme\.m2\repository\org\slf4j\slf4j-api\2.0.16\slf4j-api-2.0.16.jar;C:\Users\gonzaloduranadasme\.m2\repository\org\springframework\spring-aspects\6.1.13\spring-aspects-6.1.13.jar;C:\Users\gonzaloduranadasme\.m2\repository\org\springframework\boot\spring-boot-starter-web\3.3.4\spring-boot-starter-web-3.3.4.jar;C:\Users\gonzaloduranadasme\.m2\repository\org\springframework\boot\spring-boot-starter\3.3.4\spring-boot-starter-3.3.4.jar;C:\Users\gonzaloduranadasme\.m2\repository\org\springframework\boot\spring-boot-starter-logging\3.3.4\spring-boot-starter-logging-3.3.4.jar;C:\Users\gonzaloduranadasme\.m2\repository\ch\qos\logback\logback-classic\1.5.8\logback-classic-1.5.8.jar;C:\Users\gonzaloduranadasme\.m2\repository\ch\qos\logback\logback-core\1.5
[...]

   R2dbcRepositoriesAutoConfiguration:
      Did not match:
         - @ConditionalOnClass did not find required class 'io.r2dbc.spi.ConnectionFactory' (OnClassCondition)

   R2dbcTransactionManagerAutoConfiguration:
      Did not match:
         - @ConditionalOnClass did not find required class 'org.springframework.r2dbc.connection.R2dbcTransactionManager' (OnClassCondition)

   RSocketGraphQlClientAutoConfiguration:
      Did not match:
         - @ConditionalOnClass did not find required class 'graphql.GraphQL' (OnClassCondition)

   RSocketMessagingAutoConfiguration:
      Did not match:
         - @ConditionalOnClass did not find required class 'io.rsocket.RSocket' (OnClassCondition)

   RSocketRequesterAutoConfiguration:
      Did not match:
         - @ConditionalOnClass did not find required class 'io.rsocket.RSocket' (OnClassCondition)

   RSocketSecurityAutoConfiguration:
      Did not match:
         - @ConditionalOnClass did not find required class 'org.springframework.security.rsocket.core.SecuritySocketAcceptorInterceptor' (OnClassCondition)

   RSocketServerAutoConfiguration:
      Did not match:
         - @ConditionalOnClass did not find required class 'io.rsocket.core.RSocketServer' (OnClassCondition)

   RSocketStrategiesAutoConfiguration:
      Did not match:
         - @ConditionalOnClass did not find required class 'io.netty.buffer.PooledByteBufAllocator' (OnClassCondition)

   RabbitAutoConfiguration:
      Did not match:
         - @ConditionalOnClass did not find required class 'com.rabbitmq.client.Channel' (OnClassCondition)

   ReactiveElasticsearchClientAutoConfiguration:
      Did not match:
         - @ConditionalOnClass did not find required class 'co.elastic.clients.transport.ElasticsearchTransport' (OnClassCondition)

   ReactiveElasticsearchRepositoriesAutoConfiguration:
      Did not match:
         - @ConditionalOnClass did not find required class 'reactor.core.publisher.Mono' (OnClassCondition)

   ReactiveMultipartAutoConfiguration:
      Did not match:
         - @ConditionalOnClass did not find required class 'org.springframework.web.reactive.config.WebFluxConfigurer' (OnClassCondition)

   ReactiveOAuth2ClientAutoConfiguration:
      Did not match:
         - @ConditionalOnClass did not find required class 'reactor.core.publisher.Flux' (OnClassCondition)

   ReactiveOAuth2ResourceServerAutoConfiguration:
      Did not match:
         - @ConditionalOnClass did not find required class 'org.springframework.security.config.annotation.web.reactive.EnableWebFluxSecurity' (OnClassCondition)

   ReactiveSecurityAutoConfiguration:
      Did not match:
         - @ConditionalOnClass did not find required class 'reactor.core.publisher.Flux' (OnClassCondition)

   ReactiveUserDetailsServiceAutoConfiguration:
      Did not match:
         - @ConditionalOnClass did not find required class 'org.springframework.security.authentication.ReactiveAuthenticationManager' (OnClassCondition)

   ReactiveWebServerFactoryAutoConfiguration:
      Did not match:
         - @ConditionalOnWebApplication did not find reactive web application classes (OnWebApplicationCondition)

   ReactorAutoConfiguration:
      Did not match:
         - @ConditionalOnClass did not find required class 'reactor.core.publisher.Hooks' (OnClassCondition)

   RedisAutoConfiguration:
      Did not match:
         - @ConditionalOnClass did not find required class 'org.springframework.data.redis.core.RedisOperations' (OnClassCondition)

   RedisCacheConfiguration:
      Did not match:
         - @ConditionalOnClass did not find required class 'org.springframework.data.redis.connection.RedisConnectionFactory' (OnClassCondition)

   RedisReactiveAutoConfiguration:
      Did not match:
         - @ConditionalOnClass did not find required class 'reactor.core.publisher.Flux' (OnClassCondition)

   RedisRepositoriesAutoConfiguration:
      Did not match:
         - @ConditionalOnClass did not find required class 'org.springframework.data.redis.repository.configuration.EnableRedisRepositories' (OnClassCondition)

   RemoteDevToolsAutoConfiguration:
      Did not match:
         - @ConditionalOnProperty (spring.devtools.remote.secret) did not find property 'secret' (OnPropertyCondition)
      Matched:
         - @ConditionalOnClass found required classes 'jakarta.servlet.Filter', 'org.springframework.http.server.ServerHttpRequest' (OnClassCondition)

   RepositoryRestMvcAutoConfiguration:
      Did not match:
         - @ConditionalOnClass did not find required class 'org.springframework.data.rest.webmvc.config.RepositoryRestMvcConfiguration' (OnClassCondition)

   Saml2RelyingPartyAutoConfiguration:
      Did not match:
         - @ConditionalOnClass did not find required class 'org.springframework.security.saml2.provider.service.registration.RelyingPartyRegistrationRepository' (OnClassCondition)

   SecurityAutoConfiguration:
      Did not match:
         - @ConditionalOnClass did not find required class 'org.springframework.security.authentication.DefaultAuthenticationEventPublisher' (OnClassCondition)

   SecurityFilterAutoConfiguration:
      Did not match:
         - @ConditionalOnClass did not find required class 'org.springframework.security.config.http.SessionCreationPolicy' (OnClassCondition)

   SendGridAutoConfiguration:
      Did not match:
         - @ConditionalOnClass did not find required class 'com.sendgrid.SendGrid' (OnClassCondition)

   ServletWebServerFactoryAutoConfiguration.ForwardedHeaderFilterConfiguration:
      Did not match:
         - @ConditionalOnProperty (server.forward-headers-strategy=framework) did not find property 'server.forward-headers-strategy' (OnPropertyCondition)

   ServletWebServerFactoryConfiguration.EmbeddedJetty:
      Did not match:
         - @ConditionalOnClass did not find required classes 'org.eclipse.jetty.server.Server', 'org.eclipse.jetty.util.Loader', 'org.eclipse.jetty.ee10.webapp.WebAppContext' (OnClassCondition)

   ServletWebServerFactoryConfiguration.EmbeddedUndertow:
      Did not match:
         - @ConditionalOnClass did not find required classes 'io.undertow.Undertow', 'org.xnio.SslClientAuthMode' (OnClassCondition)

   SessionAutoConfiguration:
      Did not match:
         - @ConditionalOnClass did not find required class 'org.springframework.session.Session' (OnClassCondition)

   SpringApplicationAdminJmxAutoConfiguration:
      Did not match:
         - @ConditionalOnProperty (spring.application.admin.enabled=true) did not find property 'enabled' (OnPropertyCondition)

   TaskExecutorConfigurations.SimpleAsyncTaskExecutorBuilderConfiguration#simpleAsyncTaskExecutorBuilderVirtualThreads:
      Did not match:
         - @ConditionalOnMissingBean (types: org.springframework.boot.task.SimpleAsyncTaskExecutorBuilder; SearchStrategy: all) found beans of type 'org.springframework.boot.task.SimpleAsyncTaskExecutorBuilder' simpleAsyncTaskExecutorBuilder (OnBeanCondition)

   TaskExecutorConfigurations.TaskExecutorConfiguration#applicationTaskExecutorVirtualThreads:
      Did not match:
         - @ConditionalOnThreading did not find VIRTUAL (OnThreadingCondition)

   TaskSchedulingAutoConfiguration#scheduledBeanLazyInitializationExcludeFilter:
      Did not match:
         - @ConditionalOnBean (names: org.springframework.context.annotation.internalScheduledAnnotationProcessor; SearchStrategy: all) did not find any beans named org.springframework.context.annotation.internalScheduledAnnotationProcessor (OnBeanCondition)

   TaskSchedulingConfigurations.SimpleAsyncTaskSchedulerBuilderConfiguration#simpleAsyncTaskSchedulerBuilderVirtualThreads:
      Did not match:
         - @ConditionalOnMissingBean (types: org.springframework.boot.task.SimpleAsyncTaskSchedulerBuilder; SearchStrategy: all) found beans of type 'org.springframework.boot.task.SimpleAsyncTaskSchedulerBuilder' simpleAsyncTaskSchedulerBuilder (OnBeanCondition)

   TaskSchedulingConfigurations.TaskSchedulerConfiguration:
      Did not match:
         - @ConditionalOnBean (names: org.springframework.context.annotation.internalScheduledAnnotationProcessor; SearchStrategy: all) did not find any beans named org.springframework.context.annotation.internalScheduledAnnotationProcessor (OnBeanCondition)

   ThymeleafAutoConfiguration:
      Did not match:
         - @ConditionalOnClass did not find required class 'org.thymeleaf.spring6.SpringTemplateEngine' (OnClassCondition)

   TransactionAutoConfiguration#transactionalOperator:
      Did not match:
         - @ConditionalOnSingleCandidate (types: org.springframework.transaction.ReactiveTransactionManager; SearchStrategy: all) did not find any beans (OnBeanCondition)

   TransactionAutoConfiguration.AspectJTransactionManagementConfiguration:
      Did not match:
         - @ConditionalOnBean (types: org.springframework.transaction.aspectj.AbstractTransactionAspect; SearchStrategy: all) did not find any beans of type org.springframework.transaction.aspectj.AbstractTransactionAspect (OnBeanCondition)

   TransactionAutoConfiguration.EnableTransactionManagementConfiguration.JdkDynamicAutoProxyConfiguration:
      Did not match:
         - @ConditionalOnProperty (spring.aop.proxy-target-class=false) did not find property 'proxy-target-class' (OnPropertyCondition)

   UserDetailsServiceAutoConfiguration:
      Did not match:
         - @ConditionalOnClass did not find required class 'org.springframework.security.authentication.AuthenticationManager' (OnClassCondition)

   WebClientAutoConfiguration:
      Did not match:
         - @ConditionalOnClass did not find required class 'org.springframework.web.reactive.function.client.WebClient' (OnClassCondition)

   WebFluxAutoConfiguration:
      Did not match:
         - @ConditionalOnClass did not find required class 'org.springframework.web.reactive.config.WebFluxConfigurer' (OnClassCondition)

   WebMvcAutoConfiguration#hiddenHttpMethodFilter:
      Did not match:
         - @ConditionalOnProperty (spring.mvc.hiddenmethod.filter.enabled) did not find property 'enabled' (OnPropertyCondition)

   WebMvcAutoConfiguration.ProblemDetailsErrorHandlingConfiguration:
      Did not match:
         - @ConditionalOnProperty (spring.mvc.problemdetails.enabled=true) did not find property 'enabled' (OnPropertyCondition)

   WebMvcAutoConfiguration.ResourceChainCustomizerConfiguration:
      Did not match:
         - @ConditionalOnEnabledResourceChain did not find class org.webjars.WebJarAssetLocator (OnEnabledResourceChainCondition)

   WebMvcAutoConfiguration.WebMvcAutoConfigurationAdapter#beanNameViewResolver:
      Did not match:
         - @ConditionalOnMissingBean (types: org.springframework.web.servlet.view.BeanNameViewResolver; SearchStrategy: all) found beans of type 'org.springframework.web.servlet.view.BeanNameViewResolver' beanNameViewResolver (OnBeanCondition)

   WebServiceTemplateAutoConfiguration:
      Did not match:
         - @ConditionalOnClass did not find required class 'org.springframework.oxm.Marshaller' (OnClassCondition)

   WebServicesAutoConfiguration:
      Did not match:
         - @ConditionalOnClass did not find required class 'org.springframework.ws.transport.http.MessageDispatcherServlet' (OnClassCondition)

   WebSessionIdResolverAutoConfiguration:
      Did not match:
         - @ConditionalOnClass did not find required class 'reactor.core.publisher.Mono' (OnClassCondition)

   WebSocketMessagingAutoConfiguration:
      Did not match:
         - @ConditionalOnClass did not find required class 'org.springframework.web.socket.config.annotation.WebSocketMessageBrokerConfigurer' (OnClassCondition)

   WebSocketReactiveAutoConfiguration:
      Did not match:
         - @ConditionalOnWebApplication did not find reactive web application classes (OnWebApplicationCondition)

   WebSocketServletAutoConfiguration.JettyWebSocketConfiguration:
      Did not match:
         - @ConditionalOnClass did not find required class 'org.eclipse.jetty.ee10.websocket.jakarta.server.config.JakartaWebSocketServletContainerInitializer' (OnClassCondition)

   WebSocketServletAutoConfiguration.UndertowWebSocketConfiguration:
      Did not match:
         - @ConditionalOnClass did not find required class 'io.undertow.websockets.jsr.Bootstrap' (OnClassCondition)

   XADataSourceAutoConfiguration:
      Did not match:
         - @ConditionalOnBean (types: org.springframework.boot.jdbc.XADataSourceWrapper; SearchStrategy: all) did not find any beans of type org.springframework.boot.jdbc.XADataSourceWrapper (OnBeanCondition)
      Matched:
         - @ConditionalOnClass found required classes 'javax.sql.DataSource', 'jakarta.transaction.TransactionManager', 'org.springframework.jdbc.datasource.embedded.EmbeddedDatabaseType' (OnClassCondition)


Exclusions:
-----------

    None


Unconditional classes:
----------------------

    org.springframework.boot.autoconfigure.context.ConfigurationPropertiesAutoConfiguration

    org.springframework.boot.autoconfigure.ssl.SslAutoConfiguration

    org.springframework.boot.autoconfigure.context.LifecycleAutoConfiguration

    org.springframework.boot.autoconfigure.context.PropertyPlaceholderAutoConfiguration

    org.springframework.boot.autoconfigure.availability.ApplicationAvailabilityAutoConfiguration

    org.springframework.boot.autoconfigure.info.ProjectInfoAutoConfiguration



2024-10-20T19:06:39.925-03:00  INFO 16480 --- [biblioteca-ms-libros] [           main] c.e.b.BibliotecaMsLibrosApplicationTests : Started BibliotecaMsLibrosApplicationTests in 11.419 seconds (process running for 13.629)
2024-10-20T19:06:39.929-03:00 DEBUG 16480 --- [biblioteca-ms-libros] [           main] o.s.b.a.ApplicationAvailabilityBean      : Application availability state LivenessState changed to CORRECT
2024-10-20T19:06:39.933-03:00 DEBUG 16480 --- [biblioteca-ms-libros] [           main] o.s.boot.devtools.restart.Restarter      : Creating new Restarter for thread Thread[#1,main,5,main]
2024-10-20T19:06:39.934-03:00 DEBUG 16480 --- [biblioteca-ms-libros] [           main] o.s.b.a.ApplicationAvailabilityBean      : Application availability state ReadinessState changed to ACCEPTING_TRAFFIC
2024-10-20T19:06:39.937-03:00 DEBUG 16480 --- [biblioteca-ms-libros] [           main] org.springframework.test.context.cache   : Spring test ApplicationContext cache statistics: [DefaultContextCache@64547a83 size = 1, maxSize = 32, parentContextCount = 0, hitCount = 0, missCount = 1, failureCount = 0]
2024-10-20T19:06:39.938-03:00 DEBUG 16480 --- [biblioteca-ms-libros] [           main] o.s.t.c.w.ServletTestExecutionListener   : Setting up MockHttpServletRequest, MockHttpServletResponse, ServletWebRequest, and RequestContextHolder for test class com.example.biblioteca_ms_libros.BibliotecaMsLibrosApplicationTests
2024-10-20T19:06:39.964-03:00 DEBUG 16480 --- [biblioteca-ms-libros] [           main] DependencyInjectionTestExecutionListener : Performing dependency injection for test class com.example.biblioteca_ms_libros.BibliotecaMsLibrosApplicationTests
2024-10-20T19:06:39.964-03:00 DEBUG 16480 --- [biblioteca-ms-libros] [           main] org.springframework.test.context.cache   : Spring test ApplicationContext cache statistics: [DefaultContextCache@64547a83 size = 1, maxSize = 32, parentContextCount = 0, hitCount = 1, missCount = 1, failureCount = 0]
2024-10-20T19:06:39.970-03:00 DEBUG 16480 --- [biblioteca-ms-libros] [           main] org.springframework.test.context.cache   : Spring test ApplicationContext cache statistics: [DefaultContextCache@64547a83 size = 1, maxSize = 32, parentContextCount = 0, hitCount = 2, missCount = 1, failureCount = 0]
2024-10-20T19:06:40.006-03:00 DEBUG 16480 --- [biblioteca-ms-libros] [           main] sContextBeforeModesTestExecutionListener : Before test method: class [BibliotecaMsLibrosApplicationTests], method [contextLoads], class annotated with @DirtiesContext [false] with mode [null], method annotated with @DirtiesContext [false] with mode [null]
2024-10-20T19:06:40.011-03:00 DEBUG 16480 --- [biblioteca-ms-libros] [           main] org.springframework.test.context.cache   : Spring test ApplicationContext cache statistics: [DefaultContextCache@64547a83 size = 1, maxSize = 32, parentContextCount = 0, hitCount = 3, missCount = 1, failureCount = 0]
2024-10-20T19:06:40.012-03:00 DEBUG 16480 --- [biblioteca-ms-libros] [           main] org.springframework.test.context.cache   : Spring test ApplicationContext cache statistics: [DefaultContextCache@64547a83 size = 1, maxSize = 32, parentContextCount = 0, hitCount = 4, missCount = 1, failureCount = 0]
2024-10-20T19:06:40.852-03:00 DEBUG 16480 --- [biblioteca-ms-libros] [           main] org.springframework.test.context.cache   : Spring test ApplicationContext cache statistics: [DefaultContextCache@64547a83 size = 1, maxSize = 32, parentContextCount = 0, hitCount = 5, missCount = 1, failureCount = 0]
2024-10-20T19:06:40.860-03:00 DEBUG 16480 --- [biblioteca-ms-libros] [           main] org.springframework.test.context.cache   : Spring test ApplicationContext cache statistics: [DefaultContextCache@64547a83 size = 1, maxSize = 32, parentContextCount = 0, hitCount = 6, missCount = 1, failureCount = 0]
2024-10-20T19:06:40.861-03:00 DEBUG 16480 --- [biblioteca-ms-libros] [           main] org.springframework.test.context.cache   : Spring test ApplicationContext cache statistics: [DefaultContextCache@64547a83 size = 1, maxSize = 32, parentContextCount = 0, hitCount = 7, missCount = 1, failureCount = 0]
2024-10-20T19:06:40.861-03:00 DEBUG 16480 --- [biblioteca-ms-libros] [           main] org.springframework.test.context.cache   : Spring test ApplicationContext cache statistics: [DefaultContextCache@64547a83 size = 1, maxSize = 32, parentContextCount = 0, hitCount = 8, missCount = 1, failureCount = 0]
2024-10-20T19:06:40.863-03:00 DEBUG 16480 --- [biblioteca-ms-libros] [           main] org.springframework.test.context.cache   : Spring test ApplicationContext cache statistics: [DefaultContextCache@64547a83 size = 1, maxSize = 32, parentContextCount = 0, hitCount = 9, missCount = 1, failureCount = 0]
2024-10-20T19:06:40.865-03:00 DEBUG 16480 --- [biblioteca-ms-libros] [           main] org.springframework.test.context.cache   : Spring test ApplicationContext cache statistics: [DefaultContextCache@64547a83 size = 1, maxSize = 32, parentContextCount = 0, hitCount = 10, missCount = 1, failureCount = 0]
2024-10-20T19:06:40.869-03:00 DEBUG 16480 --- [biblioteca-ms-libros] [           main] org.springframework.test.context.cache   : Spring test ApplicationContext cache statistics: [DefaultContextCache@64547a83 size = 1, maxSize = 32, parentContextCount = 0, hitCount = 11, missCount = 1, failureCount = 0]
2024-10-20T19:06:40.873-03:00 DEBUG 16480 --- [biblioteca-ms-libros] [           main] .c.s.DirtiesContextTestExecutionListener : After test method: class [BibliotecaMsLibrosApplicationTests], method [contextLoads], class annotated with @DirtiesContext [false] with mode [null], method annotated with @DirtiesContext [false] with mode [null]
2024-10-20T19:06:40.873-03:00 DEBUG 16480 --- [biblioteca-ms-libros] [           main] o.s.t.c.w.ServletTestExecutionListener   : Resetting RequestContextHolder for test class com.example.biblioteca_ms_libros.BibliotecaMsLibrosApplicationTests
]]></system-out>
    <system-err><![CDATA[WARNING: A Java agent has been loaded dynamically (C:\Users\gonzaloduranadasme\.m2\repository\net\bytebuddy\byte-buddy-agent\1.14.19\byte-buddy-agent-1.14.19.jar)
WARNING: If a serviceability tool is in use, please run with -XX:+EnableDynamicAgentLoading to hide this warning
WARNING: If a serviceability tool is not in use, please run with -Djdk.instrument.traceUsage for more information
WARNING: Dynamic loading of agents will be disallowed by default in a future release
]]></system-err>
  </testcase>
</testsuite>