<?xml version="1.0" encoding="UTF-8"?>
<testsuite xmlns:xsi="http://www.w3.org/2001/XMLSchema-instance" xsi:noNamespaceSchemaLocation="https://maven.apache.org/surefire/maven-surefire-plugin/xsd/surefire-test-report-3.0.xsd" version="3.0" name="com.example.biblioteca_ms_libros.controller.LibroControllerTest" time="2.525" tests="2" errors="0" skipped="0" failures="0">
  <properties>
[...]
</properties>
  <testcase name="getAllLibrosTest" classname="com.example.biblioteca_ms_libros.controller.LibroControllerTest" time="0.888">
    <system-out><![CDATA[2024-10-19T19:42:51.881-03:00 DEBUG 15492 --- [biblioteca-ms-libros] [           main] .b.t.a.w.s.WebMvcTestContextBootstrapper : Neither @ContextConfiguration nor @ContextHierarchy found for test class [LibroControllerTest]: using SpringBootContextLoader
2024-10-19T19:42:51.884-03:00 DEBUG 15492 --- [biblioteca-ms-libros] [           main] o.s.t.c.support.AbstractContextLoader    : Could not detect default resource locations for test class [com.example.biblioteca_ms_libros.controller.LibroControllerTest]: no resource found for suffixes {-context.xml, Context.groovy}.
2024-10-19T19:42:51.884-03:00  INFO 15492 --- [biblioteca-ms-libros] [           main] t.c.s.AnnotationConfigContextLoaderUtils : Could not detect default configuration classes for test class [com.example.biblioteca_ms_libros.controller.LibroControllerTest]: LibroControllerTest does not declare any static, non-private, non-final, nested classes annotated with @Configuration.
2024-10-19T19:42:51.890-03:00 DEBUG 15492 --- [biblioteca-ms-libros] [           main] .b.t.a.w.s.WebMvcTestContextBootstrapper : Using ContextCustomizerFactory implementations for test class [LibroControllerTest]: [ImportsContextCustomizerFactory, ExcludeFilterContextCustomizerFactory, HttpGraphQlTesterContextCustomizerFactory, DuplicateJsonObjectContextCustomizerFactory, MockitoContextCustomizerFactory, TestRestTemplateContextCustomizerFactory, WebTestClientContextCustomizerFactory, DisableReactorResourceFactoryGlobalResourcesContextCustomizerFactory, OverrideAutoConfigurationContextCustomizerFactory, ObservabilityContextCustomizerFactory, TypeExcludeFiltersContextCustomizerFactory, PropertyMappingContextCustomizerFactory, WebDriverContextCustomizerFactory, MockServerContainerContextCustomizerFactory, DynamicPropertiesContextCustomizerFactory]
2024-10-19T19:42:51.958-03:00 DEBUG 15492 --- [biblioteca-ms-libros] [           main] .b.t.a.w.s.WebMvcTestContextBootstrapper : Using ContextCustomizers for test class [LibroControllerTest]: [ImportsContextCustomizer, ExcludeFilterContextCustomizer, DuplicateJsonObjectContextCustomizer, MockitoContextCustomizer, DisableReactorResourceFactoryGlobalResourcesContextCustomizerCustomizer, DisableAutoConfigurationContextCustomizer, DisableObservabilityContextCustomizer, TypeExcludeFiltersContextCustomizer, PropertyMappingContextCustomizer, WebDriverContextCustomizer]
2024-10-19T19:42:51.986-03:00 DEBUG 15492 --- [biblioteca-ms-libros] [           main] ssPathScanningCandidateComponentProvider : Identified candidate component class: file [C:\Users\gonzaloduranadasme\Documents\GitHub\FS3_Formativa\biblioteca-ms-libros\target\classes\com\example\biblioteca_ms_libros\BibliotecaMsLibrosApplication.class]
2024-10-19T19:42:51.986-03:00  INFO 15492 --- [biblioteca-ms-libros] [           main] .b.t.c.SpringBootTestContextBootstrapper : Found @SpringBootConfiguration com.example.biblioteca_ms_libros.BibliotecaMsLibrosApplication for test class com.example.biblioteca_ms_libros.controller.LibroControllerTest
2024-10-19T19:42:51.989-03:00 DEBUG 15492 --- [biblioteca-ms-libros] [           main] .s.t.c.u.TestContextSpringFactoriesUtils : Skipping candidate TestExecutionListener [org.springframework.test.context.observation.MicrometerObservationRegistryTestExecutionListener] due to a missing dependency. Specify custom TestExecutionListener classes or make the default TestExecutionListener classes and their required dependencies available. Offending class: io.micrometer.context.ThreadLocalAccessor. MicrometerObservationRegistryTestExecutionListener requires io.micrometer:micrometer-observation:1.10.8 or higher and io.micrometer:context-propagation:1.0.3 or higher.
2024-10-19T19:42:51.990-03:00 DEBUG 15492 --- [biblioteca-ms-libros] [           main] .b.t.a.w.s.WebMvcTestContextBootstrapper : Using TestExecutionListeners for test class [LibroControllerTest]: [ServletTestExecutionListener, DirtiesContextBeforeModesTestExecutionListener, ApplicationEventsTestExecutionListener, MockitoTestExecutionListener, DependencyInjectionTestExecutionListener, DirtiesContextTestExecutionListener, TransactionalTestExecutionListener, SqlScriptsTestExecutionListener, EventPublishingTestExecutionListener, ResetMocksTestExecutionListener, RestDocsTestExecutionListener, MockRestServiceServerResetTestExecutionListener, MockMvcPrintOnlyOnFailureTestExecutionListener, WebDriverTestExecutionListener, MockWebServiceServerTestExecutionListener]
2024-10-19T19:42:51.990-03:00 DEBUG 15492 --- [biblioteca-ms-libros] [           main] sContextBeforeModesTestExecutionListener : Before test class: class [LibroControllerTest], class annotated with @DirtiesContext [false] with mode [null]
2024-10-19T19:42:52.004-03:00  INFO 15492 --- [biblioteca-ms-libros] [           main] o.s.b.d.r.RestartApplicationListener     : Restart disabled due to context in which it is running
2024-10-19T19:42:52.073-03:00 DEBUG 15492 --- [biblioteca-ms-libros] [           main] .s.b.w.s.c.ApplicationServletEnvironment : Activating profiles []
2024-10-19T19:42:52.078-03:00 DEBUG 15492 --- [biblioteca-ms-libros] [           main] o.s.c.e.PropertySourcesPropertyResolver  : Found key 'spring.application.name' in PropertySource 'configurationProperties' with value of type String

  .   ____          _            __ _ _
 /\\ / ___'_ __ _ _(_)_ __  __ _ \ \ \ \
( ( )\___ | '_ | '_| | '_ \/ _` | \ \ \ \
 \\/  ___)| |_)| | | | | || (_| |  ) ) ) )
  '  |____| .__|_| |_|_| |_\__, | / / / /
 =========|_|==============|___/=/_/_/_/

 :: Spring Boot ::                (v3.3.4)

2024-10-19T19:42:52.105-03:00  INFO 15492 --- [biblioteca-ms-libros] [           main] c.e.b.controller.LibroControllerTest     : Starting LibroControllerTest using Java 23.0.1 with PID 15492 (started by gonzaloduranadasme in C:\Users\gonzaloduranadasme\Documents\GitHub\FS3_Formativa\biblioteca-ms-libros)
2024-10-19T19:42:52.106-03:00  INFO 15492 --- [biblioteca-ms-libros] [           main] c.e.b.controller.LibroControllerTest     : No active profile set, falling back to 1 default profile: "default"
2024-10-19T19:42:52.106-03:00 DEBUG 15492 --- [biblioteca-ms-libros] [           main] o.s.boot.SpringApplication               : Loading source class com.example.biblioteca_ms_libros.BibliotecaMsLibrosApplication
2024-10-19T19:42:52.111-03:00 DEBUG 15492 --- [biblioteca-ms-libros] [           main] o.s.w.c.s.GenericWebApplicationContext   : Refreshing org.springframework.web.context.support.GenericWebApplicationContext@254a9f65
2024-10-19T19:42:52.119-03:00 DEBUG 15492 --- [biblioteca-ms-libros] [           main] o.s.b.f.s.DefaultListableBeanFactory     : Creating shared instance of singleton bean 'org.springframework.context.annotation.internalConfigurationAnnotationProcessor'
2024-10-19T19:42:52.120-03:00 DEBUG 15492 --- [biblioteca-ms-libros] [           main] o.s.b.f.s.DefaultListableBeanFactory     : Creating shared instance of singleton bean 'org.springframework.boot.autoconfigure.internalCachingMetadataReaderFactory'
2024-10-19T19:42:52.173-03:00 DEBUG 15492 --- [biblioteca-ms-libros] [           main] o.s.c.a.ClassPathBeanDefinitionScanner   : Identified candidate component class: file [C:\Users\gonzaloduranadasme\Documents\GitHub\FS3_Formativa\biblioteca-ms-libros\target\classes\com\example\biblioteca_ms_libros\controller\LibroController.class]
2024-10-19T19:42:52.451-03:00 DEBUG 15492 --- [biblioteca-ms-libros] [           main] o.s.b.f.s.DefaultListableBeanFactory     : Creating shared instance of singleton bean 'org.springframework.boot.test.context.ImportsContextCustomizer$ImportsCleanupPostProcessor'
2024-10-19T19:42:52.459-03:00 DEBUG 15492 --- [biblioteca-ms-libros] [           main] o.s.b.f.s.DefaultListableBeanFactory     : Creating shared instance of singleton bean 'org.springframework.boot.test.mock.mockito.MockitoPostProcessor'
2024-10-19T19:42:52.758-03:00 DEBUG 15492 --- [biblioteca-ms-libros] [           main] o.s.b.f.s.DefaultListableBeanFactory     : Creating shared instance of singleton bean 'org.springframework.context.event.internalEventListenerProcessor'
2024-10-19T19:42:52.776-03:00 DEBUG 15492 --- [biblioteca-ms-libros] [           main] o.s.b.f.s.DefaultListableBeanFactory     : Creating shared instance of singleton bean 'preserveErrorControllerTargetClassPostProcessor'
2024-10-19T19:42:52.784-03:00 DEBUG 15492 --- [biblioteca-ms-libros] [           main] o.s.b.f.s.DefaultListableBeanFactory     : Creating shared instance of singleton bean 'org.springframework.context.event.internalEventListenerFactory'
2024-10-19T19:42:52.797-03:00 DEBUG 15492 --- [biblioteca-ms-libros] [           main] o.s.b.f.s.DefaultListableBeanFactory     : Creating shared instance of singleton bean 'org.springframework.context.annotation.internalAutowiredAnnotationProcessor'
2024-10-19T19:42:52.799-03:00 DEBUG 15492 --- [biblioteca-ms-libros] [           main] o.s.b.f.s.DefaultListableBeanFactory     : Creating shared instance of singleton bean 'org.springframework.context.annotation.internalCommonAnnotationProcessor'
2024-10-19T19:42:52.800-03:00 DEBUG 15492 --- [biblioteca-ms-libros] [           main] o.s.b.f.s.DefaultListableBeanFactory     : Creating shared instance of singleton bean 'org.springframework.context.annotation.internalPersistenceAnnotationProcessor'
2024-10-19T19:42:52.800-03:00 DEBUG 15492 --- [biblioteca-ms-libros] [           main] o.s.b.f.s.DefaultListableBeanFactory     : Creating shared instance of singleton bean 'org.springframework.boot.test.mock.mockito.MockitoPostProcessor$SpyPostProcessor'
2024-10-19T19:42:52.806-03:00 DEBUG 15492 --- [biblioteca-ms-libros] [           main] o.s.b.f.s.DefaultListableBeanFactory     : Creating shared instance of singleton bean 'org.springframework.boot.context.properties.ConfigurationPropertiesBindingPostProcessor'
2024-10-19T19:42:52.807-03:00 DEBUG 15492 --- [biblioteca-ms-libros] [           main] o.s.b.f.s.DefaultListableBeanFactory     : Creating shared instance of singleton bean 'org.springframework.boot.context.internalConfigurationPropertiesBinder'
2024-10-19T19:42:52.809-03:00 DEBUG 15492 --- [biblioteca-ms-libros] [           main] o.s.b.f.s.DefaultListableBeanFactory     : Creating shared instance of singleton bean 'methodValidationPostProcessor'
2024-10-19T19:42:52.823-03:00 DEBUG 15492 --- [biblioteca-ms-libros] [           main] o.s.b.f.s.DefaultListableBeanFactory     : Autowiring by type from bean name 'methodValidationPostProcessor' via factory method to bean named 'environment'
2024-10-19T19:42:52.823-03:00 DEBUG 15492 --- [biblioteca-ms-libros] [           main] o.s.b.f.s.DefaultListableBeanFactory     : Creating shared instance of singleton bean 'org.springframework.boot.context.properties.EnableConfigurationPropertiesRegistrar.methodValidationExcludeFilter'
2024-10-19T19:42:52.855-03:00 DEBUG 15492 --- [biblioteca-ms-libros] [           main] o.s.b.f.s.DefaultListableBeanFactory     : Creating shared instance of singleton bean 'projectingArgumentResolverBeanPostProcessor'
2024-10-19T19:42:52.855-03:00 DEBUG 15492 --- [biblioteca-ms-libros] [           main] o.s.b.f.s.DefaultListableBeanFactory     : Creating shared instance of singleton bean 'hypermediaRepresentionModelProcessorConfigurator'
2024-10-19T19:42:52.855-03:00 DEBUG 15492 --- [biblioteca-ms-libros] [           main] o.s.b.f.s.DefaultListableBeanFactory     : Creating shared instance of singleton bean 'hypermediaRestTemplateBeanPostProcessor'
2024-10-19T19:42:52.855-03:00 DEBUG 15492 --- [biblioteca-ms-libros] [           main] o.s.u.c.s.UiApplicationContextUtils      : Unable to locate ThemeSource with name 'themeSource': using default [org.springframework.ui.context.support.ResourceBundleThemeSource@494c452b]
2024-10-19T19:42:52.863-03:00 DEBUG 15492 --- [biblioteca-ms-libros] [           main] o.s.b.f.s.DefaultListableBeanFactory     : Creating shared instance of singleton bean 'bibliotecaMsLibrosApplication'
2024-10-19T19:42:52.871-03:00 DEBUG 15492 --- [biblioteca-ms-libros] [           main] o.s.b.f.s.DefaultListableBeanFactory     : Creating shared instance of singleton bean 'libroController'
2024-10-19T19:42:52.880-03:00 DEBUG 15492 --- [biblioteca-ms-libros] [           main] o.s.b.f.s.DefaultListableBeanFactory     : Creating shared instance of singleton bean 'org.springframework.boot.autoconfigure.AutoConfigurationPackages'
2024-10-19T19:42:52.880-03:00 DEBUG 15492 --- [biblioteca-ms-libros] [           main] o.s.b.f.s.DefaultListableBeanFactory     : Creating shared instance of singleton bean 'org.springframework.boot.autoconfigure.task.TaskExecutorConfigurations$ThreadPoolTaskExecutorBuilderConfiguration'
2024-10-19T19:42:52.880-03:00 DEBUG 15492 --- [biblioteca-ms-libros] [           main] o.s.b.f.s.DefaultListableBeanFactory     : Creating shared instance of singleton bean 'threadPoolTaskExecutorBuilder'
2024-10-19T19:42:52.889-03:00 DEBUG 15492 --- [biblioteca-ms-libros] [           main] o.s.b.f.s.DefaultListableBeanFactory     : Creating shared instance of singleton bean 'spring.task.execution-org.springframework.boot.autoconfigure.task.TaskExecutionProperties'
2024-10-19T19:42:52.889-03:00 DEBUG 15492 --- [biblioteca-ms-libros] [           main] o.s.b.f.s.DefaultListableBeanFactory     : Creating shared instance of singleton bean 'org.springframework.boot.context.properties.BoundConfigurationProperties'
2024-10-19T19:42:52.914-03:00 DEBUG 15492 --- [biblioteca-ms-libros] [           main] o.s.b.f.s.DefaultListableBeanFactory     : Autowiring by type from bean name 'threadPoolTaskExecutorBuilder' via factory method to bean named 'spring.task.execution-org.springframework.boot.autoconfigure.task.TaskExecutionProperties'
2024-10-19T19:42:52.914-03:00 DEBUG 15492 --- [biblioteca-ms-libros] [           main] o.s.b.f.s.DefaultListableBeanFactory     : Creating shared instance of singleton bean 'org.springframework.boot.autoconfigure.task.TaskExecutorConfigurations$TaskExecutorBuilderConfiguration'
2024-10-19T19:42:52.922-03:00 DEBUG 15492 --- [biblioteca-ms-libros] [           main] o.s.b.f.s.DefaultListableBeanFactory     : Creating shared instance of singleton bean 'taskExecutorBuilder'
2024-10-19T19:42:52.922-03:00 DEBUG 15492 --- [biblioteca-ms-libros] [           main] o.s.b.f.s.DefaultListableBeanFactory     : Autowiring by type from bean name 'taskExecutorBuilder' via factory method to bean named 'spring.task.execution-org.springframework.boot.autoconfigure.task.TaskExecutionProperties'
2024-10-19T19:42:52.922-03:00 DEBUG 15492 --- [biblioteca-ms-libros] [           main] o.s.b.f.s.DefaultListableBeanFactory     : Creating shared instance of singleton bean 'org.springframework.boot.autoconfigure.task.TaskExecutorConfigurations$SimpleAsyncTaskExecutorBuilderConfiguration'
2024-10-19T19:42:52.922-03:00 DEBUG 15492 --- [biblioteca-ms-libros] [           main] o.s.b.f.s.DefaultListableBeanFactory     : Autowiring by type from bean name 'org.springframework.boot.autoconfigure.task.TaskExecutorConfigurations$SimpleAsyncTaskExecutorBuilderConfiguration' via constructor to bean named 'spring.task.execution-org.springframework.boot.autoconfigure.task.TaskExecutionProperties'
2024-10-19T19:42:52.922-03:00 DEBUG 15492 --- [biblioteca-ms-libros] [           main] o.s.b.f.s.DefaultListableBeanFactory     : Creating shared instance of singleton bean 'simpleAsyncTaskExecutorBuilder'
2024-10-19T19:42:52.922-03:00 DEBUG 15492 --- [biblioteca-ms-libros] [           main] o.s.b.f.s.DefaultListableBeanFactory     : Creating shared instance of singleton bean 'org.springframework.boot.autoconfigure.task.TaskExecutorConfigurations$TaskExecutorConfiguration'
2024-10-19T19:42:52.922-03:00 DEBUG 15492 --- [biblioteca-ms-libros] [           main] o.s.b.f.s.DefaultListableBeanFactory     : Creating shared instance of singleton bean 'org.springframework.boot.autoconfigure.task.TaskExecutionAutoConfiguration'
2024-10-19T19:42:52.930-03:00 DEBUG 15492 --- [biblioteca-ms-libros] [           main] o.s.b.f.s.DefaultListableBeanFactory     : Creating shared instance of singleton bean 'org.springframework.boot.autoconfigure.validation.ValidationAutoConfiguration'
2024-10-19T19:42:52.930-03:00 DEBUG 15492 --- [biblioteca-ms-libros] [           main] o.s.b.f.s.DefaultListableBeanFactory     : Creating shared instance of singleton bean 'defaultValidator'
2024-10-19T19:42:52.930-03:00 DEBUG 15492 --- [biblioteca-ms-libros] [           main] o.s.b.f.s.DefaultListableBeanFactory     : Autowiring by type from bean name 'defaultValidator' via factory method to bean named 'org.springframework.web.context.support.GenericWebApplicationContext@254a9f65'
2024-10-19T19:42:52.930-03:00 DEBUG 15492 --- [biblioteca-ms-libros] [           main] .h.v.m.ResourceBundleMessageInterpolator : Loaded expression factory via original TCCL
2024-10-19T19:42:52.930-03:00 DEBUG 15492 --- [biblioteca-ms-libros] [           main] o.h.v.i.e.AbstractConfigurationImpl      : Setting custom MessageInterpolator of type org.springframework.validation.beanvalidation.LocaleContextMessageInterpolator
2024-10-19T19:42:52.930-03:00 DEBUG 15492 --- [biblioteca-ms-libros] [           main] o.h.v.i.e.AbstractConfigurationImpl      : Setting custom ConstraintValidatorFactory of type org.springframework.validation.beanvalidation.SpringConstraintValidatorFactory
2024-10-19T19:42:52.938-03:00 DEBUG 15492 --- [biblioteca-ms-libros] [           main] o.h.v.i.xml.config.ValidationXmlParser   : Trying to load META-INF/validation.xml for XML based Validator configuration.
2024-10-19T19:42:52.938-03:00 DEBUG 15492 --- [biblioteca-ms-libros] [           main] o.h.v.i.xml.config.ResourceLoaderHelper  : Trying to load META-INF/validation.xml via user class loader
2024-10-19T19:42:52.938-03:00 DEBUG 15492 --- [biblioteca-ms-libros] [           main] o.h.v.i.xml.config.ResourceLoaderHelper  : Trying to load META-INF/validation.xml via TCCL
2024-10-19T19:42:52.938-03:00 DEBUG 15492 --- [biblioteca-ms-libros] [           main] o.h.v.i.xml.config.ResourceLoaderHelper  : Trying to load META-INF/validation.xml via Hibernate Validator's class loader
2024-10-19T19:42:52.938-03:00 DEBUG 15492 --- [biblioteca-ms-libros] [           main] o.h.v.i.xml.config.ValidationXmlParser   : No META-INF/validation.xml found. Using annotation based configuration only.
2024-10-19T19:42:52.938-03:00 DEBUG 15492 --- [biblioteca-ms-libros] [           main] o.h.v.i.e.resolver.TraversableResolvers  : Found jakarta.persistence.Persistence on classpath containing 'getPersistenceUtil'. Assuming JPA 2 environment. Trying to instantiate JPA aware TraversableResolver
2024-10-19T19:42:52.938-03:00 DEBUG 15492 --- [biblioteca-ms-libros] [           main] o.h.v.i.e.resolver.TraversableResolvers  : Instantiated JPA aware TraversableResolver of type org.hibernate.validator.internal.engine.resolver.JPATraversableResolver.
2024-10-19T19:42:52.938-03:00 DEBUG 15492 --- [biblioteca-ms-libros] [           main] .i.e.ValidatorFactoryConfigurationHelper : HV000252: Using org.hibernate.validator.internal.engine.DefaultPropertyNodeNameProvider as property node name provider.
2024-10-19T19:42:52.947-03:00 DEBUG 15492 --- [biblioteca-ms-libros] [           main] .i.e.ValidatorFactoryConfigurationHelper : HV000234: Using org.springframework.validation.beanvalidation.LocaleContextMessageInterpolator as ValidatorFactory-scoped message interpolator.
2024-10-19T19:42:52.947-03:00 DEBUG 15492 --- [biblioteca-ms-libros] [           main] .i.e.ValidatorFactoryConfigurationHelper : HV000234: Using org.hibernate.validator.internal.engine.resolver.JPATraversableResolver as ValidatorFactory-scoped traversable resolver.
2024-10-19T19:42:52.947-03:00 DEBUG 15492 --- [biblioteca-ms-libros] [           main] .i.e.ValidatorFactoryConfigurationHelper : HV000234: Using org.hibernate.validator.internal.util.ExecutableParameterNameProvider as ValidatorFactory-scoped parameter name provider.
2024-10-19T19:42:52.947-03:00 DEBUG 15492 --- [biblioteca-ms-libros] [           main] .i.e.ValidatorFactoryConfigurationHelper : HV000234: Using org.hibernate.validator.internal.engine.DefaultClockProvider as ValidatorFactory-scoped clock provider.
2024-10-19T19:42:52.947-03:00 DEBUG 15492 --- [biblioteca-ms-libros] [           main] .i.e.ValidatorFactoryConfigurationHelper : HV000234: Using org.hibernate.validator.internal.engine.scripting.DefaultScriptEvaluatorFactory as ValidatorFactory-scoped script evaluator factory.
2024-10-19T19:42:52.947-03:00 DEBUG 15492 --- [biblioteca-ms-libros] [           main] o.s.b.f.s.DefaultListableBeanFactory     : Creating shared instance of singleton bean 'org.springframework.boot.autoconfigure.web.servlet.error.ErrorMvcAutoConfiguration$WhitelabelErrorViewConfiguration'
2024-10-19T19:42:52.947-03:00 DEBUG 15492 --- [biblioteca-ms-libros] [           main] o.s.b.f.s.DefaultListableBeanFactory     : Creating shared instance of singleton bean 'error'
2024-10-19T19:42:52.955-03:00 DEBUG 15492 --- [biblioteca-ms-libros] [           main] o.s.b.f.s.DefaultListableBeanFactory     : Creating shared instance of singleton bean 'beanNameViewResolver'
2024-10-19T19:42:52.955-03:00 DEBUG 15492 --- [biblioteca-ms-libros] [           main] o.s.b.f.s.DefaultListableBeanFactory     : Creating shared instance of singleton bean 'org.springframework.boot.autoconfigure.web.servlet.error.ErrorMvcAutoConfiguration$DefaultErrorViewResolverConfiguration'
2024-10-19T19:42:52.955-03:00 DEBUG 15492 --- [biblioteca-ms-libros] [           main] o.s.b.f.s.DefaultListableBeanFactory     : Creating shared instance of singleton bean 'spring.web-org.springframework.boot.autoconfigure.web.WebProperties'
2024-10-19T19:42:52.964-03:00 DEBUG 15492 --- [biblioteca-ms-libros] [           main] o.s.b.f.s.DefaultListableBeanFactory     : Autowiring by type from bean name 'org.springframework.boot.autoconfigure.web.servlet.error.ErrorMvcAutoConfiguration$DefaultErrorViewResolverConfiguration' via constructor to bean named 'org.springframework.web.context.support.GenericWebApplicationContext@254a9f65'
2024-10-19T19:42:52.964-03:00 DEBUG 15492 --- [biblioteca-ms-libros] [           main] o.s.b.f.s.DefaultListableBeanFactory     : Autowiring by type from bean name 'org.springframework.boot.autoconfigure.web.servlet.error.ErrorMvcAutoConfiguration$DefaultErrorViewResolverConfiguration' via constructor to bean named 'spring.web-org.springframework.boot.autoconfigure.web.WebProperties'
2024-10-19T19:42:52.964-03:00 DEBUG 15492 --- [biblioteca-ms-libros] [           main] o.s.b.f.s.DefaultListableBeanFactory     : Creating shared instance of singleton bean 'spring.mvc-org.springframework.boot.autoconfigure.web.servlet.WebMvcProperties'
2024-10-19T19:42:52.973-03:00 DEBUG 15492 --- [biblioteca-ms-libros] [           main] o.s.b.f.s.DefaultListableBeanFactory     : Creating shared instance of singleton bean 'org.springframework.boot.autoconfigure.web.servlet.error.ErrorMvcAutoConfiguration'
2024-10-19T19:42:52.973-03:00 DEBUG 15492 --- [biblioteca-ms-libros] [           main] o.s.b.f.s.DefaultListableBeanFactory     : Creating shared instance of singleton bean 'server-org.springframework.boot.autoconfigure.web.ServerProperties'
2024-10-19T19:42:52.989-03:00 DEBUG 15492 --- [biblioteca-ms-libros] [           main] o.s.b.f.s.DefaultListableBeanFactory     : Autowiring by type from bean name 'org.springframework.boot.autoconfigure.web.servlet.error.ErrorMvcAutoConfiguration' via constructor to bean named 'server-org.springframework.boot.autoconfigure.web.ServerProperties'
2024-10-19T19:42:52.989-03:00 DEBUG 15492 --- [biblioteca-ms-libros] [           main] o.s.b.f.s.DefaultListableBeanFactory     : Creating shared instance of singleton bean 'errorAttributes'
2024-10-19T19:42:52.989-03:00 DEBUG 15492 --- [biblioteca-ms-libros] [           main] o.s.b.f.s.DefaultListableBeanFactory     : Creating shared instance of singleton bean 'basicErrorController'
2024-10-19T19:42:52.989-03:00 DEBUG 15492 --- [biblioteca-ms-libros] [           main] o.s.b.f.s.DefaultListableBeanFactory     : Autowiring by type from bean name 'basicErrorController' via factory method to bean named 'errorAttributes'
2024-10-19T19:42:52.989-03:00 DEBUG 15492 --- [biblioteca-ms-libros] [           main] o.s.b.f.s.DefaultListableBeanFactory     : Creating shared instance of singleton bean 'errorPageCustomizer'
2024-10-19T19:42:52.989-03:00 DEBUG 15492 --- [biblioteca-ms-libros] [           main] o.s.b.f.s.DefaultListableBeanFactory     : Creating shared instance of singleton bean 'dispatcherServletPath'
2024-10-19T19:42:52.989-03:00 DEBUG 15492 --- [biblioteca-ms-libros] [           main] o.s.b.f.s.DefaultListableBeanFactory     : Creating shared instance of singleton bean 'org.springframework.boot.test.autoconfigure.web.servlet.MockMvcAutoConfiguration'
2024-10-19T19:42:52.989-03:00 DEBUG 15492 --- [biblioteca-ms-libros] [           main] o.s.b.f.s.DefaultListableBeanFactory     : Autowiring by type from bean name 'org.springframework.boot.test.autoconfigure.web.servlet.MockMvcAutoConfiguration' via constructor to bean named 'org.springframework.web.context.support.GenericWebApplicationContext@254a9f65'
2024-10-19T19:42:52.989-03:00 DEBUG 15492 --- [biblioteca-ms-libros] [           main] o.s.b.f.s.DefaultListableBeanFactory     : Autowiring by type from bean name 'org.springframework.boot.test.autoconfigure.web.servlet.MockMvcAutoConfiguration' via constructor to bean named 'spring.mvc-org.springframework.boot.autoconfigure.web.servlet.WebMvcProperties'
2024-10-19T19:42:52.998-03:00 DEBUG 15492 --- [biblioteca-ms-libros] [           main] o.s.b.f.s.DefaultListableBeanFactory     : Autowiring by type from bean name 'errorPageCustomizer' via factory method to bean named 'dispatcherServletPath'
2024-10-19T19:42:52.998-03:00 DEBUG 15492 --- [biblioteca-ms-libros] [           main] o.s.b.f.s.DefaultListableBeanFactory     : Creating shared instance of singleton bean 'org.springframework.boot.autoconfigure.web.servlet.WebMvcAutoConfiguration$EnableWebMvcConfiguration'
2024-10-19T19:42:52.998-03:00 DEBUG 15492 --- [biblioteca-ms-libros] [           main] o.s.b.f.s.DefaultListableBeanFactory     : Autowiring by type from bean name 'org.springframework.boot.autoconfigure.web.servlet.WebMvcAutoConfiguration$EnableWebMvcConfiguration' via constructor to bean named 'spring.mvc-org.springframework.boot.autoconfigure.web.servlet.WebMvcProperties'
2024-10-19T19:42:52.998-03:00 DEBUG 15492 --- [biblioteca-ms-libros] [           main] o.s.b.f.s.DefaultListableBeanFactory     : Autowiring by type from bean name 'org.springframework.boot.autoconfigure.web.servlet.WebMvcAutoConfiguration$EnableWebMvcConfiguration' via constructor to bean named 'spring.web-org.springframework.boot.autoconfigure.web.WebProperties'
2024-10-19T19:42:52.998-03:00 DEBUG 15492 --- [biblioteca-ms-libros] [           main] o.s.b.f.s.DefaultListableBeanFactory     : Autowiring by type from bean name 'org.springframework.boot.autoconfigure.web.servlet.WebMvcAutoConfiguration$EnableWebMvcConfiguration' via constructor to bean named 'org.springframework.beans.factory.support.DefaultListableBeanFactory@2e0d6270'
2024-10-19T19:42:53.006-03:00 DEBUG 15492 --- [biblioteca-ms-libros] [           main] o.s.b.f.s.DefaultListableBeanFactory     : Creating shared instance of singleton bean 'org.springframework.boot.autoconfigure.web.servlet.WebMvcAutoConfiguration$WebMvcAutoConfigurationAdapter'
2024-10-19T19:42:53.006-03:00 DEBUG 15492 --- [biblioteca-ms-libros] [           main] o.s.b.f.s.DefaultListableBeanFactory     : Autowiring by type from bean name 'org.springframework.boot.autoconfigure.web.servlet.WebMvcAutoConfiguration$WebMvcAutoConfigurationAdapter' via constructor to bean named 'spring.web-org.springframework.boot.autoconfigure.web.WebProperties'
2024-10-19T19:42:53.006-03:00 DEBUG 15492 --- [biblioteca-ms-libros] [           main] o.s.b.f.s.DefaultListableBeanFactory     : Autowiring by type from bean name 'org.springframework.boot.autoconfigure.web.servlet.WebMvcAutoConfiguration$WebMvcAutoConfigurationAdapter' via constructor to bean named 'spring.mvc-org.springframework.boot.autoconfigure.web.servlet.WebMvcProperties'
2024-10-19T19:42:53.006-03:00 DEBUG 15492 --- [biblioteca-ms-libros] [           main] o.s.b.f.s.DefaultListableBeanFactory     : Autowiring by type from bean name 'org.springframework.boot.autoconfigure.web.servlet.WebMvcAutoConfiguration$WebMvcAutoConfigurationAdapter' via constructor to bean named 'org.springframework.beans.factory.support.DefaultListableBeanFactory@2e0d6270'
2024-10-19T19:42:53.006-03:00 DEBUG 15492 --- [biblioteca-ms-libros] [           main] o.s.b.f.s.DefaultListableBeanFactory     : Creating shared instance of singleton bean 'org.springframework.data.web.config.HateoasAwareSpringDataWebConfiguration'
2024-10-19T19:42:53.006-03:00 DEBUG 15492 --- [biblioteca-ms-libros] [           main] o.s.b.f.s.DefaultListableBeanFactory     : Autowiring by type from bean name 'org.springframework.data.web.config.HateoasAwareSpringDataWebConfiguration' via constructor to bean named 'org.springframework.web.context.support.GenericWebApplicationContext@254a9f65'
2024-10-19T19:42:53.006-03:00 DEBUG 15492 --- [biblioteca-ms-libros] [           main] o.s.b.f.s.DefaultListableBeanFactory     : Creating shared instance of singleton bean 'hypermediaWebMvcConfigurer'
2024-10-19T19:42:53.006-03:00 DEBUG 15492 --- [biblioteca-ms-libros] [           main] o.s.b.f.s.DefaultListableBeanFactory     : Creating shared instance of singleton bean 'org.springframework.hateoas.config.WebMvcHateoasConfiguration'
2024-10-19T19:42:53.006-03:00 DEBUG 15492 --- [biblioteca-ms-libros] [           main] o.s.b.f.s.DefaultListableBeanFactory     : Creating shared instance of singleton bean 'hypermediaWebMvcConverters'
2024-10-19T19:42:53.006-03:00 DEBUG 15492 --- [biblioteca-ms-libros] [           main] o.s.b.f.s.DefaultListableBeanFactory     : Creating shared instance of singleton bean 'org.springframework.hateoas.config.HateoasConfiguration'
2024-10-19T19:42:53.006-03:00 DEBUG 15492 --- [biblioteca-ms-libros] [           main] o.s.b.f.s.DefaultListableBeanFactory     : Creating shared instance of singleton bean 'org.springframework.hateoas.mediatype.hal.HalMediaTypeConfiguration'
2024-10-19T19:42:53.006-03:00 DEBUG 15492 --- [biblioteca-ms-libros] [           main] o.s.b.f.s.DefaultListableBeanFactory     : Creating shared instance of singleton bean '_relProvider'
2024-10-19T19:42:53.014-03:00 DEBUG 15492 --- [biblioteca-ms-libros] [           main] o.s.b.f.s.DefaultListableBeanFactory     : Creating shared instance of singleton bean 'relProviderPluginRegistry'
2024-10-19T19:42:53.014-03:00 DEBUG 15492 --- [biblioteca-ms-libros] [           main] o.s.b.f.s.DefaultListableBeanFactory     : Autowiring by type from bean name 'relProviderPluginRegistry' via factory method to bean named 'org.springframework.web.context.support.GenericWebApplicationContext@254a9f65'
2024-10-19T19:42:53.014-03:00 DEBUG 15492 --- [biblioteca-ms-libros] [           main] o.s.b.f.s.DefaultListableBeanFactory     : Autowiring by type from bean name '_relProvider' via factory method to bean named 'relProviderPluginRegistry'
2024-10-19T19:42:53.014-03:00 DEBUG 15492 --- [biblioteca-ms-libros] [           main] o.s.b.f.s.DefaultListableBeanFactory     : Creating shared instance of singleton bean 'messageResolver'
2024-10-19T19:42:53.030-03:00 DEBUG 15492 --- [biblioteca-ms-libros] [           main] o.s.b.f.s.DefaultListableBeanFactory     : Autowiring by type from bean name 'org.springframework.hateoas.mediatype.hal.HalMediaTypeConfiguration' via constructor to bean named '_relProvider'
2024-10-19T19:42:53.030-03:00 DEBUG 15492 --- [biblioteca-ms-libros] [           main] o.s.b.f.s.DefaultListableBeanFactory     : Autowiring by type from bean name 'org.springframework.hateoas.mediatype.hal.HalMediaTypeConfiguration' via constructor to bean named 'messageResolver'
2024-10-19T19:42:53.030-03:00 DEBUG 15492 --- [biblioteca-ms-libros] [           main] o.s.b.f.s.DefaultListableBeanFactory     : Autowiring by type from bean name 'org.springframework.hateoas.mediatype.hal.HalMediaTypeConfiguration' via constructor to bean named 'org.springframework.beans.factory.support.DefaultListableBeanFactory@2e0d6270'
2024-10-19T19:42:53.030-03:00 DEBUG 15492 --- [biblioteca-ms-libros] [           main] o.s.b.f.s.DefaultListableBeanFactory     : Autowiring by type from bean name 'hypermediaWebMvcConverters' via factory method to bean named 'org.springframework.hateoas.mediatype.hal.HalMediaTypeConfiguration'
2024-10-19T19:42:53.030-03:00 DEBUG 15492 --- [biblioteca-ms-libros] [           main] o.s.b.f.s.DefaultListableBeanFactory     : Creating shared instance of singleton bean 'jacksonObjectMapper'
2024-10-19T19:42:53.030-03:00 DEBUG 15492 --- [biblioteca-ms-libros] [           main] o.s.b.f.s.DefaultListableBeanFactory     : Creating shared instance of singleton bean 'org.springframework.boot.autoconfigure.jackson.JacksonAutoConfiguration$JacksonObjectMapperConfiguration'
2024-10-19T19:42:53.039-03:00 DEBUG 15492 --- [biblioteca-ms-libros] [           main] o.s.b.f.s.DefaultListableBeanFactory     : Creating shared instance of singleton bean 'org.springframework.boot.autoconfigure.jackson.JacksonAutoConfiguration$JacksonObjectMapperBuilderConfiguration'
2024-10-19T19:42:53.039-03:00 DEBUG 15492 --- [biblioteca-ms-libros] [           main] o.s.b.f.s.DefaultListableBeanFactory     : Creating shared instance of singleton bean 'standardJacksonObjectMapperBuilderCustomizer'
2024-10-19T19:42:53.039-03:00 DEBUG 15492 --- [biblioteca-ms-libros] [           main] o.s.b.f.s.DefaultListableBeanFactory     : Creating shared instance of singleton bean 'org.springframework.boot.autoconfigure.jackson.JacksonAutoConfiguration$Jackson2ObjectMapperBuilderCustomizerConfiguration'
2024-10-19T19:42:53.039-03:00 DEBUG 15492 --- [biblioteca-ms-libros] [           main] o.s.b.f.s.DefaultListableBeanFactory     : Creating shared instance of singleton bean 'spring.jackson-org.springframework.boot.autoconfigure.jackson.JacksonProperties'
2024-10-19T19:42:53.048-03:00 DEBUG 15492 --- [biblioteca-ms-libros] [           main] o.s.b.f.s.DefaultListableBeanFactory     : Autowiring by type from bean name 'standardJacksonObjectMapperBuilderCustomizer' via factory method to bean named 'spring.jackson-org.springframework.boot.autoconfigure.jackson.JacksonProperties'
2024-10-19T19:42:53.048-03:00 DEBUG 15492 --- [biblioteca-ms-libros] [           main] o.s.b.f.s.DefaultListableBeanFactory     : Creating shared instance of singleton bean 'parameterNamesModule'
2024-10-19T19:42:53.048-03:00 DEBUG 15492 --- [biblioteca-ms-libros] [           main] o.s.b.f.s.DefaultListableBeanFactory     : Creating shared instance of singleton bean 'org.springframework.boot.autoconfigure.jackson.JacksonAutoConfiguration$ParameterNamesModuleConfiguration'
2024-10-19T19:42:53.048-03:00 DEBUG 15492 --- [biblioteca-ms-libros] [           main] o.s.b.f.s.DefaultListableBeanFactory     : Creating shared instance of singleton bean 'jsonMixinModule'
2024-10-19T19:42:53.048-03:00 DEBUG 15492 --- [biblioteca-ms-libros] [           main] o.s.b.f.s.DefaultListableBeanFactory     : Creating shared instance of singleton bean 'org.springframework.boot.autoconfigure.jackson.JacksonAutoConfiguration$JacksonMixinConfiguration'
2024-10-19T19:42:53.048-03:00 DEBUG 15492 --- [biblioteca-ms-libros] [           main] o.s.b.f.s.DefaultListableBeanFactory     : Creating shared instance of singleton bean 'jsonMixinModuleEntries'
2024-10-19T19:42:53.048-03:00 DEBUG 15492 --- [biblioteca-ms-libros] [           main] o.s.b.f.s.DefaultListableBeanFactory     : Autowiring by type from bean name 'jsonMixinModuleEntries' via factory method to bean named 'org.springframework.web.context.support.GenericWebApplicationContext@254a9f65'
2024-10-19T19:42:53.048-03:00 DEBUG 15492 --- [biblioteca-ms-libros] [           main] o.s.b.a.AutoConfigurationPackages        : @EnableAutoConfiguration was declared on a class in the package 'com.example.biblioteca_ms_libros'. Automatic @Repository and @Entity scanning is enabled.
2024-10-19T19:42:53.066-03:00 DEBUG 15492 --- [biblioteca-ms-libros] [           main] o.s.b.f.s.DefaultListableBeanFactory     : Autowiring by type from bean name 'jsonMixinModule' via factory method to bean named 'org.springframework.web.context.support.GenericWebApplicationContext@254a9f65'
2024-10-19T19:42:53.066-03:00 DEBUG 15492 --- [biblioteca-ms-libros] [           main] o.s.b.f.s.DefaultListableBeanFactory     : Autowiring by type from bean name 'jsonMixinModule' via factory method to bean named 'jsonMixinModuleEntries'
2024-10-19T19:42:53.066-03:00 DEBUG 15492 --- [biblioteca-ms-libros] [           main] o.s.b.f.s.DefaultListableBeanFactory     : Creating shared instance of singleton bean 'jsonComponentModule'
2024-10-19T19:42:53.066-03:00 DEBUG 15492 --- [biblioteca-ms-libros] [           main] o.s.b.f.s.DefaultListableBeanFactory     : Creating shared instance of singleton bean 'org.springframework.boot.autoconfigure.jackson.JacksonAutoConfiguration'
2024-10-19T19:42:53.066-03:00 DEBUG 15492 --- [biblioteca-ms-libros] [           main] o.s.b.f.s.DefaultListableBeanFactory     : Creating shared instance of singleton bean 'jacksonGeoModule'
2024-10-19T19:42:53.066-03:00 DEBUG 15492 --- [biblioteca-ms-libros] [           main] o.s.b.f.s.DefaultListableBeanFactory     : Creating shared instance of singleton bean 'org.springframework.data.web.config.SpringDataJacksonConfiguration'
2024-10-19T19:42:53.075-03:00 DEBUG 15492 --- [biblioteca-ms-libros] [           main] o.s.b.f.s.DefaultListableBeanFactory     : Creating shared instance of singleton bean 'pageModule'
2024-10-19T19:42:53.075-03:00 DEBUG 15492 --- [biblioteca-ms-libros] [           main] o.s.b.f.s.DefaultListableBeanFactory     : Autowiring by type from bean name 'jacksonObjectMapperBuilder' via factory method to bean named 'org.springframework.web.context.support.GenericWebApplicationContext@254a9f65'
2024-10-19T19:42:53.075-03:00 DEBUG 15492 --- [biblioteca-ms-libros] [           main] o.s.b.f.s.DefaultListableBeanFactory     : Autowiring by type from bean name 'jacksonObjectMapperBuilder' via factory method to bean named 'standardJacksonObjectMapperBuilderCustomizer'
2024-10-19T19:42:53.075-03:00 DEBUG 15492 --- [biblioteca-ms-libros] [           main] o.s.b.f.s.DefaultListableBeanFactory     : Autowiring by type from bean name 'jacksonObjectMapper' via factory method to bean named 'jacksonObjectMapperBuilder'
2024-10-19T19:42:53.075-03:00 DEBUG 15492 --- [biblioteca-ms-libros] [           main] o.s.b.f.s.DefaultListableBeanFactory     : Autowiring by type from bean name 'hypermediaWebMvcConfigurer' via factory method to bean named 'hypermediaWebMvcConverters'
2024-10-19T19:42:53.075-03:00 DEBUG 15492 --- [biblioteca-ms-libros] [           main] o.s.b.f.s.DefaultListableBeanFactory     : Creating shared instance of singleton bean 'welcomePageHandlerMapping'
2024-10-19T19:42:53.075-03:00 DEBUG 15492 --- [biblioteca-ms-libros] [           main] o.s.b.f.s.DefaultListableBeanFactory     : Creating shared instance of singleton bean 'mvcConversionService'
2024-10-19T19:42:53.083-03:00 DEBUG 15492 --- [biblioteca-ms-libros] [           main] o.s.b.f.s.DefaultListableBeanFactory     : Creating shared instance of singleton bean 'mvcResourceUrlProvider'
2024-10-19T19:42:53.083-03:00 DEBUG 15492 --- [biblioteca-ms-libros] [           main] o.s.b.f.s.DefaultListableBeanFactory     : Autowiring by type from bean name 'welcomePageHandlerMapping' via factory method to bean named 'org.springframework.web.context.support.GenericWebApplicationContext@254a9f65'
2024-10-19T19:42:53.083-03:00 DEBUG 15492 --- [biblioteca-ms-libros] [           main] o.s.b.f.s.DefaultListableBeanFactory     : Autowiring by type from bean name 'welcomePageHandlerMapping' via factory method to bean named 'mvcConversionService'
2024-10-19T19:42:53.083-03:00 DEBUG 15492 --- [biblioteca-ms-libros] [           main] o.s.b.f.s.DefaultListableBeanFactory     : Autowiring by type from bean name 'welcomePageHandlerMapping' via factory method to bean named 'mvcResourceUrlProvider'
2024-10-19T19:42:53.083-03:00 DEBUG 15492 --- [biblioteca-ms-libros] [           main] o.s.b.f.s.DefaultListableBeanFactory     : Creating shared instance of singleton bean 'welcomePageNotAcceptableHandlerMapping'
2024-10-19T19:42:53.083-03:00 DEBUG 15492 --- [biblioteca-ms-libros] [           main] o.s.b.f.s.DefaultListableBeanFactory     : Autowiring by type from bean name 'welcomePageNotAcceptableHandlerMapping' via factory method to bean named 'org.springframework.web.context.support.GenericWebApplicationContext@254a9f65'
2024-10-19T19:42:53.083-03:00 DEBUG 15492 --- [biblioteca-ms-libros] [           main] o.s.b.f.s.DefaultListableBeanFactory     : Autowiring by type from bean name 'welcomePageNotAcceptableHandlerMapping' via factory method to bean named 'mvcConversionService'
2024-10-19T19:42:53.083-03:00 DEBUG 15492 --- [biblioteca-ms-libros] [           main] o.s.b.f.s.DefaultListableBeanFactory     : Autowiring by type from bean name 'welcomePageNotAcceptableHandlerMapping' via factory method to bean named 'mvcResourceUrlProvider'
2024-10-19T19:42:53.093-03:00 DEBUG 15492 --- [biblioteca-ms-libros] [           main] o.s.b.f.s.DefaultListableBeanFactory     : Creating shared instance of singleton bean 'localeResolver'
2024-10-19T19:42:53.093-03:00 DEBUG 15492 --- [biblioteca-ms-libros] [           main] o.s.b.f.s.DefaultListableBeanFactory     : Creating shared instance of singleton bean 'themeResolver'
2024-10-19T19:42:53.093-03:00 DEBUG 15492 --- [biblioteca-ms-libros] [           main] o.s.b.f.s.DefaultListableBeanFactory     : Creating shared instance of singleton bean 'flashMapManager'
2024-10-19T19:42:53.093-03:00 DEBUG 15492 --- [biblioteca-ms-libros] [           main] o.s.b.f.s.DefaultListableBeanFactory     : Creating shared instance of singleton bean 'mvcValidator'
2024-10-19T19:42:53.093-03:00 DEBUG 15492 --- [biblioteca-ms-libros] [           main] o.s.b.f.s.DefaultListableBeanFactory     : Creating shared instance of singleton bean 'mvcContentNegotiationManager'
2024-10-19T19:42:53.093-03:00 DEBUG 15492 --- [biblioteca-ms-libros] [           main] o.s.b.f.s.DefaultListableBeanFactory     : Creating shared instance of singleton bean 'requestMappingHandlerMapping'
2024-10-19T19:42:53.102-03:00 DEBUG 15492 --- [biblioteca-ms-libros] [           main] o.s.b.f.s.DefaultListableBeanFactory     : Autowiring by type from bean name 'requestMappingHandlerMapping' via factory method to bean named 'mvcContentNegotiationManager'
2024-10-19T19:42:53.102-03:00 DEBUG 15492 --- [biblioteca-ms-libros] [           main] o.s.b.f.s.DefaultListableBeanFactory     : Autowiring by type from bean name 'requestMappingHandlerMapping' via factory method to bean named 'mvcConversionService'
2024-10-19T19:42:53.102-03:00 DEBUG 15492 --- [biblioteca-ms-libros] [           main] o.s.b.f.s.DefaultListableBeanFactory     : Autowiring by type from bean name 'requestMappingHandlerMapping' via factory method to bean named 'mvcResourceUrlProvider'
2024-10-19T19:42:53.133-03:00 DEBUG 15492 --- [biblioteca-ms-libros] [           main] s.w.s.m.m.a.RequestMappingHandlerMapping : 7 mappings in 'requestMappingHandlerMapping'
2024-10-19T19:42:53.133-03:00 DEBUG 15492 --- [biblioteca-ms-libros] [           main] o.s.b.f.s.DefaultListableBeanFactory     : Creating shared instance of singleton bean 'mvcPatternParser'
2024-10-19T19:42:53.133-03:00 DEBUG 15492 --- [biblioteca-ms-libros] [           main] o.s.b.f.s.DefaultListableBeanFactory     : Creating shared instance of singleton bean 'mvcUrlPathHelper'
2024-10-19T19:42:53.133-03:00 DEBUG 15492 --- [biblioteca-ms-libros] [           main] o.s.b.f.s.DefaultListableBeanFactory     : Creating shared instance of singleton bean 'mvcPathMatcher'
2024-10-19T19:42:53.133-03:00 DEBUG 15492 --- [biblioteca-ms-libros] [           main] o.s.b.f.s.DefaultListableBeanFactory     : Creating shared instance of singleton bean 'viewControllerHandlerMapping'
2024-10-19T19:42:53.133-03:00 DEBUG 15492 --- [biblioteca-ms-libros] [           main] o.s.b.f.s.DefaultListableBeanFactory     : Autowiring by type from bean name 'viewControllerHandlerMapping' via factory method to bean named 'mvcConversionService'
2024-10-19T19:42:53.133-03:00 DEBUG 15492 --- [biblioteca-ms-libros] [           main] o.s.b.f.s.DefaultListableBeanFactory     : Autowiring by type from bean name 'viewControllerHandlerMapping' via factory method to bean named 'mvcResourceUrlProvider'
2024-10-19T19:42:53.133-03:00 DEBUG 15492 --- [biblioteca-ms-libros] [           main] o.s.b.f.s.DefaultListableBeanFactory     : Creating shared instance of singleton bean 'beanNameHandlerMapping'
2024-10-19T19:42:53.133-03:00 DEBUG 15492 --- [biblioteca-ms-libros] [           main] o.s.b.f.s.DefaultListableBeanFactory     : Autowiring by type from bean name 'beanNameHandlerMapping' via factory method to bean named 'mvcConversionService'
2024-10-19T19:42:53.133-03:00 DEBUG 15492 --- [biblioteca-ms-libros] [           main] o.s.b.f.s.DefaultListableBeanFactory     : Autowiring by type from bean name 'beanNameHandlerMapping' via factory method to bean named 'mvcResourceUrlProvider'
2024-10-19T19:42:53.141-03:00 DEBUG 15492 --- [biblioteca-ms-libros] [           main] o.s.b.f.s.DefaultListableBeanFactory     : Creating shared instance of singleton bean 'routerFunctionMapping'
2024-10-19T19:42:53.141-03:00 DEBUG 15492 --- [biblioteca-ms-libros] [           main] o.s.b.f.s.DefaultListableBeanFactory     : Autowiring by type from bean name 'routerFunctionMapping' via factory method to bean named 'mvcConversionService'
2024-10-19T19:42:53.141-03:00 DEBUG 15492 --- [biblioteca-ms-libros] [           main] o.s.b.f.s.DefaultListableBeanFactory     : Autowiring by type from bean name 'routerFunctionMapping' via factory method to bean named 'mvcResourceUrlProvider'
2024-10-19T19:42:53.147-03:00 DEBUG 15492 --- [biblioteca-ms-libros] [           main] o.s.b.f.s.DefaultListableBeanFactory     : Creating shared instance of singleton bean 'messageConverters'
2024-10-19T19:42:53.147-03:00 DEBUG 15492 --- [biblioteca-ms-libros] [           main] o.s.b.f.s.DefaultListableBeanFactory     : Creating shared instance of singleton bean 'org.springframework.boot.autoconfigure.http.HttpMessageConvertersAutoConfiguration'
2024-10-19T19:42:53.147-03:00 DEBUG 15492 --- [biblioteca-ms-libros] [           main] o.s.b.f.s.DefaultListableBeanFactory     : Creating shared instance of singleton bean 'stringHttpMessageConverter'
2024-10-19T19:42:53.147-03:00 DEBUG 15492 --- [biblioteca-ms-libros] [           main] o.s.b.f.s.DefaultListableBeanFactory     : Creating shared instance of singleton bean 'org.springframework.boot.autoconfigure.http.HttpMessageConvertersAutoConfiguration$StringHttpMessageConverterConfiguration'
2024-10-19T19:42:53.147-03:00 DEBUG 15492 --- [biblioteca-ms-libros] [           main] o.s.b.f.s.DefaultListableBeanFactory     : Autowiring by type from bean name 'stringHttpMessageConverter' via factory method to bean named 'environment'
2024-10-19T19:42:53.159-03:00 DEBUG 15492 --- [biblioteca-ms-libros] [           main] o.s.b.f.s.DefaultListableBeanFactory     : Creating shared instance of singleton bean 'mappingJackson2HttpMessageConverter'
2024-10-19T19:42:53.159-03:00 DEBUG 15492 --- [biblioteca-ms-libros] [           main] o.s.b.f.s.DefaultListableBeanFactory     : Creating shared instance of singleton bean 'org.springframework.boot.autoconfigure.http.JacksonHttpMessageConvertersConfiguration$MappingJackson2HttpMessageConverterConfiguration'
2024-10-19T19:42:53.159-03:00 DEBUG 15492 --- [biblioteca-ms-libros] [           main] o.s.b.f.s.DefaultListableBeanFactory     : Autowiring by type from bean name 'mappingJackson2HttpMessageConverter' via factory method to bean named 'jacksonObjectMapper'
2024-10-19T19:42:53.180-03:00 DEBUG 15492 --- [biblioteca-ms-libros] [           main] o.s.b.f.s.DefaultListableBeanFactory     : Creating shared instance of singleton bean 'applicationJsonHalConfiguration'
2024-10-19T19:42:53.180-03:00 DEBUG 15492 --- [biblioteca-ms-libros] [           main] o.s.b.f.s.DefaultListableBeanFactory     : Creating shared instance of singleton bean 'org.springframework.boot.autoconfigure.hateoas.HypermediaAutoConfiguration'
2024-10-19T19:42:53.184-03:00 DEBUG 15492 --- [biblioteca-ms-libros] [           main] o.s.b.f.s.DefaultListableBeanFactory     : Creating shared instance of singleton bean 'resourceHandlerMapping'
2024-10-19T19:42:53.184-03:00 DEBUG 15492 --- [biblioteca-ms-libros] [           main] o.s.b.f.s.DefaultListableBeanFactory     : Autowiring by type from bean name 'resourceHandlerMapping' via factory method to bean named 'mvcContentNegotiationManager'
2024-10-19T19:42:53.184-03:00 DEBUG 15492 --- [biblioteca-ms-libros] [           main] o.s.b.f.s.DefaultListableBeanFactory     : Autowiring by type from bean name 'resourceHandlerMapping' via factory method to bean named 'mvcConversionService'
2024-10-19T19:42:53.184-03:00 DEBUG 15492 --- [biblioteca-ms-libros] [           main] o.s.b.f.s.DefaultListableBeanFactory     : Autowiring by type from bean name 'resourceHandlerMapping' via factory method to bean named 'mvcResourceUrlProvider'
2024-10-19T19:42:53.192-03:00 DEBUG 15492 --- [biblioteca-ms-libros] [           main] o.s.w.s.handler.SimpleUrlHandlerMapping  : Patterns [/webjars/**, /**] in 'resourceHandlerMapping'
2024-10-19T19:42:53.192-03:00 DEBUG 15492 --- [biblioteca-ms-libros] [           main] o.s.b.f.s.DefaultListableBeanFactory     : Creating shared instance of singleton bean 'defaultServletHandlerMapping'
2024-10-19T19:42:53.192-03:00 DEBUG 15492 --- [biblioteca-ms-libros] [           main] o.s.b.f.s.DefaultListableBeanFactory     : Creating shared instance of singleton bean 'requestMappingHandlerAdapter'
2024-10-19T19:42:53.200-03:00 DEBUG 15492 --- [biblioteca-ms-libros] [           main] o.s.b.f.s.DefaultListableBeanFactory     : Autowiring by type from bean name 'requestMappingHandlerAdapter' via factory method to bean named 'mvcContentNegotiationManager'
2024-10-19T19:42:53.200-03:00 DEBUG 15492 --- [biblioteca-ms-libros] [           main] o.s.b.f.s.DefaultListableBeanFactory     : Autowiring by type from bean name 'requestMappingHandlerAdapter' via factory method to bean named 'mvcConversionService'
2024-10-19T19:42:53.200-03:00 DEBUG 15492 --- [biblioteca-ms-libros] [           main] o.s.b.f.s.DefaultListableBeanFactory     : Autowiring by type from bean name 'requestMappingHandlerAdapter' via factory method to bean named 'mvcValidator'
2024-10-19T19:42:53.200-03:00 DEBUG 15492 --- [biblioteca-ms-libros] [           main] o.s.b.f.s.DefaultListableBeanFactory     : Creating shared instance of singleton bean 'sortResolver'
2024-10-19T19:42:53.200-03:00 DEBUG 15492 --- [biblioteca-ms-libros] [           main] o.s.b.f.s.DefaultListableBeanFactory     : Creating shared instance of singleton bean 'sortCustomizer'
2024-10-19T19:42:53.200-03:00 DEBUG 15492 --- [biblioteca-ms-libros] [           main] o.s.b.f.s.DefaultListableBeanFactory     : Creating shared instance of singleton bean 'org.springframework.boot.autoconfigure.data.web.SpringDataWebAutoConfiguration'
2024-10-19T19:42:53.200-03:00 DEBUG 15492 --- [biblioteca-ms-libros] [           main] o.s.b.f.s.DefaultListableBeanFactory     : Creating shared instance of singleton bean 'spring.data.web-org.springframework.boot.autoconfigure.data.web.SpringDataWebProperties'
2024-10-19T19:42:53.208-03:00 DEBUG 15492 --- [biblioteca-ms-libros] [           main] o.s.b.f.s.DefaultListableBeanFactory     : Autowiring by type from bean name 'org.springframework.boot.autoconfigure.data.web.SpringDataWebAutoConfiguration' via constructor to bean named 'spring.data.web-org.springframework.boot.autoconfigure.data.web.SpringDataWebProperties'
2024-10-19T19:42:53.208-03:00 DEBUG 15492 --- [biblioteca-ms-libros] [           main] o.s.b.f.s.DefaultListableBeanFactory     : Creating shared instance of singleton bean 'pageableResolver'
2024-10-19T19:42:53.208-03:00 DEBUG 15492 --- [biblioteca-ms-libros] [           main] o.s.b.f.s.DefaultListableBeanFactory     : Creating shared instance of singleton bean 'pageableCustomizer'
2024-10-19T19:42:53.217-03:00 DEBUG 15492 --- [biblioteca-ms-libros] [           main] o.s.b.f.s.DefaultListableBeanFactory     : Creating shared instance of singleton bean 'pagedResourcesAssemblerArgumentResolver'
2024-10-19T19:42:53.217-03:00 DEBUG 15492 --- [biblioteca-ms-libros] [           main] o.s.b.f.s.DefaultListableBeanFactory     : Creating shared instance of singleton bean 'slicedResourcesAssemblerArgumentResolver'
2024-10-19T19:42:53.217-03:00 DEBUG 15492 --- [biblioteca-ms-libros] [           main] o.s.b.f.s.DefaultListableBeanFactory     : Creating shared instance of singleton bean 'applicationTaskExecutor'
2024-10-19T19:42:53.217-03:00 DEBUG 15492 --- [biblioteca-ms-libros] [           main] o.s.b.f.s.DefaultListableBeanFactory     : Autowiring by type from bean name 'applicationTaskExecutor' via factory method to bean named 'taskExecutorBuilder'
2024-10-19T19:42:53.226-03:00 DEBUG 15492 --- [biblioteca-ms-libros] [           main] o.s.s.concurrent.ThreadPoolTaskExecutor  : Initializing ExecutorService 'applicationTaskExecutor'
2024-10-19T19:42:53.232-03:00 DEBUG 15492 --- [biblioteca-ms-libros] [           main] s.w.s.m.m.a.RequestMappingHandlerAdapter : ControllerAdvice beans: 0 @ModelAttribute, 0 @InitBinder, 1 RequestBodyAdvice, 1 ResponseBodyAdvice
2024-10-19T19:42:53.236-03:00 DEBUG 15492 --- [biblioteca-ms-libros] [           main] o.s.b.f.s.DefaultListableBeanFactory     : Creating shared instance of singleton bean 'handlerFunctionAdapter'
2024-10-19T19:42:53.236-03:00 DEBUG 15492 --- [biblioteca-ms-libros] [           main] o.s.b.f.s.DefaultListableBeanFactory     : Creating shared instance of singleton bean 'mvcUriComponentsContributor'
2024-10-19T19:42:53.236-03:00 DEBUG 15492 --- [biblioteca-ms-libros] [           main] o.s.b.f.s.DefaultListableBeanFactory     : Autowiring by type from bean name 'mvcUriComponentsContributor' via factory method to bean named 'mvcConversionService'
2024-10-19T19:42:53.236-03:00 DEBUG 15492 --- [biblioteca-ms-libros] [           main] o.s.b.f.s.DefaultListableBeanFactory     : Autowiring by type from bean name 'mvcUriComponentsContributor' via factory method to bean named 'requestMappingHandlerAdapter'
2024-10-19T19:42:53.236-03:00 DEBUG 15492 --- [biblioteca-ms-libros] [           main] o.s.b.f.s.DefaultListableBeanFactory     : Creating shared instance of singleton bean 'httpRequestHandlerAdapter'
2024-10-19T19:42:53.236-03:00 DEBUG 15492 --- [biblioteca-ms-libros] [           main] o.s.b.f.s.DefaultListableBeanFactory     : Creating shared instance of singleton bean 'simpleControllerHandlerAdapter'
2024-10-19T19:42:53.236-03:00 DEBUG 15492 --- [biblioteca-ms-libros] [           main] o.s.b.f.s.DefaultListableBeanFactory     : Creating shared instance of singleton bean 'handlerExceptionResolver'
2024-10-19T19:42:53.236-03:00 DEBUG 15492 --- [biblioteca-ms-libros] [           main] o.s.b.f.s.DefaultListableBeanFactory     : Autowiring by type from bean name 'handlerExceptionResolver' via factory method to bean named 'mvcContentNegotiationManager'
2024-10-19T19:42:53.236-03:00 DEBUG 15492 --- [biblioteca-ms-libros] [           main] .m.m.a.ExceptionHandlerExceptionResolver : ControllerAdvice beans: 0 @ExceptionHandler, 1 ResponseBodyAdvice
2024-10-19T19:42:53.236-03:00 DEBUG 15492 --- [biblioteca-ms-libros] [           main] o.s.b.f.s.DefaultListableBeanFactory     : Creating shared instance of singleton bean 'mvcViewResolver'
2024-10-19T19:42:53.236-03:00 DEBUG 15492 --- [biblioteca-ms-libros] [           main] o.s.b.f.s.DefaultListableBeanFactory     : Autowiring by type from bean name 'mvcViewResolver' via factory method to bean named 'mvcContentNegotiationManager'
2024-10-19T19:42:53.245-03:00 DEBUG 15492 --- [biblioteca-ms-libros] [           main] o.s.b.f.s.DefaultListableBeanFactory     : Creating shared instance of singleton bean 'viewNameTranslator'
2024-10-19T19:42:53.245-03:00 DEBUG 15492 --- [biblioteca-ms-libros] [           main] o.s.b.f.s.DefaultListableBeanFactory     : Creating shared instance of singleton bean 'defaultViewResolver'
2024-10-19T19:42:53.245-03:00 DEBUG 15492 --- [biblioteca-ms-libros] [           main] o.s.b.f.s.DefaultListableBeanFactory     : Creating shared instance of singleton bean 'viewResolver'
2024-10-19T19:42:53.245-03:00 DEBUG 15492 --- [biblioteca-ms-libros] [           main] o.s.b.f.s.DefaultListableBeanFactory     : Autowiring by type from bean name 'viewResolver' via factory method to bean named 'org.springframework.beans.factory.support.DefaultListableBeanFactory@2e0d6270'
2024-10-19T19:42:53.253-03:00 DEBUG 15492 --- [biblioteca-ms-libros] [           main] o.s.b.f.s.DefaultListableBeanFactory     : Creating shared instance of singleton bean 'viewResolver'
2024-10-19T19:42:53.255-03:00 DEBUG 15492 --- [biblioteca-ms-libros] [           main] o.s.b.f.s.DefaultListableBeanFactory     : Creating shared instance of singleton bean 'requestContextFilter'
2024-10-19T19:42:53.255-03:00 DEBUG 15492 --- [biblioteca-ms-libros] [           main] o.s.b.f.s.DefaultListableBeanFactory     : Creating shared instance of singleton bean 'org.springframework.boot.autoconfigure.web.servlet.WebMvcAutoConfiguration'
2024-10-19T19:42:53.255-03:00 DEBUG 15492 --- [biblioteca-ms-libros] [           main] o.s.b.f.s.DefaultListableBeanFactory     : Creating shared instance of singleton bean 'formContentFilter'
2024-10-19T19:42:53.255-03:00 DEBUG 15492 --- [biblioteca-ms-libros] [           main] o.s.b.f.s.DefaultListableBeanFactory     : Creating shared instance of singleton bean 'org.springframework.boot.autoconfigure.http.JacksonHttpMessageConvertersConfiguration'
2024-10-19T19:42:53.255-03:00 DEBUG 15492 --- [biblioteca-ms-libros] [           main] o.s.b.f.s.DefaultListableBeanFactory     : Creating shared instance of singleton bean 'org.springframework.data.web.config.ProjectingArgumentResolverRegistrar'
2024-10-19T19:42:53.255-03:00 DEBUG 15492 --- [biblioteca-ms-libros] [           main] o.s.b.f.s.DefaultListableBeanFactory     : Creating shared instance of singleton bean 'pagedResourcesAssembler'
2024-10-19T19:42:53.255-03:00 DEBUG 15492 --- [biblioteca-ms-libros] [           main] o.s.b.f.s.DefaultListableBeanFactory     : Creating shared instance of singleton bean 'slicedResourcesAssembler'
2024-10-19T19:42:53.255-03:00 DEBUG 15492 --- [biblioteca-ms-libros] [           main] o.s.b.f.s.DefaultListableBeanFactory     : Creating shared instance of singleton bean 'offsetResolver'
2024-10-19T19:42:53.263-03:00 DEBUG 15492 --- [biblioteca-ms-libros] [           main] o.s.b.f.s.DefaultListableBeanFactory     : Creating shared instance of singleton bean 'halLinkDisocoverer'
2024-10-19T19:42:53.263-03:00 DEBUG 15492 --- [biblioteca-ms-libros] [           main] o.s.b.f.s.DefaultListableBeanFactory     : Creating shared instance of singleton bean 'org.springframework.hateoas.config.WebTestHateoasConfiguration'
2024-10-19T19:42:53.263-03:00 DEBUG 15492 --- [biblioteca-ms-libros] [           main] o.s.b.f.s.DefaultListableBeanFactory     : Creating shared instance of singleton bean 'defaultRelProvider'
2024-10-19T19:42:53.263-03:00 DEBUG 15492 --- [biblioteca-ms-libros] [           main] o.s.b.f.s.DefaultListableBeanFactory     : Creating shared instance of singleton bean 'annotationRelProvider'
2024-10-19T19:42:53.263-03:00 DEBUG 15492 --- [biblioteca-ms-libros] [           main] o.s.b.f.s.DefaultListableBeanFactory     : Creating shared instance of singleton bean 'linkDiscoverers'
2024-10-19T19:42:53.271-03:00 DEBUG 15492 --- [biblioteca-ms-libros] [           main] o.s.b.f.s.DefaultListableBeanFactory     : Creating shared instance of singleton bean 'linkDiscovererRegistry'
2024-10-19T19:42:53.284-03:00 DEBUG 15492 --- [biblioteca-ms-libros] [           main] o.s.b.f.s.DefaultListableBeanFactory     : Autowiring by type from bean name 'linkDiscoverers' via factory method to bean named 'linkDiscovererRegistry'
2024-10-19T19:42:53.284-03:00 DEBUG 15492 --- [biblioteca-ms-libros] [           main] o.s.b.f.s.DefaultListableBeanFactory     : Creating shared instance of singleton bean 'org.springframework.hateoas.config.WebMvcEntityLinksConfiguration'
2024-10-19T19:42:53.284-03:00 DEBUG 15492 --- [biblioteca-ms-libros] [           main] o.s.b.f.s.DefaultListableBeanFactory     : Creating shared instance of singleton bean 'webMvcEntityLinks'
2024-10-19T19:42:53.294-03:00 DEBUG 15492 --- [biblioteca-ms-libros] [           main] o.s.b.f.s.DefaultListableBeanFactory     : Creating shared instance of singleton bean 'webMvcLinkBuilderFactory'
2024-10-19T19:42:53.304-03:00 DEBUG 15492 --- [biblioteca-ms-libros] [           main] o.s.b.f.s.DefaultListableBeanFactory     : Creating shared instance of singleton bean 'entityLinksPluginRegistry'
2024-10-19T19:42:53.304-03:00 DEBUG 15492 --- [biblioteca-ms-libros] [           main] o.s.b.f.s.DefaultListableBeanFactory     : Autowiring by type from bean name 'entityLinksPluginRegistry' via factory method to bean named 'org.springframework.web.context.support.GenericWebApplicationContext@254a9f65'
2024-10-19T19:42:53.304-03:00 DEBUG 15492 --- [biblioteca-ms-libros] [           main] o.s.b.f.s.DefaultListableBeanFactory     : Creating shared instance of singleton bean 'delegatingEntityLinks'
2024-10-19T19:42:53.304-03:00 DEBUG 15492 --- [biblioteca-ms-libros] [           main] o.s.b.f.s.DefaultListableBeanFactory     : Autowiring by type from bean name 'delegatingEntityLinks' via factory method to bean named 'entityLinksPluginRegistry'
2024-10-19T19:42:53.304-03:00 DEBUG 15492 --- [biblioteca-ms-libros] [           main] o.s.b.f.s.DefaultListableBeanFactory     : Creating shared instance of singleton bean 'representationModelProcessorInvoker'
2024-10-19T19:42:53.312-03:00 DEBUG 15492 --- [biblioteca-ms-libros] [           main] o.s.b.f.s.DefaultListableBeanFactory     : Creating shared instance of singleton bean 'org.springframework.hateoas.config.RestTemplateHateoasConfiguration'
2024-10-19T19:42:53.312-03:00 DEBUG 15492 --- [biblioteca-ms-libros] [           main] o.s.b.f.s.DefaultListableBeanFactory     : Creating shared instance of singleton bean 'org.springframework.boot.autoconfigure.hateoas.HypermediaAutoConfiguration$HypermediaConfiguration'
2024-10-19T19:42:53.316-03:00 DEBUG 15492 --- [biblioteca-ms-libros] [           main] o.s.b.f.s.DefaultListableBeanFactory     : Creating shared instance of singleton bean 'spring.hateoas-org.springframework.boot.autoconfigure.hateoas.HateoasProperties'
2024-10-19T19:42:53.316-03:00 DEBUG 15492 --- [biblioteca-ms-libros] [           main] o.s.b.f.s.DefaultListableBeanFactory     : Creating shared instance of singleton bean 'org.springframework.boot.autoconfigure.web.servlet.HttpEncodingAutoConfiguration'
2024-10-19T19:42:53.316-03:00 DEBUG 15492 --- [biblioteca-ms-libros] [           main] o.s.b.f.s.DefaultListableBeanFactory     : Autowiring by type from bean name 'org.springframework.boot.autoconfigure.web.servlet.HttpEncodingAutoConfiguration' via constructor to bean named 'server-org.springframework.boot.autoconfigure.web.ServerProperties'
2024-10-19T19:42:53.316-03:00 DEBUG 15492 --- [biblioteca-ms-libros] [           main] o.s.b.f.s.DefaultListableBeanFactory     : Creating shared instance of singleton bean 'characterEncodingFilter'
2024-10-19T19:42:53.316-03:00 DEBUG 15492 --- [biblioteca-ms-libros] [           main] o.s.b.f.s.DefaultListableBeanFactory     : Creating shared instance of singleton bean 'localeCharsetMappingsCustomizer'
2024-10-19T19:42:53.316-03:00 DEBUG 15492 --- [biblioteca-ms-libros] [           main] o.s.b.f.s.DefaultListableBeanFactory     : Creating shared instance of singleton bean 'mockMvcBuilder'
2024-10-19T19:42:53.316-03:00 DEBUG 15492 --- [biblioteca-ms-libros] [           main] o.s.b.f.s.DefaultListableBeanFactory     : Creating shared instance of singleton bean 'springBootMockMvcBuilderCustomizer'
2024-10-19T19:42:53.324-03:00 DEBUG 15492 --- [biblioteca-ms-libros] [           main] o.s.b.f.s.DefaultListableBeanFactory     : Autowiring by type from bean name 'mockMvcBuilder' via factory method to bean named 'springBootMockMvcBuilderCustomizer'
2024-10-19T19:42:53.348-03:00 DEBUG 15492 --- [biblioteca-ms-libros] [           main] o.s.b.w.s.ServletContextInitializerBeans : Mapping filters: characterEncodingFilter urls=[/*] order=-2147483648, formContentFilter urls=[/*] order=-9900, requestContextFilter urls=[/*] order=-105
2024-10-19T19:42:53.348-03:00 DEBUG 15492 --- [biblioteca-ms-libros] [           main] o.s.b.w.s.ServletContextInitializerBeans : Mapping servlets: 
2024-10-19T19:42:53.356-03:00 DEBUG 15492 --- [biblioteca-ms-libros] [           main] o.s.b.f.s.DefaultListableBeanFactory     : Creating shared instance of singleton bean 'mockMvc'
2024-10-19T19:42:53.364-03:00 DEBUG 15492 --- [biblioteca-ms-libros] [           main] o.s.b.f.s.DefaultListableBeanFactory     : Autowiring by type from bean name 'mockMvc' via factory method to bean named 'mockMvcBuilder'
2024-10-19T19:42:53.364-03:00 DEBUG 15492 --- [biblioteca-ms-libros] [           main] s.b.w.s.f.OrderedCharacterEncodingFilter : Filter 'characterEncodingFilter' configured for use
2024-10-19T19:42:53.364-03:00 DEBUG 15492 --- [biblioteca-ms-libros] [           main] o.s.b.w.s.f.OrderedFormContentFilter     : Filter 'formContentFilter' configured for use
2024-10-19T19:42:53.364-03:00 DEBUG 15492 --- [biblioteca-ms-libros] [           main] o.s.b.w.s.f.OrderedRequestContextFilter  : Filter 'requestContextFilter' configured for use
2024-10-19T19:42:53.364-03:00  INFO 15492 --- [biblioteca-ms-libros] [           main] o.s.b.t.m.w.SpringBootMockServletContext : Initializing Spring TestDispatcherServlet ''
2024-10-19T19:42:53.364-03:00  INFO 15492 --- [biblioteca-ms-libros] [           main] o.s.t.web.servlet.TestDispatcherServlet  : Initializing Servlet ''
2024-10-19T19:42:53.364-03:00 DEBUG 15492 --- [biblioteca-ms-libros] [           main] o.s.t.web.servlet.TestDispatcherServlet  : Detected AcceptHeaderLocaleResolver
2024-10-19T19:42:53.364-03:00 DEBUG 15492 --- [biblioteca-ms-libros] [           main] o.s.t.web.servlet.TestDispatcherServlet  : Detected FixedThemeResolver
2024-10-19T19:42:53.372-03:00 DEBUG 15492 --- [biblioteca-ms-libros] [           main] o.s.t.web.servlet.TestDispatcherServlet  : Detected org.springframework.web.servlet.view.DefaultRequestToViewNameTranslator@11034fdb
2024-10-19T19:42:53.372-03:00 DEBUG 15492 --- [biblioteca-ms-libros] [           main] o.s.t.web.servlet.TestDispatcherServlet  : Detected org.springframework.web.servlet.support.SessionFlashMapManager@1bfa398e
2024-10-19T19:42:53.372-03:00 DEBUG 15492 --- [biblioteca-ms-libros] [           main] o.s.t.web.servlet.TestDispatcherServlet  : enableLoggingRequestDetails='false': request parameters and headers will be masked to prevent unsafe logging of potentially sensitive data
2024-10-19T19:42:53.372-03:00  INFO 15492 --- [biblioteca-ms-libros] [           main] o.s.t.web.servlet.TestDispatcherServlet  : Completed initialization in 8 ms
2024-10-19T19:42:53.372-03:00 DEBUG 15492 --- [biblioteca-ms-libros] [           main] o.s.b.f.s.DefaultListableBeanFactory     : Creating shared instance of singleton bean 'dispatcherServlet'
2024-10-19T19:42:53.380-03:00 DEBUG 15492 --- [biblioteca-ms-libros] [           main] o.s.b.f.s.DefaultListableBeanFactory     : Autowiring by type from bean name 'dispatcherServlet' via factory method to bean named 'mockMvc'
2024-10-19T19:42:53.397-03:00 DEBUG 15492 --- [biblioteca-ms-libros] [           main] o.s.c.support.DefaultLifecycleProcessor  : Starting beans in phase -2147483647
2024-10-19T19:42:53.397-03:00 DEBUG 15492 --- [biblioteca-ms-libros] [           main] o.s.c.support.DefaultLifecycleProcessor  : Successfully started bean 'springBootLoggingLifecycle'
2024-10-19T19:42:53.397-03:00 DEBUG 15492 --- [biblioteca-ms-libros] [           main] o.s.c.support.DefaultLifecycleProcessor  : Starting beans in phase 2147483647
2024-10-19T19:42:53.405-03:00 DEBUG 15492 --- [biblioteca-ms-libros] [           main] .s.b.a.l.ConditionEvaluationReportLogger : 


============================
CONDITIONS EVALUATION REPORT
============================


Positive matches:
-----------------

   ErrorMvcAutoConfiguration matched:
      - @ConditionalOnClass found required classes 'jakarta.servlet.Servlet', 'org.springframework.web.servlet.DispatcherServlet' (OnClassCondition)
      - found 'session' scope (OnWebApplicationCondition)

   ErrorMvcAutoConfiguration#basicErrorController matched:
      - @ConditionalOnMissingBean (types: org.springframework.boot.web.servlet.error.ErrorController; SearchStrategy: current) did not find any beans (OnBeanCondition)

   ErrorMvcAutoConfiguration#errorAttributes matched:
      - @ConditionalOnMissingBean (types: org.springframework.boot.web.servlet.error.ErrorAttributes; SearchStrategy: current) did not find any beans (OnBeanCondition)

   ErrorMvcAutoConfiguration.WhitelabelErrorViewConfiguration matched:
      - @ConditionalOnProperty (server.error.whitelabel.enabled) matched (OnPropertyCondition)
      - ErrorTemplate Missing did not find error template view (ErrorMvcAutoConfiguration.ErrorTemplateMissingCondition)

   ErrorMvcAutoConfiguration.WhitelabelErrorViewConfiguration#beanNameViewResolver matched:
      - @ConditionalOnMissingBean (types: org.springframework.web.servlet.view.BeanNameViewResolver; SearchStrategy: all) did not find any beans (OnBeanCondition)

   ErrorMvcAutoConfiguration.WhitelabelErrorViewConfiguration#defaultErrorView matched:
      - @ConditionalOnMissingBean (names: error; SearchStrategy: all) did not find any beans (OnBeanCondition)

   HttpEncodingAutoConfiguration matched:
      - @ConditionalOnClass found required class 'org.springframework.web.filter.CharacterEncodingFilter' (OnClassCondition)
      - found 'session' scope (OnWebApplicationCondition)
      - @ConditionalOnProperty (server.servlet.encoding.enabled) matched (OnPropertyCondition)

   HttpEncodingAutoConfiguration#characterEncodingFilter matched:
      - @ConditionalOnMissingBean (types: org.springframework.web.filter.CharacterEncodingFilter; SearchStrategy: all) did not find any beans (OnBeanCondition)

   HttpMessageConvertersAutoConfiguration matched:
      - @ConditionalOnClass found required class 'org.springframework.http.converter.HttpMessageConverter' (OnClassCondition)
      - NoneNestedConditions 0 matched 1 did not; NestedCondition on HttpMessageConvertersAutoConfiguration.NotReactiveWebApplicationCondition.ReactiveWebApplication did not find reactive web application classes (HttpMessageConvertersAutoConfiguration.NotReactiveWebApplicationCondition)

   HttpMessageConvertersAutoConfiguration#messageConverters matched:
      - @ConditionalOnMissingBean (types: org.springframework.boot.autoconfigure.http.HttpMessageConverters; SearchStrategy: all) did not find any beans (OnBeanCondition)

   HttpMessageConvertersAutoConfiguration.StringHttpMessageConverterConfiguration matched:
      - @ConditionalOnClass found required class 'org.springframework.http.converter.StringHttpMessageConverter' (OnClassCondition)

   HttpMessageConvertersAutoConfiguration.StringHttpMessageConverterConfiguration#stringHttpMessageConverter matched:
      - @ConditionalOnMissingBean (types: org.springframework.http.converter.StringHttpMessageConverter; SearchStrategy: all) did not find any beans (OnBeanCondition)

   HypermediaAutoConfiguration matched:
      - @ConditionalOnClass found required classes 'org.springframework.hateoas.EntityModel', 'org.springframework.web.bind.annotation.RequestMapping', 'org.springframework.web.servlet.mvc.method.annotation.RequestMappingHandlerAdapter', 'org.springframework.plugin.core.Plugin' (OnClassCondition)
      - @ConditionalOnWebApplication (required) found 'session' scope (OnWebApplicationCondition)

   HypermediaAutoConfiguration#applicationJsonHalConfiguration matched:
      - @ConditionalOnClass found required class 'com.fasterxml.jackson.databind.ObjectMapper' (OnClassCondition)
      - @ConditionalOnProperty (spring.hateoas.use-hal-as-default-json-media-type) matched (OnPropertyCondition)
      - @ConditionalOnMissingBean (types: org.springframework.hateoas.mediatype.hal.HalConfiguration; SearchStrategy: all) did not find any beans (OnBeanCondition)

   HypermediaAutoConfiguration.HypermediaConfiguration matched:
      - @ConditionalOnClass found required class 'com.fasterxml.jackson.databind.ObjectMapper' (OnClassCondition)
      - @ConditionalOnMissingBean (types: org.springframework.hateoas.client.LinkDiscoverers; SearchStrategy: all) did not find any beans (OnBeanCondition)

   JacksonAutoConfiguration matched:
      - @ConditionalOnClass found required class 'com.fasterxml.jackson.databind.ObjectMapper' (OnClassCondition)

   JacksonAutoConfiguration.Jackson2ObjectMapperBuilderCustomizerConfiguration matched:
      - @ConditionalOnClass found required class 'org.springframework.http.converter.json.Jackson2ObjectMapperBuilder' (OnClassCondition)

   JacksonAutoConfiguration.JacksonObjectMapperBuilderConfiguration matched:
      - @ConditionalOnClass found required class 'org.springframework.http.converter.json.Jackson2ObjectMapperBuilder' (OnClassCondition)

   JacksonAutoConfiguration.JacksonObjectMapperBuilderConfiguration#jacksonObjectMapperBuilder matched:
      - @ConditionalOnMissingBean (types: org.springframework.http.converter.json.Jackson2ObjectMapperBuilder; SearchStrategy: all) did not find any beans (OnBeanCondition)

   JacksonAutoConfiguration.JacksonObjectMapperConfiguration matched:
      - @ConditionalOnClass found required class 'org.springframework.http.converter.json.Jackson2ObjectMapperBuilder' (OnClassCondition)

   JacksonAutoConfiguration.JacksonObjectMapperConfiguration#jacksonObjectMapper matched:
      - @ConditionalOnMissingBean (types: com.fasterxml.jackson.databind.ObjectMapper; SearchStrategy: all) did not find any beans (OnBeanCondition)

   JacksonAutoConfiguration.ParameterNamesModuleConfiguration matched:
      - @ConditionalOnClass found required class 'com.fasterxml.jackson.module.paramnames.ParameterNamesModule' (OnClassCondition)

   JacksonAutoConfiguration.ParameterNamesModuleConfiguration#parameterNamesModule matched:
      - @ConditionalOnMissingBean (types: com.fasterxml.jackson.module.paramnames.ParameterNamesModule; SearchStrategy: all) did not find any beans (OnBeanCondition)

   JacksonHttpMessageConvertersConfiguration.MappingJackson2HttpMessageConverterConfiguration matched:
      - @ConditionalOnClass found required class 'com.fasterxml.jackson.databind.ObjectMapper' (OnClassCondition)
      - @ConditionalOnProperty (spring.mvc.converters.preferred-json-mapper=jackson) matched (OnPropertyCondition)
      - @ConditionalOnBean (types: com.fasterxml.jackson.databind.ObjectMapper; SearchStrategy: all) found bean 'jacksonObjectMapper' (OnBeanCondition)

   JacksonHttpMessageConvertersConfiguration.MappingJackson2HttpMessageConverterConfiguration#mappingJackson2HttpMessageConverter matched:
      - @ConditionalOnMissingBean (types: org.springframework.http.converter.json.MappingJackson2HttpMessageConverter ignored: org.springframework.hateoas.server.mvc.TypeConstrainedMappingJackson2HttpMessageConverter,org.springframework.data.rest.webmvc.alps.AlpsJsonHttpMessageConverter; SearchStrategy: all) did not find any beans (OnBeanCondition)

   MockMvcAutoConfiguration matched:
      - found 'session' scope (OnWebApplicationCondition)

   MockMvcAutoConfiguration#dispatcherServlet matched:
      - @ConditionalOnMissingBean (types: org.springframework.web.servlet.DispatcherServlet; SearchStrategy: all) did not find any beans (OnBeanCondition)

   MockMvcAutoConfiguration#dispatcherServletPath matched:
      - @ConditionalOnMissingBean (types: org.springframework.boot.autoconfigure.web.servlet.DispatcherServletPath; SearchStrategy: all) did not find any beans (OnBeanCondition)

   MockMvcAutoConfiguration#mockMvc matched:
      - @ConditionalOnMissingBean (types: org.springframework.test.web.servlet.MockMvc; SearchStrategy: all) did not find any beans (OnBeanCondition)

   MockMvcAutoConfiguration#mockMvcBuilder matched:
      - @ConditionalOnMissingBean (types: org.springframework.test.web.servlet.MockMvcBuilder; SearchStrategy: all) did not find any beans (OnBeanCondition)

   NoOpCacheConfiguration matched:
      - Cache org.springframework.boot.autoconfigure.cache.NoOpCacheConfiguration NONE cache type (CacheCondition)

   SpringDataWebAutoConfiguration matched:
      - @ConditionalOnClass found required classes 'org.springframework.data.web.PageableHandlerMethodArgumentResolver', 'org.springframework.web.servlet.config.annotation.WebMvcConfigurer' (OnClassCondition)
      - found 'session' scope (OnWebApplicationCondition)
      - @ConditionalOnMissingBean (types: org.springframework.data.web.PageableHandlerMethodArgumentResolver; SearchStrategy: all) did not find any beans (OnBeanCondition)

   SpringDataWebAutoConfiguration#pageableCustomizer matched:
      - @ConditionalOnMissingBean (types: org.springframework.data.web.config.PageableHandlerMethodArgumentResolverCustomizer; SearchStrategy: all) did not find any beans (OnBeanCondition)

   SpringDataWebAutoConfiguration#sortCustomizer matched:
      - @ConditionalOnMissingBean (types: org.springframework.data.web.config.SortHandlerMethodArgumentResolverCustomizer; SearchStrategy: all) did not find any beans (OnBeanCondition)

   TaskExecutionAutoConfiguration matched:
      - @ConditionalOnClass found required class 'org.springframework.scheduling.concurrent.ThreadPoolTaskExecutor' (OnClassCondition)

   TaskExecutorConfigurations.SimpleAsyncTaskExecutorBuilderConfiguration#simpleAsyncTaskExecutorBuilder matched:
      - @ConditionalOnMissingBean (types: org.springframework.boot.task.SimpleAsyncTaskExecutorBuilder; SearchStrategy: all) did not find any beans (OnBeanCondition)
      - @ConditionalOnThreading found PLATFORM (OnThreadingCondition)

   TaskExecutorConfigurations.TaskExecutorBuilderConfiguration#taskExecutorBuilder matched:
      - @ConditionalOnMissingBean (types: org.springframework.boot.task.TaskExecutorBuilder; SearchStrategy: all) did not find any beans (OnBeanCondition)

   TaskExecutorConfigurations.TaskExecutorConfiguration matched:
      - @ConditionalOnMissingBean (types: java.util.concurrent.Executor; SearchStrategy: all) did not find any beans (OnBeanCondition)

   TaskExecutorConfigurations.TaskExecutorConfiguration#applicationTaskExecutor matched:
      - @ConditionalOnThreading found PLATFORM (OnThreadingCondition)

   TaskExecutorConfigurations.ThreadPoolTaskExecutorBuilderConfiguration#threadPoolTaskExecutorBuilder matched:
[...]
      Did not match:
         - Ancestor org.springframework.boot.autoconfigure.cache.CacheAutoConfiguration did not match (ConditionEvaluationReport.AncestorsMatchedCondition)
      Matched:
         - @ConditionalOnClass found required class 'org.springframework.orm.jpa.LocalContainerEntityManagerFactoryBean' (OnClassCondition)

   CaffeineCacheConfiguration:
      Did not match:
         - @ConditionalOnClass did not find required class 'com.github.benmanes.caffeine.cache.Caffeine' (OnClassCondition)

   CouchbaseCacheConfiguration:
      Did not match:
         - @ConditionalOnClass did not find required class 'com.couchbase.client.java.Cluster' (OnClassCondition)

   ErrorMvcAutoConfiguration.DefaultErrorViewResolverConfiguration#conventionErrorViewResolver:
      Did not match:
         - @ConditionalOnBean (types: org.springframework.web.servlet.DispatcherServlet; SearchStrategy: all) did not find any beans of type org.springframework.web.servlet.DispatcherServlet (OnBeanCondition)

   FreeMarkerAutoConfiguration:
      Did not match:
         - @ConditionalOnClass did not find required class 'freemarker.template.Configuration' (OnClassCondition)

   GenericCacheConfiguration:
      Did not match:
         - Cache org.springframework.boot.autoconfigure.cache.GenericCacheConfiguration unknown cache type (CacheCondition)

   GroovyTemplateAutoConfiguration:
      Did not match:
         - @ConditionalOnClass did not find required class 'groovy.text.markup.MarkupTemplateEngine' (OnClassCondition)

   GsonAutoConfiguration:
      Did not match:
         - @ConditionalOnClass did not find required class 'com.google.gson.Gson' (OnClassCondition)

   GsonHttpMessageConvertersConfiguration:
      Did not match:
         - @ConditionalOnClass did not find required class 'com.google.gson.Gson' (OnClassCondition)

   HazelcastCacheConfiguration:
      Did not match:
         - @ConditionalOnClass did not find required class 'com.hazelcast.core.HazelcastInstance' (OnClassCondition)

   InfinispanCacheConfiguration:
      Did not match:
         - @ConditionalOnClass did not find required class 'org.infinispan.spring.embedded.provider.SpringEmbeddedCacheManager' (OnClassCondition)

   JCacheCacheConfiguration:
      Did not match:
         - @ConditionalOnClass did not find required class 'javax.cache.Caching' (OnClassCondition)

   JacksonHttpMessageConvertersConfiguration.MappingJackson2XmlHttpMessageConverterConfiguration:
      Did not match:
         - @ConditionalOnClass did not find required class 'com.fasterxml.jackson.dataformat.xml.XmlMapper' (OnClassCondition)

   JsonbAutoConfiguration:
      Did not match:
         - @ConditionalOnClass did not find required class 'jakarta.json.bind.Jsonb' (OnClassCondition)

   JsonbHttpMessageConvertersConfiguration:
      Did not match:
         - @ConditionalOnClass did not find required class 'jakarta.json.bind.Jsonb' (OnClassCondition)

   MessageSourceAutoConfiguration:
      Did not match:
         - ResourceBundle did not find bundle with basename messages (MessageSourceAutoConfiguration.ResourceBundleCondition)

   MockMvcAutoConfiguration.WebTestClientMockMvcConfiguration:
      Did not match:
         - @ConditionalOnClass did not find required class 'org.springframework.web.reactive.function.client.WebClient' (OnClassCondition)

   MockMvcSecurityConfiguration:
      Did not match:
         - @ConditionalOnClass did not find required class 'org.springframework.security.test.web.servlet.request.SecurityMockMvcRequestPostProcessors' (OnClassCondition)

   MockMvcWebClientAutoConfiguration:
      Did not match:
         - @ConditionalOnClass did not find required class 'com.gargoylesoftware.htmlunit.WebClient' (OnClassCondition)

   MockMvcWebDriverAutoConfiguration:
      Did not match:
         - @ConditionalOnClass did not find required class 'org.openqa.selenium.htmlunit.HtmlUnitDriver' (OnClassCondition)

   MustacheAutoConfiguration:
      Did not match:
         - @ConditionalOnClass did not find required class 'com.samskivert.mustache.Mustache' (OnClassCondition)

   OAuth2ClientAutoConfiguration:
      Did not match:
         - @ConditionalOnClass did not find required class 'org.springframework.security.config.annotation.web.configuration.EnableWebSecurity' (OnClassCondition)

   OAuth2ResourceServerAutoConfiguration:
      Did not match:
         - @ConditionalOnClass did not find required class 'org.springframework.security.oauth2.server.resource.authentication.BearerTokenAuthenticationToken' (OnClassCondition)

   RedisCacheConfiguration:
      Did not match:
         - @ConditionalOnClass did not find required class 'org.springframework.data.redis.connection.RedisConnectionFactory' (OnClassCondition)

   SecurityAutoConfiguration:
      Did not match:
         - @ConditionalOnClass did not find required class 'org.springframework.security.authentication.DefaultAuthenticationEventPublisher' (OnClassCondition)

   SecurityFilterAutoConfiguration:
      Did not match:
         - @ConditionalOnClass did not find required class 'org.springframework.security.config.http.SessionCreationPolicy' (OnClassCondition)

   SimpleCacheConfiguration:
      Did not match:
         - Cache org.springframework.boot.autoconfigure.cache.SimpleCacheConfiguration unknown cache type (CacheCondition)

   TaskExecutorConfigurations.SimpleAsyncTaskExecutorBuilderConfiguration#simpleAsyncTaskExecutorBuilderVirtualThreads:
      Did not match:
         - @ConditionalOnMissingBean (types: org.springframework.boot.task.SimpleAsyncTaskExecutorBuilder; SearchStrategy: all) found beans of type 'org.springframework.boot.task.SimpleAsyncTaskExecutorBuilder' simpleAsyncTaskExecutorBuilder (OnBeanCondition)

   TaskExecutorConfigurations.TaskExecutorConfiguration#applicationTaskExecutorVirtualThreads:
      Did not match:
         - @ConditionalOnThreading did not find VIRTUAL (OnThreadingCondition)

   ThymeleafAutoConfiguration:
      Did not match:
         - @ConditionalOnClass did not find required class 'org.thymeleaf.spring6.SpringTemplateEngine' (OnClassCondition)

   UserDetailsServiceAutoConfiguration:
      Did not match:
         - @ConditionalOnClass did not find required class 'org.springframework.security.authentication.AuthenticationManager' (OnClassCondition)

   WebMvcAutoConfiguration#hiddenHttpMethodFilter:
      Did not match:
         - @ConditionalOnProperty (spring.mvc.hiddenmethod.filter.enabled) did not find property 'enabled' (OnPropertyCondition)

   WebMvcAutoConfiguration.ProblemDetailsErrorHandlingConfiguration:
      Did not match:
         - @ConditionalOnProperty (spring.mvc.problemdetails.enabled=true) did not find property 'enabled' (OnPropertyCondition)

   WebMvcAutoConfiguration.ResourceChainCustomizerConfiguration:
      Did not match:
         - @ConditionalOnEnabledResourceChain did not find class org.webjars.WebJarAssetLocator (OnEnabledResourceChainCondition)

   WebMvcAutoConfiguration.WebMvcAutoConfigurationAdapter#beanNameViewResolver:
      Did not match:
         - @ConditionalOnMissingBean (types: org.springframework.web.servlet.view.BeanNameViewResolver; SearchStrategy: all) found beans of type 'org.springframework.web.servlet.view.BeanNameViewResolver' beanNameViewResolver (OnBeanCondition)

   WebTestClientAutoConfiguration:
      Did not match:
         - @ConditionalOnClass did not find required class 'org.springframework.web.reactive.function.client.WebClient' (OnClassCondition)


Exclusions:
-----------

    None


Unconditional classes:
----------------------

    None



2024-10-19T19:42:53.405-03:00  INFO 15492 --- [biblioteca-ms-libros] [           main] c.e.b.controller.LibroControllerTest     : Started LibroControllerTest in 1.404 seconds (process running for 15.993)
2024-10-19T19:42:53.405-03:00 DEBUG 15492 --- [biblioteca-ms-libros] [           main] org.springframework.test.context.cache   : Spring test ApplicationContext cache statistics: [DefaultContextCache@63574d76 size = 2, maxSize = 32, parentContextCount = 0, hitCount = 12, missCount = 2, failureCount = 0]
2024-10-19T19:42:53.415-03:00 DEBUG 15492 --- [biblioteca-ms-libros] [           main] DependencyInjectionTestExecutionListener : Performing dependency injection for test class com.example.biblioteca_ms_libros.controller.LibroControllerTest
2024-10-19T19:42:53.415-03:00 DEBUG 15492 --- [biblioteca-ms-libros] [           main] org.springframework.test.context.cache   : Spring test ApplicationContext cache statistics: [DefaultContextCache@63574d76 size = 2, maxSize = 32, parentContextCount = 0, hitCount = 13, missCount = 2, failureCount = 0]
2024-10-19T19:42:53.415-03:00 DEBUG 15492 --- [biblioteca-ms-libros] [           main] org.springframework.test.context.cache   : Spring test ApplicationContext cache statistics: [DefaultContextCache@63574d76 size = 2, maxSize = 32, parentContextCount = 0, hitCount = 14, missCount = 2, failureCount = 0]
2024-10-19T19:42:53.432-03:00 DEBUG 15492 --- [biblioteca-ms-libros] [           main] sContextBeforeModesTestExecutionListener : Before test method: class [LibroControllerTest], method [getAllLibrosTest], class annotated with @DirtiesContext [false] with mode [null], method annotated with @DirtiesContext [false] with mode [null]
2024-10-19T19:42:53.440-03:00 DEBUG 15492 --- [biblioteca-ms-libros] [           main] org.springframework.test.context.cache   : Spring test ApplicationContext cache statistics: [DefaultContextCache@63574d76 size = 2, maxSize = 32, parentContextCount = 0, hitCount = 15, missCount = 2, failureCount = 0]
2024-10-19T19:42:53.440-03:00 DEBUG 15492 --- [biblioteca-ms-libros] [           main] org.springframework.test.context.cache   : Spring test ApplicationContext cache statistics: [DefaultContextCache@63574d76 size = 2, maxSize = 32, parentContextCount = 0, hitCount = 16, missCount = 2, failureCount = 0]
2024-10-19T19:42:53.449-03:00 DEBUG 15492 --- [biblioteca-ms-libros] [           main] org.springframework.test.context.cache   : Spring test ApplicationContext cache statistics: [DefaultContextCache@63574d76 size = 2, maxSize = 32, parentContextCount = 0, hitCount = 17, missCount = 2, failureCount = 0]
2024-10-19T19:42:53.704-03:00 DEBUG 15492 --- [biblioteca-ms-libros] [           main] o.s.t.web.servlet.TestDispatcherServlet  : GET "/libros", parameters={}
2024-10-19T19:42:53.752-03:00 DEBUG 15492 --- [biblioteca-ms-libros] [           main] s.w.s.m.m.a.RequestMappingHandlerMapping : Mapped to com.example.biblioteca_ms_libros.controller.LibroController#getAllLibros()
2024-10-19T19:42:53.804-03:00  INFO 15492 --- [biblioteca-ms-libros] [           main] c.e.b.controller.LibroController         : GET /libros
2024-10-19T19:42:53.814-03:00  INFO 15492 --- [biblioteca-ms-libros] [           main] c.e.b.controller.LibroController         : Devuelve la informacion de todos los libros
2024-10-19T19:42:54.172-03:00 DEBUG 15492 --- [biblioteca-ms-libros] [           main] m.m.a.RequestResponseBodyMethodProcessor : Using 'application/hal+json', given [*/*] and supported [application/hal+json, application/json, application/*+json]
2024-10-19T19:42:54.195-03:00 DEBUG 15492 --- [biblioteca-ms-libros] [           main] m.m.a.RequestResponseBodyMethodProcessor : Writing [CollectionModel { content: [EntityModel { content: com.example.biblioteca_ms_libros.model.Libro@17f4 (truncated)...]
2024-10-19T19:42:54.292-03:00 DEBUG 15492 --- [biblioteca-ms-libros] [           main] o.s.t.web.servlet.TestDispatcherServlet  : Completed 200 OK
2024-10-19T19:42:54.305-03:00 DEBUG 15492 --- [biblioteca-ms-libros] [           main] org.springframework.test.context.cache   : Spring test ApplicationContext cache statistics: [DefaultContextCache@63574d76 size = 2, maxSize = 32, parentContextCount = 0, hitCount = 18, missCount = 2, failureCount = 0]
2024-10-19T19:42:54.306-03:00 DEBUG 15492 --- [biblioteca-ms-libros] [           main] org.springframework.test.context.cache   : Spring test ApplicationContext cache statistics: [DefaultContextCache@63574d76 size = 2, maxSize = 32, parentContextCount = 0, hitCount = 19, missCount = 2, failureCount = 0]
2024-10-19T19:42:54.306-03:00 DEBUG 15492 --- [biblioteca-ms-libros] [           main] org.springframework.test.context.cache   : Spring test ApplicationContext cache statistics: [DefaultContextCache@63574d76 size = 2, maxSize = 32, parentContextCount = 0, hitCount = 20, missCount = 2, failureCount = 0]
2024-10-19T19:42:54.306-03:00 DEBUG 15492 --- [biblioteca-ms-libros] [           main] org.springframework.test.context.cache   : Spring test ApplicationContext cache statistics: [DefaultContextCache@63574d76 size = 2, maxSize = 32, parentContextCount = 0, hitCount = 21, missCount = 2, failureCount = 0]
2024-10-19T19:42:54.307-03:00 DEBUG 15492 --- [biblioteca-ms-libros] [           main] org.springframework.test.context.cache   : Spring test ApplicationContext cache statistics: [DefaultContextCache@63574d76 size = 2, maxSize = 32, parentContextCount = 0, hitCount = 22, missCount = 2, failureCount = 0]
2024-10-19T19:42:54.310-03:00 DEBUG 15492 --- [biblioteca-ms-libros] [           main] org.springframework.test.context.cache   : Spring test ApplicationContext cache statistics: [DefaultContextCache@63574d76 size = 2, maxSize = 32, parentContextCount = 0, hitCount = 23, missCount = 2, failureCount = 0]
2024-10-19T19:42:54.311-03:00 DEBUG 15492 --- [biblioteca-ms-libros] [           main] .c.s.DirtiesContextTestExecutionListener : After test method: class [LibroControllerTest], method [getAllLibrosTest], class annotated with @DirtiesContext [false] with mode [null], method annotated with @DirtiesContext [false] with mode [null]
]]></system-out>
  </testcase>
  <testcase name="getLibroByIdTest" classname="com.example.biblioteca_ms_libros.controller.LibroControllerTest" time="0.047">
    <system-out><![CDATA[2024-10-19T19:42:54.317-03:00 DEBUG 15492 --- [biblioteca-ms-libros] [           main] org.springframework.test.context.cache   : Spring test ApplicationContext cache statistics: [DefaultContextCache@63574d76 size = 2, maxSize = 32, parentContextCount = 0, hitCount = 24, missCount = 2, failureCount = 0]
2024-10-19T19:42:54.319-03:00 DEBUG 15492 --- [biblioteca-ms-libros] [           main] DependencyInjectionTestExecutionListener : Performing dependency injection for test class com.example.biblioteca_ms_libros.controller.LibroControllerTest
2024-10-19T19:42:54.319-03:00 DEBUG 15492 --- [biblioteca-ms-libros] [           main] org.springframework.test.context.cache   : Spring test ApplicationContext cache statistics: [DefaultContextCache@63574d76 size = 2, maxSize = 32, parentContextCount = 0, hitCount = 25, missCount = 2, failureCount = 0]
2024-10-19T19:42:54.320-03:00 DEBUG 15492 --- [biblioteca-ms-libros] [           main] org.springframework.test.context.cache   : Spring test ApplicationContext cache statistics: [DefaultContextCache@63574d76 size = 2, maxSize = 32, parentContextCount = 0, hitCount = 26, missCount = 2, failureCount = 0]
2024-10-19T19:42:54.323-03:00 DEBUG 15492 --- [biblioteca-ms-libros] [           main] sContextBeforeModesTestExecutionListener : Before test method: class [LibroControllerTest], method [getLibroByIdTest], class annotated with @DirtiesContext [false] with mode [null], method annotated with @DirtiesContext [false] with mode [null]
2024-10-19T19:42:54.325-03:00 DEBUG 15492 --- [biblioteca-ms-libros] [           main] org.springframework.test.context.cache   : Spring test ApplicationContext cache statistics: [DefaultContextCache@63574d76 size = 2, maxSize = 32, parentContextCount = 0, hitCount = 27, missCount = 2, failureCount = 0]
2024-10-19T19:42:54.325-03:00 DEBUG 15492 --- [biblioteca-ms-libros] [           main] org.springframework.test.context.cache   : Spring test ApplicationContext cache statistics: [DefaultContextCache@63574d76 size = 2, maxSize = 32, parentContextCount = 0, hitCount = 28, missCount = 2, failureCount = 0]
2024-10-19T19:42:54.327-03:00 DEBUG 15492 --- [biblioteca-ms-libros] [           main] org.springframework.test.context.cache   : Spring test ApplicationContext cache statistics: [DefaultContextCache@63574d76 size = 2, maxSize = 32, parentContextCount = 0, hitCount = 29, missCount = 2, failureCount = 0]
2024-10-19T19:42:54.336-03:00 DEBUG 15492 --- [biblioteca-ms-libros] [           main] o.s.t.web.servlet.TestDispatcherServlet  : GET "/libros/1", parameters={}
2024-10-19T19:42:54.337-03:00 DEBUG 15492 --- [biblioteca-ms-libros] [           main] s.w.s.m.m.a.RequestMappingHandlerMapping : Mapped to com.example.biblioteca_ms_libros.controller.LibroController#getLibroById(Long)
2024-10-19T19:42:54.348-03:00  INFO 15492 --- [biblioteca-ms-libros] [           main] c.e.b.controller.LibroController         : GET /libros/{idLibro}
2024-10-19T19:42:54.348-03:00  INFO 15492 --- [biblioteca-ms-libros] [           main] c.e.b.controller.LibroController         : Se ejecuta getLibroById: 1
2024-10-19T19:42:54.349-03:00  INFO 15492 --- [biblioteca-ms-libros] [           main] c.e.b.controller.LibroController         : Se encontró el libro con ID 1
2024-10-19T19:42:54.361-03:00 DEBUG 15492 --- [biblioteca-ms-libros] [           main] m.m.a.RequestResponseBodyMethodProcessor : Using 'application/hal+json', given [*/*] and supported [application/hal+json, application/json, application/*+json]
2024-10-19T19:42:54.362-03:00 DEBUG 15492 --- [biblioteca-ms-libros] [           main] m.m.a.RequestResponseBodyMethodProcessor : Writing [EntityModel { content: com.example.biblioteca_ms_libros.model.Libro@50e7f88b, links: [<http://localh (truncated)...]
2024-10-19T19:42:54.363-03:00 DEBUG 15492 --- [biblioteca-ms-libros] [           main] o.s.t.web.servlet.TestDispatcherServlet  : Completed 200 OK
2024-10-19T19:42:54.365-03:00 DEBUG 15492 --- [biblioteca-ms-libros] [           main] org.springframework.test.context.cache   : Spring test ApplicationContext cache statistics: [DefaultContextCache@63574d76 size = 2, maxSize = 32, parentContextCount = 0, hitCount = 30, missCount = 2, failureCount = 0]
2024-10-19T19:42:54.365-03:00 DEBUG 15492 --- [biblioteca-ms-libros] [           main] org.springframework.test.context.cache   : Spring test ApplicationContext cache statistics: [DefaultContextCache@63574d76 size = 2, maxSize = 32, parentContextCount = 0, hitCount = 31, missCount = 2, failureCount = 0]
2024-10-19T19:42:54.365-03:00 DEBUG 15492 --- [biblioteca-ms-libros] [           main] org.springframework.test.context.cache   : Spring test ApplicationContext cache statistics: [DefaultContextCache@63574d76 size = 2, maxSize = 32, parentContextCount = 0, hitCount = 32, missCount = 2, failureCount = 0]
2024-10-19T19:42:54.365-03:00 DEBUG 15492 --- [biblioteca-ms-libros] [           main] org.springframework.test.context.cache   : Spring test ApplicationContext cache statistics: [DefaultContextCache@63574d76 size = 2, maxSize = 32, parentContextCount = 0, hitCount = 33, missCount = 2, failureCount = 0]
2024-10-19T19:42:54.366-03:00 DEBUG 15492 --- [biblioteca-ms-libros] [           main] org.springframework.test.context.cache   : Spring test ApplicationContext cache statistics: [DefaultContextCache@63574d76 size = 2, maxSize = 32, parentContextCount = 0, hitCount = 34, missCount = 2, failureCount = 0]
2024-10-19T19:42:54.369-03:00 DEBUG 15492 --- [biblioteca-ms-libros] [           main] org.springframework.test.context.cache   : Spring test ApplicationContext cache statistics: [DefaultContextCache@63574d76 size = 2, maxSize = 32, parentContextCount = 0, hitCount = 35, missCount = 2, failureCount = 0]
2024-10-19T19:42:54.370-03:00 DEBUG 15492 --- [biblioteca-ms-libros] [           main] .c.s.DirtiesContextTestExecutionListener : After test method: class [LibroControllerTest], method [getLibroByIdTest], class annotated with @DirtiesContext [false] with mode [null], method annotated with @DirtiesContext [false] with mode [null]
]]></system-out>
  </testcase>
</testsuite>